2022-03-07 02:52:42,042 ERROR 56067 nodejs.ClusterClientNoResponseError: client no response in 6429972ms exceeding maxIdleTime 60000ms, maybe the connection is close on other side.
    at Timeout._onTimeout (/Users/chenzhitao/Desktop/rango/rango-low-code/rango-low-code-server/node_modules/cluster-client/lib/leader.js:77:23)
    at listOnTimeout (node:internal/timers:559:17)
    at processTimers (node:internal/timers:502:7)
name: "ClusterClientNoResponseError"
pid: 56067
hostname: C02D45U7MD6T

2022-03-07 02:52:42,042 ERROR 56067 nodejs.ClusterClientNoResponseError: client no response in 6429972ms exceeding maxIdleTime 60000ms, maybe the connection is close on other side.
    at Timeout._onTimeout (/Users/chenzhitao/Desktop/rango/rango-low-code/rango-low-code-server/node_modules/cluster-client/lib/leader.js:77:23)
    at listOnTimeout (node:internal/timers:559:17)
    at processTimers (node:internal/timers:502:7)
name: "ClusterClientNoResponseError"
pid: 56067
hostname: C02D45U7MD6T

2022-03-07 02:52:42,042 ERROR 56067 nodejs.ClusterClientNoResponseError: client no response in 6429962ms exceeding maxIdleTime 60000ms, maybe the connection is close on other side.
    at Timeout._onTimeout (/Users/chenzhitao/Desktop/rango/rango-low-code/rango-low-code-server/node_modules/cluster-client/lib/leader.js:77:23)
    at listOnTimeout (node:internal/timers:559:17)
    at processTimers (node:internal/timers:502:7)
name: "ClusterClientNoResponseError"
pid: 56067
hostname: C02D45U7MD6T

2022-03-07 02:52:42,042 ERROR 56067 nodejs.ClusterClientNoResponseError: client no response in 6429973ms exceeding maxIdleTime 60000ms, maybe the connection is close on other side.
    at Timeout._onTimeout (/Users/chenzhitao/Desktop/rango/rango-low-code/rango-low-code-server/node_modules/cluster-client/lib/leader.js:77:23)
    at listOnTimeout (node:internal/timers:559:17)
    at processTimers (node:internal/timers:502:7)
name: "ClusterClientNoResponseError"
pid: 56067
hostname: C02D45U7MD6T

2022-03-07 02:52:42,042 ERROR 56067 nodejs.ClusterClientNoResponseError: client no response in 6429972ms exceeding maxIdleTime 60000ms, maybe the connection is close on other side.
    at Timeout._onTimeout (/Users/chenzhitao/Desktop/rango/rango-low-code/rango-low-code-server/node_modules/cluster-client/lib/leader.js:77:23)
    at listOnTimeout (node:internal/timers:559:17)
    at processTimers (node:internal/timers:502:7)
name: "ClusterClientNoResponseError"
pid: 56067
hostname: C02D45U7MD6T

2022-03-07 02:52:42,042 ERROR 56067 nodejs.ClusterClientNoResponseError: client no response in 6429973ms exceeding maxIdleTime 60000ms, maybe the connection is close on other side.
    at Timeout._onTimeout (/Users/chenzhitao/Desktop/rango/rango-low-code/rango-low-code-server/node_modules/cluster-client/lib/leader.js:77:23)
    at listOnTimeout (node:internal/timers:559:17)
    at processTimers (node:internal/timers:502:7)
name: "ClusterClientNoResponseError"
pid: 56067
hostname: C02D45U7MD6T

2022-03-07 02:52:42,042 ERROR 56067 nodejs.ClusterClientNoResponseError: client no response in 6429963ms exceeding maxIdleTime 60000ms, maybe the connection is close on other side.
    at Timeout._onTimeout (/Users/chenzhitao/Desktop/rango/rango-low-code/rango-low-code-server/node_modules/cluster-client/lib/leader.js:77:23)
    at listOnTimeout (node:internal/timers:559:17)
    at processTimers (node:internal/timers:502:7)
name: "ClusterClientNoResponseError"
pid: 56067
hostname: C02D45U7MD6T

2022-03-07 02:52:42,042 ERROR 56067 nodejs.ClusterClientNoResponseError: client no response in 6429968ms exceeding maxIdleTime 60000ms, maybe the connection is close on other side.
    at Timeout._onTimeout (/Users/chenzhitao/Desktop/rango/rango-low-code/rango-low-code-server/node_modules/cluster-client/lib/leader.js:77:23)
    at listOnTimeout (node:internal/timers:559:17)
    at processTimers (node:internal/timers:502:7)
name: "ClusterClientNoResponseError"
pid: 56067
hostname: C02D45U7MD6T

2022-03-07 02:52:42,042 ERROR 56067 nodejs.ClusterClientNoResponseError: client no response in 6429963ms exceeding maxIdleTime 60000ms, maybe the connection is close on other side.
    at Timeout._onTimeout (/Users/chenzhitao/Desktop/rango/rango-low-code/rango-low-code-server/node_modules/cluster-client/lib/leader.js:77:23)
    at listOnTimeout (node:internal/timers:559:17)
    at processTimers (node:internal/timers:502:7)
name: "ClusterClientNoResponseError"
pid: 56067
hostname: C02D45U7MD6T

2022-03-07 02:52:42,042 ERROR 56067 nodejs.ClusterClientNoResponseError: client no response in 6429963ms exceeding maxIdleTime 60000ms, maybe the connection is close on other side.
    at Timeout._onTimeout (/Users/chenzhitao/Desktop/rango/rango-low-code/rango-low-code-server/node_modules/cluster-client/lib/leader.js:77:23)
    at listOnTimeout (node:internal/timers:559:17)
    at processTimers (node:internal/timers:502:7)
name: "ClusterClientNoResponseError"
pid: 56067
hostname: C02D45U7MD6T

2022-03-07 02:52:42,042 ERROR 56067 nodejs.ClusterClientNoResponseError: client no response in 6429963ms exceeding maxIdleTime 60000ms, maybe the connection is close on other side.
    at Timeout._onTimeout (/Users/chenzhitao/Desktop/rango/rango-low-code/rango-low-code-server/node_modules/cluster-client/lib/leader.js:77:23)
    at listOnTimeout (node:internal/timers:559:17)
    at processTimers (node:internal/timers:502:7)
name: "ClusterClientNoResponseError"
pid: 56067
hostname: C02D45U7MD6T

2022-03-07 02:52:42,042 ERROR 56067 nodejs.ClusterClientNoResponseError: client no response in 6429963ms exceeding maxIdleTime 60000ms, maybe the connection is close on other side.
    at Timeout._onTimeout (/Users/chenzhitao/Desktop/rango/rango-low-code/rango-low-code-server/node_modules/cluster-client/lib/leader.js:77:23)
    at listOnTimeout (node:internal/timers:559:17)
    at processTimers (node:internal/timers:502:7)
name: "ClusterClientNoResponseError"
pid: 56067
hostname: C02D45U7MD6T

2022-03-07 02:52:42,042 ERROR 56067 nodejs.ClusterClientNoResponseError: client no response in 6429962ms exceeding maxIdleTime 60000ms, maybe the connection is close on other side.
    at Timeout._onTimeout (/Users/chenzhitao/Desktop/rango/rango-low-code/rango-low-code-server/node_modules/cluster-client/lib/leader.js:77:23)
    at listOnTimeout (node:internal/timers:559:17)
    at processTimers (node:internal/timers:502:7)
name: "ClusterClientNoResponseError"
pid: 56067
hostname: C02D45U7MD6T

2022-03-07 02:52:42,042 ERROR 56067 nodejs.ClusterClientNoResponseError: client no response in 6429972ms exceeding maxIdleTime 60000ms, maybe the connection is close on other side.
    at Timeout._onTimeout (/Users/chenzhitao/Desktop/rango/rango-low-code/rango-low-code-server/node_modules/cluster-client/lib/leader.js:77:23)
    at listOnTimeout (node:internal/timers:559:17)
    at processTimers (node:internal/timers:502:7)
name: "ClusterClientNoResponseError"
pid: 56067
hostname: C02D45U7MD6T

2022-03-07 02:52:42,042 ERROR 56067 nodejs.ClusterClientNoResponseError: client no response in 6429962ms exceeding maxIdleTime 60000ms, maybe the connection is close on other side.
    at Timeout._onTimeout (/Users/chenzhitao/Desktop/rango/rango-low-code/rango-low-code-server/node_modules/cluster-client/lib/leader.js:77:23)
    at listOnTimeout (node:internal/timers:559:17)
    at processTimers (node:internal/timers:502:7)
name: "ClusterClientNoResponseError"
pid: 56067
hostname: C02D45U7MD6T

2022-03-07 02:52:42,042 ERROR 56067 nodejs.ClusterClientNoResponseError: client no response in 6429963ms exceeding maxIdleTime 60000ms, maybe the connection is close on other side.
    at Timeout._onTimeout (/Users/chenzhitao/Desktop/rango/rango-low-code/rango-low-code-server/node_modules/cluster-client/lib/leader.js:77:23)
    at listOnTimeout (node:internal/timers:559:17)
    at processTimers (node:internal/timers:502:7)
name: "ClusterClientNoResponseError"
pid: 56067
hostname: C02D45U7MD6T

2022-03-07 04:40:52,049 ERROR 56067 nodejs.ClusterClientNoResponseError: client no response in 6429982ms exceeding maxIdleTime 60000ms, maybe the connection is close on other side.
    at Timeout._onTimeout (/Users/chenzhitao/Desktop/rango/rango-low-code/rango-low-code-server/node_modules/cluster-client/lib/leader.js:77:23)
    at listOnTimeout (node:internal/timers:559:17)
    at processTimers (node:internal/timers:502:7)
name: "ClusterClientNoResponseError"
pid: 56067
hostname: C02D45U7MD6T

2022-03-07 04:40:52,049 ERROR 56067 nodejs.ClusterClientNoResponseError: client no response in 6429982ms exceeding maxIdleTime 60000ms, maybe the connection is close on other side.
    at Timeout._onTimeout (/Users/chenzhitao/Desktop/rango/rango-low-code/rango-low-code-server/node_modules/cluster-client/lib/leader.js:77:23)
    at listOnTimeout (node:internal/timers:559:17)
    at processTimers (node:internal/timers:502:7)
name: "ClusterClientNoResponseError"
pid: 56067
hostname: C02D45U7MD6T

2022-03-07 04:40:52,049 ERROR 56067 nodejs.ClusterClientNoResponseError: client no response in 6429973ms exceeding maxIdleTime 60000ms, maybe the connection is close on other side.
    at Timeout._onTimeout (/Users/chenzhitao/Desktop/rango/rango-low-code/rango-low-code-server/node_modules/cluster-client/lib/leader.js:77:23)
    at listOnTimeout (node:internal/timers:559:17)
    at processTimers (node:internal/timers:502:7)
name: "ClusterClientNoResponseError"
pid: 56067
hostname: C02D45U7MD6T

2022-03-07 04:40:52,049 ERROR 56067 nodejs.ClusterClientNoResponseError: client no response in 6429980ms exceeding maxIdleTime 60000ms, maybe the connection is close on other side.
    at Timeout._onTimeout (/Users/chenzhitao/Desktop/rango/rango-low-code/rango-low-code-server/node_modules/cluster-client/lib/leader.js:77:23)
    at listOnTimeout (node:internal/timers:559:17)
    at processTimers (node:internal/timers:502:7)
name: "ClusterClientNoResponseError"
pid: 56067
hostname: C02D45U7MD6T

2022-03-07 04:40:52,049 ERROR 56067 nodejs.ClusterClientNoResponseError: client no response in 6429981ms exceeding maxIdleTime 60000ms, maybe the connection is close on other side.
    at Timeout._onTimeout (/Users/chenzhitao/Desktop/rango/rango-low-code/rango-low-code-server/node_modules/cluster-client/lib/leader.js:77:23)
    at listOnTimeout (node:internal/timers:559:17)
    at processTimers (node:internal/timers:502:7)
name: "ClusterClientNoResponseError"
pid: 56067
hostname: C02D45U7MD6T

2022-03-07 04:40:52,049 ERROR 56067 nodejs.ClusterClientNoResponseError: client no response in 6429981ms exceeding maxIdleTime 60000ms, maybe the connection is close on other side.
    at Timeout._onTimeout (/Users/chenzhitao/Desktop/rango/rango-low-code/rango-low-code-server/node_modules/cluster-client/lib/leader.js:77:23)
    at listOnTimeout (node:internal/timers:559:17)
    at processTimers (node:internal/timers:502:7)
name: "ClusterClientNoResponseError"
pid: 56067
hostname: C02D45U7MD6T

2022-03-07 04:40:52,049 ERROR 56067 nodejs.ClusterClientNoResponseError: client no response in 6429982ms exceeding maxIdleTime 60000ms, maybe the connection is close on other side.
    at Timeout._onTimeout (/Users/chenzhitao/Desktop/rango/rango-low-code/rango-low-code-server/node_modules/cluster-client/lib/leader.js:77:23)
    at listOnTimeout (node:internal/timers:559:17)
    at processTimers (node:internal/timers:502:7)
name: "ClusterClientNoResponseError"
pid: 56067
hostname: C02D45U7MD6T

2022-03-07 04:40:52,049 ERROR 56067 nodejs.ClusterClientNoResponseError: client no response in 6429980ms exceeding maxIdleTime 60000ms, maybe the connection is close on other side.
    at Timeout._onTimeout (/Users/chenzhitao/Desktop/rango/rango-low-code/rango-low-code-server/node_modules/cluster-client/lib/leader.js:77:23)
    at listOnTimeout (node:internal/timers:559:17)
    at processTimers (node:internal/timers:502:7)
name: "ClusterClientNoResponseError"
pid: 56067
hostname: C02D45U7MD6T

2022-03-07 04:40:52,049 ERROR 56067 nodejs.ClusterClientNoResponseError: client no response in 6429973ms exceeding maxIdleTime 60000ms, maybe the connection is close on other side.
    at Timeout._onTimeout (/Users/chenzhitao/Desktop/rango/rango-low-code/rango-low-code-server/node_modules/cluster-client/lib/leader.js:77:23)
    at listOnTimeout (node:internal/timers:559:17)
    at processTimers (node:internal/timers:502:7)
name: "ClusterClientNoResponseError"
pid: 56067
hostname: C02D45U7MD6T

2022-03-07 04:40:52,049 ERROR 56067 nodejs.ClusterClientNoResponseError: client no response in 6429981ms exceeding maxIdleTime 60000ms, maybe the connection is close on other side.
    at Timeout._onTimeout (/Users/chenzhitao/Desktop/rango/rango-low-code/rango-low-code-server/node_modules/cluster-client/lib/leader.js:77:23)
    at listOnTimeout (node:internal/timers:559:17)
    at processTimers (node:internal/timers:502:7)
name: "ClusterClientNoResponseError"
pid: 56067
hostname: C02D45U7MD6T

2022-03-07 04:40:52,049 ERROR 56067 nodejs.ClusterClientNoResponseError: client no response in 6429974ms exceeding maxIdleTime 60000ms, maybe the connection is close on other side.
    at Timeout._onTimeout (/Users/chenzhitao/Desktop/rango/rango-low-code/rango-low-code-server/node_modules/cluster-client/lib/leader.js:77:23)
    at listOnTimeout (node:internal/timers:559:17)
    at processTimers (node:internal/timers:502:7)
name: "ClusterClientNoResponseError"
pid: 56067
hostname: C02D45U7MD6T

2022-03-07 04:40:52,049 ERROR 56067 nodejs.ClusterClientNoResponseError: client no response in 6429980ms exceeding maxIdleTime 60000ms, maybe the connection is close on other side.
    at Timeout._onTimeout (/Users/chenzhitao/Desktop/rango/rango-low-code/rango-low-code-server/node_modules/cluster-client/lib/leader.js:77:23)
    at listOnTimeout (node:internal/timers:559:17)
    at processTimers (node:internal/timers:502:7)
name: "ClusterClientNoResponseError"
pid: 56067
hostname: C02D45U7MD6T

2022-03-07 04:40:52,049 ERROR 56067 nodejs.ClusterClientNoResponseError: client no response in 6429980ms exceeding maxIdleTime 60000ms, maybe the connection is close on other side.
    at Timeout._onTimeout (/Users/chenzhitao/Desktop/rango/rango-low-code/rango-low-code-server/node_modules/cluster-client/lib/leader.js:77:23)
    at listOnTimeout (node:internal/timers:559:17)
    at processTimers (node:internal/timers:502:7)
name: "ClusterClientNoResponseError"
pid: 56067
hostname: C02D45U7MD6T

2022-03-07 04:40:52,049 ERROR 56067 nodejs.ClusterClientNoResponseError: client no response in 6429980ms exceeding maxIdleTime 60000ms, maybe the connection is close on other side.
    at Timeout._onTimeout (/Users/chenzhitao/Desktop/rango/rango-low-code/rango-low-code-server/node_modules/cluster-client/lib/leader.js:77:23)
    at listOnTimeout (node:internal/timers:559:17)
    at processTimers (node:internal/timers:502:7)
name: "ClusterClientNoResponseError"
pid: 56067
hostname: C02D45U7MD6T

2022-03-07 04:40:52,049 ERROR 56067 nodejs.ClusterClientNoResponseError: client no response in 6429973ms exceeding maxIdleTime 60000ms, maybe the connection is close on other side.
    at Timeout._onTimeout (/Users/chenzhitao/Desktop/rango/rango-low-code/rango-low-code-server/node_modules/cluster-client/lib/leader.js:77:23)
    at listOnTimeout (node:internal/timers:559:17)
    at processTimers (node:internal/timers:502:7)
name: "ClusterClientNoResponseError"
pid: 56067
hostname: C02D45U7MD6T

2022-03-07 04:40:52,049 ERROR 56067 nodejs.ClusterClientNoResponseError: client no response in 6429981ms exceeding maxIdleTime 60000ms, maybe the connection is close on other side.
    at Timeout._onTimeout (/Users/chenzhitao/Desktop/rango/rango-low-code/rango-low-code-server/node_modules/cluster-client/lib/leader.js:77:23)
    at listOnTimeout (node:internal/timers:559:17)
    at processTimers (node:internal/timers:502:7)
name: "ClusterClientNoResponseError"
pid: 56067
hostname: C02D45U7MD6T

2022-03-07 06:29:02,043 ERROR 56067 nodejs.ClusterClientNoResponseError: client no response in 6429970ms exceeding maxIdleTime 60000ms, maybe the connection is close on other side.
    at Timeout._onTimeout (/Users/chenzhitao/Desktop/rango/rango-low-code/rango-low-code-server/node_modules/cluster-client/lib/leader.js:77:23)
    at listOnTimeout (node:internal/timers:559:17)
    at processTimers (node:internal/timers:502:7)
name: "ClusterClientNoResponseError"
pid: 56067
hostname: C02D45U7MD6T

2022-03-07 06:29:02,043 ERROR 56067 nodejs.ClusterClientNoResponseError: client no response in 6429970ms exceeding maxIdleTime 60000ms, maybe the connection is close on other side.
    at Timeout._onTimeout (/Users/chenzhitao/Desktop/rango/rango-low-code/rango-low-code-server/node_modules/cluster-client/lib/leader.js:77:23)
    at listOnTimeout (node:internal/timers:559:17)
    at processTimers (node:internal/timers:502:7)
name: "ClusterClientNoResponseError"
pid: 56067
hostname: C02D45U7MD6T

2022-03-07 06:29:02,043 ERROR 56067 nodejs.ClusterClientNoResponseError: client no response in 6429971ms exceeding maxIdleTime 60000ms, maybe the connection is close on other side.
    at Timeout._onTimeout (/Users/chenzhitao/Desktop/rango/rango-low-code/rango-low-code-server/node_modules/cluster-client/lib/leader.js:77:23)
    at listOnTimeout (node:internal/timers:559:17)
    at processTimers (node:internal/timers:502:7)
name: "ClusterClientNoResponseError"
pid: 56067
hostname: C02D45U7MD6T

2022-03-07 06:29:02,043 ERROR 56067 nodejs.ClusterClientNoResponseError: client no response in 6429970ms exceeding maxIdleTime 60000ms, maybe the connection is close on other side.
    at Timeout._onTimeout (/Users/chenzhitao/Desktop/rango/rango-low-code/rango-low-code-server/node_modules/cluster-client/lib/leader.js:77:23)
    at listOnTimeout (node:internal/timers:559:17)
    at processTimers (node:internal/timers:502:7)
name: "ClusterClientNoResponseError"
pid: 56067
hostname: C02D45U7MD6T

2022-03-07 06:29:02,043 ERROR 56067 nodejs.ClusterClientNoResponseError: client no response in 6429969ms exceeding maxIdleTime 60000ms, maybe the connection is close on other side.
    at Timeout._onTimeout (/Users/chenzhitao/Desktop/rango/rango-low-code/rango-low-code-server/node_modules/cluster-client/lib/leader.js:77:23)
    at listOnTimeout (node:internal/timers:559:17)
    at processTimers (node:internal/timers:502:7)
name: "ClusterClientNoResponseError"
pid: 56067
hostname: C02D45U7MD6T

2022-03-07 06:29:02,045 ERROR 56067 nodejs.ClusterClientNoResponseError: client no response in 6429971ms exceeding maxIdleTime 60000ms, maybe the connection is close on other side.
    at Timeout._onTimeout (/Users/chenzhitao/Desktop/rango/rango-low-code/rango-low-code-server/node_modules/cluster-client/lib/leader.js:77:23)
    at listOnTimeout (node:internal/timers:559:17)
    at processTimers (node:internal/timers:502:7)
name: "ClusterClientNoResponseError"
pid: 56067
hostname: C02D45U7MD6T

2022-03-07 06:29:02,045 ERROR 56067 nodejs.ClusterClientNoResponseError: client no response in 6429969ms exceeding maxIdleTime 60000ms, maybe the connection is close on other side.
    at Timeout._onTimeout (/Users/chenzhitao/Desktop/rango/rango-low-code/rango-low-code-server/node_modules/cluster-client/lib/leader.js:77:23)
    at listOnTimeout (node:internal/timers:559:17)
    at processTimers (node:internal/timers:502:7)
name: "ClusterClientNoResponseError"
pid: 56067
hostname: C02D45U7MD6T

2022-03-07 06:29:02,045 ERROR 56067 nodejs.ClusterClientNoResponseError: client no response in 6429970ms exceeding maxIdleTime 60000ms, maybe the connection is close on other side.
    at Timeout._onTimeout (/Users/chenzhitao/Desktop/rango/rango-low-code/rango-low-code-server/node_modules/cluster-client/lib/leader.js:77:23)
    at listOnTimeout (node:internal/timers:559:17)
    at processTimers (node:internal/timers:502:7)
name: "ClusterClientNoResponseError"
pid: 56067
hostname: C02D45U7MD6T

2022-03-07 06:29:02,045 ERROR 56067 nodejs.ClusterClientNoResponseError: client no response in 6429971ms exceeding maxIdleTime 60000ms, maybe the connection is close on other side.
    at Timeout._onTimeout (/Users/chenzhitao/Desktop/rango/rango-low-code/rango-low-code-server/node_modules/cluster-client/lib/leader.js:77:23)
    at listOnTimeout (node:internal/timers:559:17)
    at processTimers (node:internal/timers:502:7)
name: "ClusterClientNoResponseError"
pid: 56067
hostname: C02D45U7MD6T

2022-03-07 06:29:02,045 ERROR 56067 nodejs.ClusterClientNoResponseError: client no response in 6429970ms exceeding maxIdleTime 60000ms, maybe the connection is close on other side.
    at Timeout._onTimeout (/Users/chenzhitao/Desktop/rango/rango-low-code/rango-low-code-server/node_modules/cluster-client/lib/leader.js:77:23)
    at listOnTimeout (node:internal/timers:559:17)
    at processTimers (node:internal/timers:502:7)
name: "ClusterClientNoResponseError"
pid: 56067
hostname: C02D45U7MD6T

2022-03-07 06:29:02,045 ERROR 56067 nodejs.ClusterClientNoResponseError: client no response in 6429971ms exceeding maxIdleTime 60000ms, maybe the connection is close on other side.
    at Timeout._onTimeout (/Users/chenzhitao/Desktop/rango/rango-low-code/rango-low-code-server/node_modules/cluster-client/lib/leader.js:77:23)
    at listOnTimeout (node:internal/timers:559:17)
    at processTimers (node:internal/timers:502:7)
name: "ClusterClientNoResponseError"
pid: 56067
hostname: C02D45U7MD6T

2022-03-07 06:29:02,046 ERROR 56067 nodejs.ClusterClientNoResponseError: client no response in 6429971ms exceeding maxIdleTime 60000ms, maybe the connection is close on other side.
    at Timeout._onTimeout (/Users/chenzhitao/Desktop/rango/rango-low-code/rango-low-code-server/node_modules/cluster-client/lib/leader.js:77:23)
    at listOnTimeout (node:internal/timers:559:17)
    at processTimers (node:internal/timers:502:7)
name: "ClusterClientNoResponseError"
pid: 56067
hostname: C02D45U7MD6T

2022-03-07 06:29:02,046 ERROR 56067 nodejs.ClusterClientNoResponseError: client no response in 6429969ms exceeding maxIdleTime 60000ms, maybe the connection is close on other side.
    at Timeout._onTimeout (/Users/chenzhitao/Desktop/rango/rango-low-code/rango-low-code-server/node_modules/cluster-client/lib/leader.js:77:23)
    at listOnTimeout (node:internal/timers:559:17)
    at processTimers (node:internal/timers:502:7)
name: "ClusterClientNoResponseError"
pid: 56067
hostname: C02D45U7MD6T

2022-03-07 06:29:02,046 ERROR 56067 nodejs.ClusterClientNoResponseError: client no response in 6429969ms exceeding maxIdleTime 60000ms, maybe the connection is close on other side.
    at Timeout._onTimeout (/Users/chenzhitao/Desktop/rango/rango-low-code/rango-low-code-server/node_modules/cluster-client/lib/leader.js:77:23)
    at listOnTimeout (node:internal/timers:559:17)
    at processTimers (node:internal/timers:502:7)
name: "ClusterClientNoResponseError"
pid: 56067
hostname: C02D45U7MD6T

2022-03-07 06:29:02,046 ERROR 56067 nodejs.ClusterClientNoResponseError: client no response in 6429971ms exceeding maxIdleTime 60000ms, maybe the connection is close on other side.
    at Timeout._onTimeout (/Users/chenzhitao/Desktop/rango/rango-low-code/rango-low-code-server/node_modules/cluster-client/lib/leader.js:77:23)
    at listOnTimeout (node:internal/timers:559:17)
    at processTimers (node:internal/timers:502:7)
name: "ClusterClientNoResponseError"
pid: 56067
hostname: C02D45U7MD6T

2022-03-07 06:29:02,046 ERROR 56067 nodejs.ClusterClientNoResponseError: client no response in 6429959ms exceeding maxIdleTime 60000ms, maybe the connection is close on other side.
    at Timeout._onTimeout (/Users/chenzhitao/Desktop/rango/rango-low-code/rango-low-code-server/node_modules/cluster-client/lib/leader.js:77:23)
    at listOnTimeout (node:internal/timers:559:17)
    at processTimers (node:internal/timers:502:7)
name: "ClusterClientNoResponseError"
pid: 56067
hostname: C02D45U7MD6T

2022-03-07 08:17:11,046 ERROR 56067 nodejs.ClusterClientNoResponseError: client no response in 6428970ms exceeding maxIdleTime 60000ms, maybe the connection is close on other side.
    at Timeout._onTimeout (/Users/chenzhitao/Desktop/rango/rango-low-code/rango-low-code-server/node_modules/cluster-client/lib/leader.js:77:23)
    at listOnTimeout (node:internal/timers:559:17)
    at processTimers (node:internal/timers:502:7)
name: "ClusterClientNoResponseError"
pid: 56067
hostname: C02D45U7MD6T

2022-03-07 08:17:11,046 ERROR 56067 nodejs.ClusterClientNoResponseError: client no response in 6428970ms exceeding maxIdleTime 60000ms, maybe the connection is close on other side.
    at Timeout._onTimeout (/Users/chenzhitao/Desktop/rango/rango-low-code/rango-low-code-server/node_modules/cluster-client/lib/leader.js:77:23)
    at listOnTimeout (node:internal/timers:559:17)
    at processTimers (node:internal/timers:502:7)
name: "ClusterClientNoResponseError"
pid: 56067
hostname: C02D45U7MD6T

2022-03-07 08:17:11,046 ERROR 56067 nodejs.ClusterClientNoResponseError: client no response in 6428969ms exceeding maxIdleTime 60000ms, maybe the connection is close on other side.
    at Timeout._onTimeout (/Users/chenzhitao/Desktop/rango/rango-low-code/rango-low-code-server/node_modules/cluster-client/lib/leader.js:77:23)
    at listOnTimeout (node:internal/timers:559:17)
    at processTimers (node:internal/timers:502:7)
name: "ClusterClientNoResponseError"
pid: 56067
hostname: C02D45U7MD6T

2022-03-07 08:17:11,046 ERROR 56067 nodejs.ClusterClientNoResponseError: client no response in 6428969ms exceeding maxIdleTime 60000ms, maybe the connection is close on other side.
    at Timeout._onTimeout (/Users/chenzhitao/Desktop/rango/rango-low-code/rango-low-code-server/node_modules/cluster-client/lib/leader.js:77:23)
    at listOnTimeout (node:internal/timers:559:17)
    at processTimers (node:internal/timers:502:7)
name: "ClusterClientNoResponseError"
pid: 56067
hostname: C02D45U7MD6T

2022-03-07 08:17:11,046 ERROR 56067 nodejs.ClusterClientNoResponseError: client no response in 6428969ms exceeding maxIdleTime 60000ms, maybe the connection is close on other side.
    at Timeout._onTimeout (/Users/chenzhitao/Desktop/rango/rango-low-code/rango-low-code-server/node_modules/cluster-client/lib/leader.js:77:23)
    at listOnTimeout (node:internal/timers:559:17)
    at processTimers (node:internal/timers:502:7)
name: "ClusterClientNoResponseError"
pid: 56067
hostname: C02D45U7MD6T

2022-03-07 08:17:11,046 ERROR 56067 nodejs.ClusterClientNoResponseError: client no response in 6428969ms exceeding maxIdleTime 60000ms, maybe the connection is close on other side.
    at Timeout._onTimeout (/Users/chenzhitao/Desktop/rango/rango-low-code/rango-low-code-server/node_modules/cluster-client/lib/leader.js:77:23)
    at listOnTimeout (node:internal/timers:559:17)
    at processTimers (node:internal/timers:502:7)
name: "ClusterClientNoResponseError"
pid: 56067
hostname: C02D45U7MD6T

2022-03-07 08:17:11,046 ERROR 56067 nodejs.ClusterClientNoResponseError: client no response in 6428976ms exceeding maxIdleTime 60000ms, maybe the connection is close on other side.
    at Timeout._onTimeout (/Users/chenzhitao/Desktop/rango/rango-low-code/rango-low-code-server/node_modules/cluster-client/lib/leader.js:77:23)
    at listOnTimeout (node:internal/timers:559:17)
    at processTimers (node:internal/timers:502:7)
name: "ClusterClientNoResponseError"
pid: 56067
hostname: C02D45U7MD6T

2022-03-07 08:17:11,046 ERROR 56067 nodejs.ClusterClientNoResponseError: client no response in 6428968ms exceeding maxIdleTime 60000ms, maybe the connection is close on other side.
    at Timeout._onTimeout (/Users/chenzhitao/Desktop/rango/rango-low-code/rango-low-code-server/node_modules/cluster-client/lib/leader.js:77:23)
    at listOnTimeout (node:internal/timers:559:17)
    at processTimers (node:internal/timers:502:7)
name: "ClusterClientNoResponseError"
pid: 56067
hostname: C02D45U7MD6T

2022-03-07 08:17:11,046 ERROR 56067 nodejs.ClusterClientNoResponseError: client no response in 6428969ms exceeding maxIdleTime 60000ms, maybe the connection is close on other side.
    at Timeout._onTimeout (/Users/chenzhitao/Desktop/rango/rango-low-code/rango-low-code-server/node_modules/cluster-client/lib/leader.js:77:23)
    at listOnTimeout (node:internal/timers:559:17)
    at processTimers (node:internal/timers:502:7)
name: "ClusterClientNoResponseError"
pid: 56067
hostname: C02D45U7MD6T

2022-03-07 08:17:11,046 ERROR 56067 nodejs.ClusterClientNoResponseError: client no response in 6428969ms exceeding maxIdleTime 60000ms, maybe the connection is close on other side.
    at Timeout._onTimeout (/Users/chenzhitao/Desktop/rango/rango-low-code/rango-low-code-server/node_modules/cluster-client/lib/leader.js:77:23)
    at listOnTimeout (node:internal/timers:559:17)
    at processTimers (node:internal/timers:502:7)
name: "ClusterClientNoResponseError"
pid: 56067
hostname: C02D45U7MD6T

2022-03-07 08:17:11,046 ERROR 56067 nodejs.ClusterClientNoResponseError: client no response in 6428970ms exceeding maxIdleTime 60000ms, maybe the connection is close on other side.
    at Timeout._onTimeout (/Users/chenzhitao/Desktop/rango/rango-low-code/rango-low-code-server/node_modules/cluster-client/lib/leader.js:77:23)
    at listOnTimeout (node:internal/timers:559:17)
    at processTimers (node:internal/timers:502:7)
name: "ClusterClientNoResponseError"
pid: 56067
hostname: C02D45U7MD6T

2022-03-07 08:17:11,046 ERROR 56067 nodejs.ClusterClientNoResponseError: client no response in 6428969ms exceeding maxIdleTime 60000ms, maybe the connection is close on other side.
    at Timeout._onTimeout (/Users/chenzhitao/Desktop/rango/rango-low-code/rango-low-code-server/node_modules/cluster-client/lib/leader.js:77:23)
    at listOnTimeout (node:internal/timers:559:17)
    at processTimers (node:internal/timers:502:7)
name: "ClusterClientNoResponseError"
pid: 56067
hostname: C02D45U7MD6T

2022-03-07 08:17:11,046 ERROR 56067 nodejs.ClusterClientNoResponseError: client no response in 6428968ms exceeding maxIdleTime 60000ms, maybe the connection is close on other side.
    at Timeout._onTimeout (/Users/chenzhitao/Desktop/rango/rango-low-code/rango-low-code-server/node_modules/cluster-client/lib/leader.js:77:23)
    at listOnTimeout (node:internal/timers:559:17)
    at processTimers (node:internal/timers:502:7)
name: "ClusterClientNoResponseError"
pid: 56067
hostname: C02D45U7MD6T

2022-03-07 08:17:11,046 ERROR 56067 nodejs.ClusterClientNoResponseError: client no response in 6428970ms exceeding maxIdleTime 60000ms, maybe the connection is close on other side.
    at Timeout._onTimeout (/Users/chenzhitao/Desktop/rango/rango-low-code/rango-low-code-server/node_modules/cluster-client/lib/leader.js:77:23)
    at listOnTimeout (node:internal/timers:559:17)
    at processTimers (node:internal/timers:502:7)
name: "ClusterClientNoResponseError"
pid: 56067
hostname: C02D45U7MD6T

2022-03-07 08:17:11,046 ERROR 56067 nodejs.ClusterClientNoResponseError: client no response in 6428969ms exceeding maxIdleTime 60000ms, maybe the connection is close on other side.
    at Timeout._onTimeout (/Users/chenzhitao/Desktop/rango/rango-low-code/rango-low-code-server/node_modules/cluster-client/lib/leader.js:77:23)
    at listOnTimeout (node:internal/timers:559:17)
    at processTimers (node:internal/timers:502:7)
name: "ClusterClientNoResponseError"
pid: 56067
hostname: C02D45U7MD6T

2022-03-07 08:17:11,046 ERROR 56067 nodejs.ClusterClientNoResponseError: client no response in 6428970ms exceeding maxIdleTime 60000ms, maybe the connection is close on other side.
    at Timeout._onTimeout (/Users/chenzhitao/Desktop/rango/rango-low-code/rango-low-code-server/node_modules/cluster-client/lib/leader.js:77:23)
    at listOnTimeout (node:internal/timers:559:17)
    at processTimers (node:internal/timers:502:7)
name: "ClusterClientNoResponseError"
pid: 56067
hostname: C02D45U7MD6T

2022-03-07 08:24:12,686 ERROR 56067 nodejs.ClusterClientNoResponseError: client no response in 361619ms exceeding maxIdleTime 60000ms, maybe the connection is close on other side.
    at Timeout._onTimeout (/Users/chenzhitao/Desktop/rango/rango-low-code/rango-low-code-server/node_modules/cluster-client/lib/leader.js:77:23)
    at listOnTimeout (node:internal/timers:559:17)
    at processTimers (node:internal/timers:502:7)
name: "ClusterClientNoResponseError"
pid: 56067
hostname: C02D45U7MD6T

2022-03-07 08:24:12,686 ERROR 56067 nodejs.ClusterClientNoResponseError: client no response in 361616ms exceeding maxIdleTime 60000ms, maybe the connection is close on other side.
    at Timeout._onTimeout (/Users/chenzhitao/Desktop/rango/rango-low-code/rango-low-code-server/node_modules/cluster-client/lib/leader.js:77:23)
    at listOnTimeout (node:internal/timers:559:17)
    at processTimers (node:internal/timers:502:7)
name: "ClusterClientNoResponseError"
pid: 56067
hostname: C02D45U7MD6T

2022-03-07 08:24:12,686 ERROR 56067 nodejs.ClusterClientNoResponseError: client no response in 361619ms exceeding maxIdleTime 60000ms, maybe the connection is close on other side.
    at Timeout._onTimeout (/Users/chenzhitao/Desktop/rango/rango-low-code/rango-low-code-server/node_modules/cluster-client/lib/leader.js:77:23)
    at listOnTimeout (node:internal/timers:559:17)
    at processTimers (node:internal/timers:502:7)
name: "ClusterClientNoResponseError"
pid: 56067
hostname: C02D45U7MD6T

2022-03-07 08:24:12,686 ERROR 56067 nodejs.ClusterClientNoResponseError: client no response in 361618ms exceeding maxIdleTime 60000ms, maybe the connection is close on other side.
    at Timeout._onTimeout (/Users/chenzhitao/Desktop/rango/rango-low-code/rango-low-code-server/node_modules/cluster-client/lib/leader.js:77:23)
    at listOnTimeout (node:internal/timers:559:17)
    at processTimers (node:internal/timers:502:7)
name: "ClusterClientNoResponseError"
pid: 56067
hostname: C02D45U7MD6T

2022-03-07 08:24:12,687 ERROR 56067 nodejs.ClusterClientNoResponseError: client no response in 361617ms exceeding maxIdleTime 60000ms, maybe the connection is close on other side.
    at Timeout._onTimeout (/Users/chenzhitao/Desktop/rango/rango-low-code/rango-low-code-server/node_modules/cluster-client/lib/leader.js:77:23)
    at listOnTimeout (node:internal/timers:559:17)
    at processTimers (node:internal/timers:502:7)
name: "ClusterClientNoResponseError"
pid: 56067
hostname: C02D45U7MD6T

2022-03-07 08:24:12,687 ERROR 56067 nodejs.ClusterClientNoResponseError: client no response in 361617ms exceeding maxIdleTime 60000ms, maybe the connection is close on other side.
    at Timeout._onTimeout (/Users/chenzhitao/Desktop/rango/rango-low-code/rango-low-code-server/node_modules/cluster-client/lib/leader.js:77:23)
    at listOnTimeout (node:internal/timers:559:17)
    at processTimers (node:internal/timers:502:7)
name: "ClusterClientNoResponseError"
pid: 56067
hostname: C02D45U7MD6T

2022-03-07 08:24:12,687 ERROR 56067 nodejs.ClusterClientNoResponseError: client no response in 361619ms exceeding maxIdleTime 60000ms, maybe the connection is close on other side.
    at Timeout._onTimeout (/Users/chenzhitao/Desktop/rango/rango-low-code/rango-low-code-server/node_modules/cluster-client/lib/leader.js:77:23)
    at listOnTimeout (node:internal/timers:559:17)
    at processTimers (node:internal/timers:502:7)
name: "ClusterClientNoResponseError"
pid: 56067
hostname: C02D45U7MD6T

2022-03-07 08:24:12,687 ERROR 56067 nodejs.ClusterClientNoResponseError: client no response in 361619ms exceeding maxIdleTime 60000ms, maybe the connection is close on other side.
    at Timeout._onTimeout (/Users/chenzhitao/Desktop/rango/rango-low-code/rango-low-code-server/node_modules/cluster-client/lib/leader.js:77:23)
    at listOnTimeout (node:internal/timers:559:17)
    at processTimers (node:internal/timers:502:7)
name: "ClusterClientNoResponseError"
pid: 56067
hostname: C02D45U7MD6T

2022-03-07 08:24:12,687 ERROR 56067 nodejs.ClusterClientNoResponseError: client no response in 361612ms exceeding maxIdleTime 60000ms, maybe the connection is close on other side.
    at Timeout._onTimeout (/Users/chenzhitao/Desktop/rango/rango-low-code/rango-low-code-server/node_modules/cluster-client/lib/leader.js:77:23)
    at listOnTimeout (node:internal/timers:559:17)
    at processTimers (node:internal/timers:502:7)
name: "ClusterClientNoResponseError"
pid: 56067
hostname: C02D45U7MD6T

2022-03-07 08:24:12,687 ERROR 56067 nodejs.ClusterClientNoResponseError: client no response in 361618ms exceeding maxIdleTime 60000ms, maybe the connection is close on other side.
    at Timeout._onTimeout (/Users/chenzhitao/Desktop/rango/rango-low-code/rango-low-code-server/node_modules/cluster-client/lib/leader.js:77:23)
    at listOnTimeout (node:internal/timers:559:17)
    at processTimers (node:internal/timers:502:7)
name: "ClusterClientNoResponseError"
pid: 56067
hostname: C02D45U7MD6T

2022-03-07 08:24:12,687 ERROR 56067 nodejs.ClusterClientNoResponseError: client no response in 361616ms exceeding maxIdleTime 60000ms, maybe the connection is close on other side.
    at Timeout._onTimeout (/Users/chenzhitao/Desktop/rango/rango-low-code/rango-low-code-server/node_modules/cluster-client/lib/leader.js:77:23)
    at listOnTimeout (node:internal/timers:559:17)
    at processTimers (node:internal/timers:502:7)
name: "ClusterClientNoResponseError"
pid: 56067
hostname: C02D45U7MD6T

2022-03-07 08:24:12,688 ERROR 56067 nodejs.ClusterClientNoResponseError: client no response in 361618ms exceeding maxIdleTime 60000ms, maybe the connection is close on other side.
    at Timeout._onTimeout (/Users/chenzhitao/Desktop/rango/rango-low-code/rango-low-code-server/node_modules/cluster-client/lib/leader.js:77:23)
    at listOnTimeout (node:internal/timers:559:17)
    at processTimers (node:internal/timers:502:7)
name: "ClusterClientNoResponseError"
pid: 56067
hostname: C02D45U7MD6T

2022-03-07 08:24:12,688 ERROR 56067 nodejs.ClusterClientNoResponseError: client no response in 361616ms exceeding maxIdleTime 60000ms, maybe the connection is close on other side.
    at Timeout._onTimeout (/Users/chenzhitao/Desktop/rango/rango-low-code/rango-low-code-server/node_modules/cluster-client/lib/leader.js:77:23)
    at listOnTimeout (node:internal/timers:559:17)
    at processTimers (node:internal/timers:502:7)
name: "ClusterClientNoResponseError"
pid: 56067
hostname: C02D45U7MD6T

2022-03-07 08:24:12,688 ERROR 56067 nodejs.ClusterClientNoResponseError: client no response in 361623ms exceeding maxIdleTime 60000ms, maybe the connection is close on other side.
    at Timeout._onTimeout (/Users/chenzhitao/Desktop/rango/rango-low-code/rango-low-code-server/node_modules/cluster-client/lib/leader.js:77:23)
    at listOnTimeout (node:internal/timers:559:17)
    at processTimers (node:internal/timers:502:7)
name: "ClusterClientNoResponseError"
pid: 56067
hostname: C02D45U7MD6T

2022-03-07 08:24:12,688 ERROR 56067 nodejs.ClusterClientNoResponseError: client no response in 361620ms exceeding maxIdleTime 60000ms, maybe the connection is close on other side.
    at Timeout._onTimeout (/Users/chenzhitao/Desktop/rango/rango-low-code/rango-low-code-server/node_modules/cluster-client/lib/leader.js:77:23)
    at listOnTimeout (node:internal/timers:559:17)
    at processTimers (node:internal/timers:502:7)
name: "ClusterClientNoResponseError"
pid: 56067
hostname: C02D45U7MD6T

2022-03-07 08:24:12,688 ERROR 56067 nodejs.ClusterClientNoResponseError: client no response in 361620ms exceeding maxIdleTime 60000ms, maybe the connection is close on other side.
    at Timeout._onTimeout (/Users/chenzhitao/Desktop/rango/rango-low-code/rango-low-code-server/node_modules/cluster-client/lib/leader.js:77:23)
    at listOnTimeout (node:internal/timers:559:17)
    at processTimers (node:internal/timers:502:7)
name: "ClusterClientNoResponseError"
pid: 56067
hostname: C02D45U7MD6T

2022-03-07 08:52:39,008 ERROR 60424 [-/::1/-/2ms GET /passport/github] nodejs.TypeError: Cannot read properties of undefined (reading 'ContextCookies')
    at Object.get cookies [as cookies] (/Users/chenzhitao/Desktop/rango/rango-low-code/rango-low-code-server/node_modules/egg/app/extend/context.js:23:36)
    at ContextSession.initFromCookie (/Users/chenzhitao/Desktop/rango/rango-low-code/rango-low-code-server/node_modules/koa-session/lib/context.js:112:24)
    at ContextSession.get (/Users/chenzhitao/Desktop/rango/rango-low-code/rango-low-code-server/node_modules/koa-session/lib/context.js:38:39)
    at Object.get (/Users/chenzhitao/Desktop/rango/rango-low-code/rango-low-code-server/node_modules/koa-session/index.js:138:38)
    at passportInitialize (/Users/chenzhitao/Desktop/rango/rango-low-code/rango-low-code-server/node_modules/egg-passport/lib/framework.js:27:23)
    at dispatch (/Users/chenzhitao/Desktop/rango/rango-low-code/rango-low-code-server/node_modules/koa/node_modules/koa-compose/index.js:47:32)
    at /Users/chenzhitao/Desktop/rango/rango-low-code/rango-low-code-server/node_modules/egg-development/app/middleware/egg_loader_trace.js:9:56
    at dispatch (/Users/chenzhitao/Desktop/rango/rango-low-code/rango-low-code-server/node_modules/koa/node_modules/koa-compose/index.js:47:32)
    at i18n (/Users/chenzhitao/Desktop/rango/rango-low-code/rango-low-code-server/node_modules/egg-i18n/app/middleware/i18n.js:13:12)
    at dispatch (/Users/chenzhitao/Desktop/rango/rango-low-code/rango-low-code-server/node_modules/koa/node_modules/koa-compose/index.js:47:32)

pid: 60424
hostname: C02D45U7MD6T

2022-03-07 08:54:41,487 ERROR 60534 [-/::1/-/2ms GET /passport/github] nodejs.TypeError: Cannot read properties of undefined (reading 'ContextCookies')
    at Object.get cookies [as cookies] (/Users/chenzhitao/Desktop/rango/rango-low-code/rango-low-code-server/node_modules/egg/app/extend/context.js:23:36)
    at ContextSession.initFromCookie (/Users/chenzhitao/Desktop/rango/rango-low-code/rango-low-code-server/node_modules/koa-session/lib/context.js:112:24)
    at ContextSession.get (/Users/chenzhitao/Desktop/rango/rango-low-code/rango-low-code-server/node_modules/koa-session/lib/context.js:38:39)
    at Object.get (/Users/chenzhitao/Desktop/rango/rango-low-code/rango-low-code-server/node_modules/koa-session/index.js:138:38)
    at passportInitialize (/Users/chenzhitao/Desktop/rango/rango-low-code/rango-low-code-server/node_modules/egg-passport/lib/framework.js:27:23)
    at dispatch (/Users/chenzhitao/Desktop/rango/rango-low-code/rango-low-code-server/node_modules/koa/node_modules/koa-compose/index.js:47:32)
    at /Users/chenzhitao/Desktop/rango/rango-low-code/rango-low-code-server/node_modules/egg-development/app/middleware/egg_loader_trace.js:9:56
    at dispatch (/Users/chenzhitao/Desktop/rango/rango-low-code/rango-low-code-server/node_modules/koa/node_modules/koa-compose/index.js:47:32)
    at i18n (/Users/chenzhitao/Desktop/rango/rango-low-code/rango-low-code-server/node_modules/egg-i18n/app/middleware/i18n.js:13:12)
    at dispatch (/Users/chenzhitao/Desktop/rango/rango-low-code/rango-low-code-server/node_modules/koa/node_modules/koa-compose/index.js:47:32)

pid: 60534
hostname: C02D45U7MD6T

2022-03-07 08:55:07,074 ERROR 60534 [-/::1/-/25589ms GET /passport/github] nodejs.TypeError: Cannot read properties of undefined (reading 'ContextCookies')
    at Object.get cookies [as cookies] (/Users/chenzhitao/Desktop/rango/rango-low-code/rango-low-code-server/node_modules/egg/app/extend/context.js:23:36)
    at ContextSession.initFromCookie (/Users/chenzhitao/Desktop/rango/rango-low-code/rango-low-code-server/node_modules/koa-session/lib/context.js:112:24)
    at ContextSession.get (/Users/chenzhitao/Desktop/rango/rango-low-code/rango-low-code-server/node_modules/koa-session/lib/context.js:38:39)
    at Object.get (/Users/chenzhitao/Desktop/rango/rango-low-code/rango-low-code-server/node_modules/koa-session/index.js:138:38)
    at passportInitialize (/Users/chenzhitao/Desktop/rango/rango-low-code/rango-low-code-server/node_modules/egg-passport/lib/framework.js:27:23)
    at dispatch (/Users/chenzhitao/Desktop/rango/rango-low-code/rango-low-code-server/node_modules/koa/node_modules/koa-compose/index.js:47:32)
    at /Users/chenzhitao/Desktop/rango/rango-low-code/rango-low-code-server/node_modules/egg-development/app/middleware/egg_loader_trace.js:9:56
    at dispatch (/Users/chenzhitao/Desktop/rango/rango-low-code/rango-low-code-server/node_modules/koa/node_modules/koa-compose/index.js:47:32)
    at i18n (/Users/chenzhitao/Desktop/rango/rango-low-code/rango-low-code-server/node_modules/egg-i18n/app/middleware/i18n.js:13:12)
    at dispatch (/Users/chenzhitao/Desktop/rango/rango-low-code/rango-low-code-server/node_modules/koa/node_modules/koa-compose/index.js:47:32)

pid: 60534
hostname: C02D45U7MD6T

2022-03-07 09:05:22,319 ERROR 60794 [-/::1/-/2ms GET /passport/github/callback?code=497e1e01fc6c4fe4837a] nodejs.TypeError: Cannot read properties of undefined (reading 'ContextCookies')
    at Object.get cookies [as cookies] (/Users/chenzhitao/Desktop/rango/rango-low-code/rango-low-code-server/node_modules/egg/app/extend/context.js:23:36)
    at ContextSession.initFromCookie (/Users/chenzhitao/Desktop/rango/rango-low-code/rango-low-code-server/node_modules/koa-session/lib/context.js:112:24)
    at ContextSession.get (/Users/chenzhitao/Desktop/rango/rango-low-code/rango-low-code-server/node_modules/koa-session/lib/context.js:38:39)
    at Object.get (/Users/chenzhitao/Desktop/rango/rango-low-code/rango-low-code-server/node_modules/koa-session/index.js:138:38)
    at passportInitialize (/Users/chenzhitao/Desktop/rango/rango-low-code/rango-low-code-server/node_modules/egg-passport/lib/framework.js:27:23)
    at dispatch (/Users/chenzhitao/Desktop/rango/rango-low-code/rango-low-code-server/node_modules/koa/node_modules/koa-compose/index.js:47:32)
    at /Users/chenzhitao/Desktop/rango/rango-low-code/rango-low-code-server/node_modules/egg-development/app/middleware/egg_loader_trace.js:9:56
    at dispatch (/Users/chenzhitao/Desktop/rango/rango-low-code/rango-low-code-server/node_modules/koa/node_modules/koa-compose/index.js:47:32)
    at i18n (/Users/chenzhitao/Desktop/rango/rango-low-code/rango-low-code-server/node_modules/egg-i18n/app/middleware/i18n.js:13:12)
    at dispatch (/Users/chenzhitao/Desktop/rango/rango-low-code/rango-low-code-server/node_modules/koa/node_modules/koa-compose/index.js:47:32)

pid: 60794
hostname: C02D45U7MD6T

2022-03-07 09:11:29,793 ERROR 61106 [-/::1/-/2ms GET /passport/github/callback?code=ea464ae9b0be8885c0bf] nodejs.TypeError: Cannot read properties of undefined (reading 'ContextCookies')
    at Object.get cookies [as cookies] (/Users/chenzhitao/Desktop/rango/rango-low-code/rango-low-code-server/node_modules/egg/app/extend/context.js:23:36)
    at ContextSession.initFromCookie (/Users/chenzhitao/Desktop/rango/rango-low-code/rango-low-code-server/node_modules/koa-session/lib/context.js:112:24)
    at ContextSession.get (/Users/chenzhitao/Desktop/rango/rango-low-code/rango-low-code-server/node_modules/koa-session/lib/context.js:38:39)
    at Object.get (/Users/chenzhitao/Desktop/rango/rango-low-code/rango-low-code-server/node_modules/koa-session/index.js:138:38)
    at passportInitialize (/Users/chenzhitao/Desktop/rango/rango-low-code/rango-low-code-server/node_modules/egg-passport/lib/framework.js:27:23)
    at dispatch (/Users/chenzhitao/Desktop/rango/rango-low-code/rango-low-code-server/node_modules/koa/node_modules/koa-compose/index.js:47:32)
    at /Users/chenzhitao/Desktop/rango/rango-low-code/rango-low-code-server/node_modules/egg-development/app/middleware/egg_loader_trace.js:9:56
    at dispatch (/Users/chenzhitao/Desktop/rango/rango-low-code/rango-low-code-server/node_modules/koa/node_modules/koa-compose/index.js:47:32)
    at i18n (/Users/chenzhitao/Desktop/rango/rango-low-code/rango-low-code-server/node_modules/egg-i18n/app/middleware/i18n.js:13:12)
    at dispatch (/Users/chenzhitao/Desktop/rango/rango-low-code/rango-low-code-server/node_modules/koa/node_modules/koa-compose/index.js:47:32)

pid: 61106
hostname: C02D45U7MD6T

2022-03-07 14:49:00,261 ERROR 66911 nodejs.ClusterClientNoResponseError: client no response in 73236ms exceeding maxIdleTime 60000ms, maybe the connection is close on other side.
    at Timeout._onTimeout (/Users/chenzhitao/Desktop/rango/rango-low-code/rango-low-code-server/node_modules/cluster-client/lib/leader.js:77:23)
    at listOnTimeout (node:internal/timers:559:17)
    at processTimers (node:internal/timers:502:7)
name: "ClusterClientNoResponseError"
pid: 66911
hostname: C02D45U7MD6T

2022-03-07 15:07:54,453 ERROR 67264 nodejs.ClusterClientNoResponseError: client no response in 78434ms exceeding maxIdleTime 60000ms, maybe the connection is close on other side.
    at Timeout._onTimeout (/Users/chenzhitao/Desktop/rango/rango-low-code/rango-low-code-server/node_modules/cluster-client/lib/leader.js:77:23)
    at listOnTimeout (node:internal/timers:559:17)
    at processTimers (node:internal/timers:502:7)
name: "ClusterClientNoResponseError"
pid: 67264
hostname: C02D45U7MD6T

