2022-03-18 05:08:36,265 INFO 36684 [Timer] /Users/chenzhitao/Desktop/rango/rango-low-code/rango-low-code-server/node_modules/egg-multipart/app/schedule/clean_tmpdir.js next time will execute after 84083739ms at 2022-03-19 04:30:00.004
2022-03-18 05:08:36,266 INFO 36693 [Job#164755131626115370024576009571] /Users/chenzhitao/Desktop/rango/rango-low-code/rango-low-code-server/node_modules/egg-multipart/app/schedule/clean_tmpdir.js executing by app
2022-03-18 05:08:36,276 INFO 36693 [Job#164755131626115370024576009571] /Users/chenzhitao/Desktop/rango/rango-low-code/rango-low-code-server/node_modules/egg-multipart/app/schedule/clean_tmpdir.js execute succeed, used 9ms. 
2022-03-18 11:36:05,078 INFO 27614 [egg-schedule]: register schedule /Users/chenzhitao/Desktop/rango/rango-low-code/rango-low-code-server/node_modules/egg-multipart/app/schedule/clean_tmpdir.js
2022-03-18 11:36:05,078 INFO 27614 [egg-schedule]: register schedule /Users/chenzhitao/Desktop/rango/rango-low-code/rango-low-code-server/node_modules/egg-logrotator/app/schedule/clean_log.js
2022-03-18 11:36:05,078 INFO 27614 [egg-schedule]: register schedule /Users/chenzhitao/Desktop/rango/rango-low-code/rango-low-code-server/node_modules/egg-logrotator/app/schedule/rotate_by_file.js
2022-03-18 11:36:05,079 INFO 27618 [egg-schedule]: register schedule /Users/chenzhitao/Desktop/rango/rango-low-code/rango-low-code-server/node_modules/egg-multipart/app/schedule/clean_tmpdir.js
2022-03-18 11:36:05,079 INFO 27618 [egg-schedule]: register schedule /Users/chenzhitao/Desktop/rango/rango-low-code/rango-low-code-server/node_modules/egg-logrotator/app/schedule/clean_log.js
2022-03-18 11:36:05,079 INFO 27618 [egg-schedule]: register schedule /Users/chenzhitao/Desktop/rango/rango-low-code/rango-low-code-server/node_modules/egg-logrotator/app/schedule/rotate_by_file.js
2022-03-18 11:36:05,083 INFO 27617 [egg-schedule]: register schedule /Users/chenzhitao/Desktop/rango/rango-low-code/rango-low-code-server/node_modules/egg-multipart/app/schedule/clean_tmpdir.js
2022-03-18 11:36:05,083 INFO 27617 [egg-schedule]: register schedule /Users/chenzhitao/Desktop/rango/rango-low-code/rango-low-code-server/node_modules/egg-logrotator/app/schedule/clean_log.js
2022-03-18 11:36:05,083 INFO 27617 [egg-schedule]: register schedule /Users/chenzhitao/Desktop/rango/rango-low-code/rango-low-code-server/node_modules/egg-logrotator/app/schedule/rotate_by_file.js
2022-03-18 11:36:05,111 INFO 27625 [egg-schedule]: register schedule /Users/chenzhitao/Desktop/rango/rango-low-code/rango-low-code-server/node_modules/egg-multipart/app/schedule/clean_tmpdir.js
2022-03-18 11:36:05,111 INFO 27625 [egg-schedule]: register schedule /Users/chenzhitao/Desktop/rango/rango-low-code/rango-low-code-server/node_modules/egg-logrotator/app/schedule/clean_log.js
2022-03-18 11:36:05,111 INFO 27625 [egg-schedule]: register schedule /Users/chenzhitao/Desktop/rango/rango-low-code/rango-low-code-server/node_modules/egg-logrotator/app/schedule/rotate_by_file.js
2022-03-18 11:36:05,095 INFO 27623 [egg-schedule]: register schedule /Users/chenzhitao/Desktop/rango/rango-low-code/rango-low-code-server/node_modules/egg-multipart/app/schedule/clean_tmpdir.js
2022-03-18 11:36:05,095 INFO 27623 [egg-schedule]: register schedule /Users/chenzhitao/Desktop/rango/rango-low-code/rango-low-code-server/node_modules/egg-logrotator/app/schedule/clean_log.js
2022-03-18 11:36:05,095 INFO 27623 [egg-schedule]: register schedule /Users/chenzhitao/Desktop/rango/rango-low-code/rango-low-code-server/node_modules/egg-logrotator/app/schedule/rotate_by_file.js
2022-03-18 11:36:05,086 INFO 27619 [egg-schedule]: register schedule /Users/chenzhitao/Desktop/rango/rango-low-code/rango-low-code-server/node_modules/egg-multipart/app/schedule/clean_tmpdir.js
2022-03-18 11:36:05,086 INFO 27619 [egg-schedule]: register schedule /Users/chenzhitao/Desktop/rango/rango-low-code/rango-low-code-server/node_modules/egg-logrotator/app/schedule/clean_log.js
2022-03-18 11:36:05,086 INFO 27619 [egg-schedule]: register schedule /Users/chenzhitao/Desktop/rango/rango-low-code/rango-low-code-server/node_modules/egg-logrotator/app/schedule/rotate_by_file.js
2022-03-18 11:36:05,088 INFO 27620 [egg-schedule]: register schedule /Users/chenzhitao/Desktop/rango/rango-low-code/rango-low-code-server/node_modules/egg-multipart/app/schedule/clean_tmpdir.js
2022-03-18 11:36:05,088 INFO 27620 [egg-schedule]: register schedule /Users/chenzhitao/Desktop/rango/rango-low-code/rango-low-code-server/node_modules/egg-logrotator/app/schedule/clean_log.js
2022-03-18 11:36:05,088 INFO 27620 [egg-schedule]: register schedule /Users/chenzhitao/Desktop/rango/rango-low-code/rango-low-code-server/node_modules/egg-logrotator/app/schedule/rotate_by_file.js
2022-03-18 11:36:05,094 INFO 27621 [egg-schedule]: register schedule /Users/chenzhitao/Desktop/rango/rango-low-code/rango-low-code-server/node_modules/egg-multipart/app/schedule/clean_tmpdir.js
2022-03-18 11:36:05,094 INFO 27621 [egg-schedule]: register schedule /Users/chenzhitao/Desktop/rango/rango-low-code/rango-low-code-server/node_modules/egg-logrotator/app/schedule/clean_log.js
2022-03-18 11:36:05,094 INFO 27621 [egg-schedule]: register schedule /Users/chenzhitao/Desktop/rango/rango-low-code/rango-low-code-server/node_modules/egg-logrotator/app/schedule/rotate_by_file.js
2022-03-18 11:36:05,100 INFO 27622 [egg-schedule]: register schedule /Users/chenzhitao/Desktop/rango/rango-low-code/rango-low-code-server/node_modules/egg-multipart/app/schedule/clean_tmpdir.js
2022-03-18 11:36:05,100 INFO 27622 [egg-schedule]: register schedule /Users/chenzhitao/Desktop/rango/rango-low-code/rango-low-code-server/node_modules/egg-logrotator/app/schedule/clean_log.js
2022-03-18 11:36:05,100 INFO 27622 [egg-schedule]: register schedule /Users/chenzhitao/Desktop/rango/rango-low-code/rango-low-code-server/node_modules/egg-logrotator/app/schedule/rotate_by_file.js
2022-03-18 11:36:05,114 INFO 27628 [egg-schedule]: register schedule /Users/chenzhitao/Desktop/rango/rango-low-code/rango-low-code-server/node_modules/egg-multipart/app/schedule/clean_tmpdir.js
2022-03-18 11:36:05,114 INFO 27628 [egg-schedule]: register schedule /Users/chenzhitao/Desktop/rango/rango-low-code/rango-low-code-server/node_modules/egg-logrotator/app/schedule/clean_log.js
2022-03-18 11:36:05,114 INFO 27628 [egg-schedule]: register schedule /Users/chenzhitao/Desktop/rango/rango-low-code/rango-low-code-server/node_modules/egg-logrotator/app/schedule/rotate_by_file.js
2022-03-18 11:36:05,101 INFO 27624 [egg-schedule]: register schedule /Users/chenzhitao/Desktop/rango/rango-low-code/rango-low-code-server/node_modules/egg-multipart/app/schedule/clean_tmpdir.js
2022-03-18 11:36:05,101 INFO 27624 [egg-schedule]: register schedule /Users/chenzhitao/Desktop/rango/rango-low-code/rango-low-code-server/node_modules/egg-logrotator/app/schedule/clean_log.js
2022-03-18 11:36:05,101 INFO 27624 [egg-schedule]: register schedule /Users/chenzhitao/Desktop/rango/rango-low-code/rango-low-code-server/node_modules/egg-logrotator/app/schedule/rotate_by_file.js
2022-03-18 11:36:05,078 INFO 27615 [egg-schedule]: register schedule /Users/chenzhitao/Desktop/rango/rango-low-code/rango-low-code-server/node_modules/egg-multipart/app/schedule/clean_tmpdir.js
2022-03-18 11:36:05,079 INFO 27615 [egg-schedule]: register schedule /Users/chenzhitao/Desktop/rango/rango-low-code/rango-low-code-server/node_modules/egg-logrotator/app/schedule/clean_log.js
2022-03-18 11:36:05,079 INFO 27615 [egg-schedule]: register schedule /Users/chenzhitao/Desktop/rango/rango-low-code/rango-low-code-server/node_modules/egg-logrotator/app/schedule/rotate_by_file.js
2022-03-18 11:36:05,159 INFO 27629 [egg-schedule]: register schedule /Users/chenzhitao/Desktop/rango/rango-low-code/rango-low-code-server/node_modules/egg-multipart/app/schedule/clean_tmpdir.js
2022-03-18 11:36:05,159 INFO 27629 [egg-schedule]: register schedule /Users/chenzhitao/Desktop/rango/rango-low-code/rango-low-code-server/node_modules/egg-logrotator/app/schedule/clean_log.js
2022-03-18 11:36:05,159 INFO 27629 [egg-schedule]: register schedule /Users/chenzhitao/Desktop/rango/rango-low-code/rango-low-code-server/node_modules/egg-logrotator/app/schedule/rotate_by_file.js
2022-03-18 11:36:05,122 INFO 27627 [egg-schedule]: register schedule /Users/chenzhitao/Desktop/rango/rango-low-code/rango-low-code-server/node_modules/egg-multipart/app/schedule/clean_tmpdir.js
2022-03-18 11:36:05,122 INFO 27627 [egg-schedule]: register schedule /Users/chenzhitao/Desktop/rango/rango-low-code/rango-low-code-server/node_modules/egg-logrotator/app/schedule/clean_log.js
2022-03-18 11:36:05,122 INFO 27627 [egg-schedule]: register schedule /Users/chenzhitao/Desktop/rango/rango-low-code/rango-low-code-server/node_modules/egg-logrotator/app/schedule/rotate_by_file.js
2022-03-18 11:36:05,108 INFO 27626 [egg-schedule]: register schedule /Users/chenzhitao/Desktop/rango/rango-low-code/rango-low-code-server/node_modules/egg-multipart/app/schedule/clean_tmpdir.js
2022-03-18 11:36:05,108 INFO 27626 [egg-schedule]: register schedule /Users/chenzhitao/Desktop/rango/rango-low-code/rango-low-code-server/node_modules/egg-logrotator/app/schedule/clean_log.js
2022-03-18 11:36:05,108 INFO 27626 [egg-schedule]: register schedule /Users/chenzhitao/Desktop/rango/rango-low-code/rango-low-code-server/node_modules/egg-logrotator/app/schedule/rotate_by_file.js
2022-03-18 11:36:05,078 INFO 27616 [egg-schedule]: register schedule /Users/chenzhitao/Desktop/rango/rango-low-code/rango-low-code-server/node_modules/egg-multipart/app/schedule/clean_tmpdir.js
2022-03-18 11:36:05,078 INFO 27616 [egg-schedule]: register schedule /Users/chenzhitao/Desktop/rango/rango-low-code/rango-low-code-server/node_modules/egg-logrotator/app/schedule/clean_log.js
2022-03-18 11:36:05,078 INFO 27616 [egg-schedule]: register schedule /Users/chenzhitao/Desktop/rango/rango-low-code/rango-low-code-server/node_modules/egg-logrotator/app/schedule/rotate_by_file.js
2022-03-18 11:36:53,577 INFO 28110 [egg-schedule]: register schedule /Users/chenzhitao/Desktop/rango/rango-low-code/rango-low-code-server/node_modules/egg-multipart/app/schedule/clean_tmpdir.js
2022-03-18 11:36:53,577 INFO 28110 [egg-schedule]: register schedule /Users/chenzhitao/Desktop/rango/rango-low-code/rango-low-code-server/node_modules/egg-logrotator/app/schedule/clean_log.js
2022-03-18 11:36:53,577 INFO 28110 [egg-schedule]: register schedule /Users/chenzhitao/Desktop/rango/rango-low-code/rango-low-code-server/node_modules/egg-logrotator/app/schedule/rotate_by_file.js
2022-03-18 11:36:53,576 INFO 28111 [egg-schedule]: register schedule /Users/chenzhitao/Desktop/rango/rango-low-code/rango-low-code-server/node_modules/egg-multipart/app/schedule/clean_tmpdir.js
2022-03-18 11:36:53,576 INFO 28111 [egg-schedule]: register schedule /Users/chenzhitao/Desktop/rango/rango-low-code/rango-low-code-server/node_modules/egg-logrotator/app/schedule/clean_log.js
2022-03-18 11:36:53,576 INFO 28111 [egg-schedule]: register schedule /Users/chenzhitao/Desktop/rango/rango-low-code/rango-low-code-server/node_modules/egg-logrotator/app/schedule/rotate_by_file.js
2022-03-18 11:36:53,583 INFO 28112 [egg-schedule]: register schedule /Users/chenzhitao/Desktop/rango/rango-low-code/rango-low-code-server/node_modules/egg-multipart/app/schedule/clean_tmpdir.js
2022-03-18 11:36:53,583 INFO 28112 [egg-schedule]: register schedule /Users/chenzhitao/Desktop/rango/rango-low-code/rango-low-code-server/node_modules/egg-logrotator/app/schedule/clean_log.js
2022-03-18 11:36:53,583 INFO 28112 [egg-schedule]: register schedule /Users/chenzhitao/Desktop/rango/rango-low-code/rango-low-code-server/node_modules/egg-logrotator/app/schedule/rotate_by_file.js
2022-03-18 11:36:53,586 INFO 28113 [egg-schedule]: register schedule /Users/chenzhitao/Desktop/rango/rango-low-code/rango-low-code-server/node_modules/egg-multipart/app/schedule/clean_tmpdir.js
2022-03-18 11:36:53,586 INFO 28113 [egg-schedule]: register schedule /Users/chenzhitao/Desktop/rango/rango-low-code/rango-low-code-server/node_modules/egg-logrotator/app/schedule/clean_log.js
2022-03-18 11:36:53,586 INFO 28113 [egg-schedule]: register schedule /Users/chenzhitao/Desktop/rango/rango-low-code/rango-low-code-server/node_modules/egg-logrotator/app/schedule/rotate_by_file.js
2022-03-18 11:36:53,591 INFO 28115 [egg-schedule]: register schedule /Users/chenzhitao/Desktop/rango/rango-low-code/rango-low-code-server/node_modules/egg-multipart/app/schedule/clean_tmpdir.js
2022-03-18 11:36:53,591 INFO 28115 [egg-schedule]: register schedule /Users/chenzhitao/Desktop/rango/rango-low-code/rango-low-code-server/node_modules/egg-logrotator/app/schedule/clean_log.js
2022-03-18 11:36:53,591 INFO 28115 [egg-schedule]: register schedule /Users/chenzhitao/Desktop/rango/rango-low-code/rango-low-code-server/node_modules/egg-logrotator/app/schedule/rotate_by_file.js
2022-03-18 11:36:53,590 INFO 28114 [egg-schedule]: register schedule /Users/chenzhitao/Desktop/rango/rango-low-code/rango-low-code-server/node_modules/egg-multipart/app/schedule/clean_tmpdir.js
2022-03-18 11:36:53,590 INFO 28114 [egg-schedule]: register schedule /Users/chenzhitao/Desktop/rango/rango-low-code/rango-low-code-server/node_modules/egg-logrotator/app/schedule/clean_log.js
2022-03-18 11:36:53,590 INFO 28114 [egg-schedule]: register schedule /Users/chenzhitao/Desktop/rango/rango-low-code/rango-low-code-server/node_modules/egg-logrotator/app/schedule/rotate_by_file.js
2022-03-18 11:36:53,597 INFO 28116 [egg-schedule]: register schedule /Users/chenzhitao/Desktop/rango/rango-low-code/rango-low-code-server/node_modules/egg-multipart/app/schedule/clean_tmpdir.js
2022-03-18 11:36:53,597 INFO 28116 [egg-schedule]: register schedule /Users/chenzhitao/Desktop/rango/rango-low-code/rango-low-code-server/node_modules/egg-logrotator/app/schedule/clean_log.js
2022-03-18 11:36:53,598 INFO 28116 [egg-schedule]: register schedule /Users/chenzhitao/Desktop/rango/rango-low-code/rango-low-code-server/node_modules/egg-logrotator/app/schedule/rotate_by_file.js
2022-03-18 11:36:53,595 INFO 28117 [egg-schedule]: register schedule /Users/chenzhitao/Desktop/rango/rango-low-code/rango-low-code-server/node_modules/egg-multipart/app/schedule/clean_tmpdir.js
2022-03-18 11:36:53,595 INFO 28117 [egg-schedule]: register schedule /Users/chenzhitao/Desktop/rango/rango-low-code/rango-low-code-server/node_modules/egg-logrotator/app/schedule/clean_log.js
2022-03-18 11:36:53,595 INFO 28117 [egg-schedule]: register schedule /Users/chenzhitao/Desktop/rango/rango-low-code/rango-low-code-server/node_modules/egg-logrotator/app/schedule/rotate_by_file.js
2022-03-18 11:36:53,604 INFO 28119 [egg-schedule]: register schedule /Users/chenzhitao/Desktop/rango/rango-low-code/rango-low-code-server/node_modules/egg-multipart/app/schedule/clean_tmpdir.js
2022-03-18 11:36:53,604 INFO 28119 [egg-schedule]: register schedule /Users/chenzhitao/Desktop/rango/rango-low-code/rango-low-code-server/node_modules/egg-logrotator/app/schedule/clean_log.js
2022-03-18 11:36:53,604 INFO 28119 [egg-schedule]: register schedule /Users/chenzhitao/Desktop/rango/rango-low-code/rango-low-code-server/node_modules/egg-logrotator/app/schedule/rotate_by_file.js
2022-03-18 11:36:53,607 INFO 28120 [egg-schedule]: register schedule /Users/chenzhitao/Desktop/rango/rango-low-code/rango-low-code-server/node_modules/egg-multipart/app/schedule/clean_tmpdir.js
2022-03-18 11:36:53,607 INFO 28120 [egg-schedule]: register schedule /Users/chenzhitao/Desktop/rango/rango-low-code/rango-low-code-server/node_modules/egg-logrotator/app/schedule/clean_log.js
2022-03-18 11:36:53,607 INFO 28120 [egg-schedule]: register schedule /Users/chenzhitao/Desktop/rango/rango-low-code/rango-low-code-server/node_modules/egg-logrotator/app/schedule/rotate_by_file.js
2022-03-18 11:36:53,603 INFO 28118 [egg-schedule]: register schedule /Users/chenzhitao/Desktop/rango/rango-low-code/rango-low-code-server/node_modules/egg-multipart/app/schedule/clean_tmpdir.js
2022-03-18 11:36:53,603 INFO 28118 [egg-schedule]: register schedule /Users/chenzhitao/Desktop/rango/rango-low-code/rango-low-code-server/node_modules/egg-logrotator/app/schedule/clean_log.js
2022-03-18 11:36:53,604 INFO 28118 [egg-schedule]: register schedule /Users/chenzhitao/Desktop/rango/rango-low-code/rango-low-code-server/node_modules/egg-logrotator/app/schedule/rotate_by_file.js
2022-03-18 11:36:53,616 INFO 28121 [egg-schedule]: register schedule /Users/chenzhitao/Desktop/rango/rango-low-code/rango-low-code-server/node_modules/egg-multipart/app/schedule/clean_tmpdir.js
2022-03-18 11:36:53,616 INFO 28121 [egg-schedule]: register schedule /Users/chenzhitao/Desktop/rango/rango-low-code/rango-low-code-server/node_modules/egg-logrotator/app/schedule/clean_log.js
2022-03-18 11:36:53,616 INFO 28121 [egg-schedule]: register schedule /Users/chenzhitao/Desktop/rango/rango-low-code/rango-low-code-server/node_modules/egg-logrotator/app/schedule/rotate_by_file.js
2022-03-18 11:36:53,618 INFO 28123 [egg-schedule]: register schedule /Users/chenzhitao/Desktop/rango/rango-low-code/rango-low-code-server/node_modules/egg-multipart/app/schedule/clean_tmpdir.js
2022-03-18 11:36:53,618 INFO 28123 [egg-schedule]: register schedule /Users/chenzhitao/Desktop/rango/rango-low-code/rango-low-code-server/node_modules/egg-logrotator/app/schedule/clean_log.js
2022-03-18 11:36:53,618 INFO 28123 [egg-schedule]: register schedule /Users/chenzhitao/Desktop/rango/rango-low-code/rango-low-code-server/node_modules/egg-logrotator/app/schedule/rotate_by_file.js
2022-03-18 11:36:53,619 INFO 28122 [egg-schedule]: register schedule /Users/chenzhitao/Desktop/rango/rango-low-code/rango-low-code-server/node_modules/egg-multipart/app/schedule/clean_tmpdir.js
2022-03-18 11:36:53,619 INFO 28122 [egg-schedule]: register schedule /Users/chenzhitao/Desktop/rango/rango-low-code/rango-low-code-server/node_modules/egg-logrotator/app/schedule/clean_log.js
2022-03-18 11:36:53,619 INFO 28122 [egg-schedule]: register schedule /Users/chenzhitao/Desktop/rango/rango-low-code/rango-low-code-server/node_modules/egg-logrotator/app/schedule/rotate_by_file.js
2022-03-18 11:36:53,618 INFO 28124 [egg-schedule]: register schedule /Users/chenzhitao/Desktop/rango/rango-low-code/rango-low-code-server/node_modules/egg-multipart/app/schedule/clean_tmpdir.js
2022-03-18 11:36:53,618 INFO 28124 [egg-schedule]: register schedule /Users/chenzhitao/Desktop/rango/rango-low-code/rango-low-code-server/node_modules/egg-logrotator/app/schedule/clean_log.js
2022-03-18 11:36:53,618 INFO 28124 [egg-schedule]: register schedule /Users/chenzhitao/Desktop/rango/rango-low-code/rango-low-code-server/node_modules/egg-logrotator/app/schedule/rotate_by_file.js
2022-03-18 11:36:53,633 INFO 28125 [egg-schedule]: register schedule /Users/chenzhitao/Desktop/rango/rango-low-code/rango-low-code-server/node_modules/egg-multipart/app/schedule/clean_tmpdir.js
2022-03-18 11:36:53,633 INFO 28125 [egg-schedule]: register schedule /Users/chenzhitao/Desktop/rango/rango-low-code/rango-low-code-server/node_modules/egg-logrotator/app/schedule/clean_log.js
2022-03-18 11:36:53,633 INFO 28125 [egg-schedule]: register schedule /Users/chenzhitao/Desktop/rango/rango-low-code/rango-low-code-server/node_modules/egg-logrotator/app/schedule/rotate_by_file.js
2022-03-18 11:36:53,859 INFO 28107 [Timer] /Users/chenzhitao/Desktop/rango/rango-low-code/rango-low-code-server/node_modules/egg-multipart/app/schedule/clean_tmpdir.js next time will execute after 60786143ms at 2022-03-19 04:30:00.002
2022-03-18 11:36:53,860 INFO 28107 [Timer] /Users/chenzhitao/Desktop/rango/rango-low-code/rango-low-code-server/node_modules/egg-logrotator/app/schedule/clean_log.js next time will execute after 44586141ms at 2022-03-19 00:00:00.001
2022-03-18 11:36:53,860 INFO 28107 [Timer] /Users/chenzhitao/Desktop/rango/rango-low-code/rango-low-code-server/node_modules/egg-logrotator/app/schedule/rotate_by_file.js next time will execute after 44587140ms at 2022-03-19 00:00:01.000
2022-03-18 11:42:13,362 INFO 30852 [egg-schedule]: register schedule /Users/chenzhitao/Desktop/rango/rango-low-code/rango-low-code-server/node_modules/egg-multipart/app/schedule/clean_tmpdir.js
2022-03-18 11:42:13,363 INFO 30852 [egg-schedule]: register schedule /Users/chenzhitao/Desktop/rango/rango-low-code/rango-low-code-server/node_modules/egg-logrotator/app/schedule/clean_log.js
2022-03-18 11:42:13,363 INFO 30852 [egg-schedule]: register schedule /Users/chenzhitao/Desktop/rango/rango-low-code/rango-low-code-server/node_modules/egg-logrotator/app/schedule/rotate_by_file.js
2022-03-18 11:42:13,366 INFO 30854 [egg-schedule]: register schedule /Users/chenzhitao/Desktop/rango/rango-low-code/rango-low-code-server/node_modules/egg-multipart/app/schedule/clean_tmpdir.js
2022-03-18 11:42:13,366 INFO 30854 [egg-schedule]: register schedule /Users/chenzhitao/Desktop/rango/rango-low-code/rango-low-code-server/node_modules/egg-logrotator/app/schedule/clean_log.js
2022-03-18 11:42:13,366 INFO 30854 [egg-schedule]: register schedule /Users/chenzhitao/Desktop/rango/rango-low-code/rango-low-code-server/node_modules/egg-logrotator/app/schedule/rotate_by_file.js
2022-03-18 11:42:13,361 INFO 30853 [egg-schedule]: register schedule /Users/chenzhitao/Desktop/rango/rango-low-code/rango-low-code-server/node_modules/egg-multipart/app/schedule/clean_tmpdir.js
2022-03-18 11:42:13,361 INFO 30853 [egg-schedule]: register schedule /Users/chenzhitao/Desktop/rango/rango-low-code/rango-low-code-server/node_modules/egg-logrotator/app/schedule/clean_log.js
2022-03-18 11:42:13,361 INFO 30853 [egg-schedule]: register schedule /Users/chenzhitao/Desktop/rango/rango-low-code/rango-low-code-server/node_modules/egg-logrotator/app/schedule/rotate_by_file.js
2022-03-18 11:42:13,370 INFO 30856 [egg-schedule]: register schedule /Users/chenzhitao/Desktop/rango/rango-low-code/rango-low-code-server/node_modules/egg-multipart/app/schedule/clean_tmpdir.js
2022-03-18 11:42:13,370 INFO 30856 [egg-schedule]: register schedule /Users/chenzhitao/Desktop/rango/rango-low-code/rango-low-code-server/node_modules/egg-logrotator/app/schedule/clean_log.js
2022-03-18 11:42:13,370 INFO 30856 [egg-schedule]: register schedule /Users/chenzhitao/Desktop/rango/rango-low-code/rango-low-code-server/node_modules/egg-logrotator/app/schedule/rotate_by_file.js
2022-03-18 11:42:13,379 INFO 30855 [egg-schedule]: register schedule /Users/chenzhitao/Desktop/rango/rango-low-code/rango-low-code-server/node_modules/egg-multipart/app/schedule/clean_tmpdir.js
2022-03-18 11:42:13,379 INFO 30855 [egg-schedule]: register schedule /Users/chenzhitao/Desktop/rango/rango-low-code/rango-low-code-server/node_modules/egg-logrotator/app/schedule/clean_log.js
2022-03-18 11:42:13,379 INFO 30855 [egg-schedule]: register schedule /Users/chenzhitao/Desktop/rango/rango-low-code/rango-low-code-server/node_modules/egg-logrotator/app/schedule/rotate_by_file.js
2022-03-18 11:42:13,383 INFO 30858 [egg-schedule]: register schedule /Users/chenzhitao/Desktop/rango/rango-low-code/rango-low-code-server/node_modules/egg-multipart/app/schedule/clean_tmpdir.js
2022-03-18 11:42:13,383 INFO 30858 [egg-schedule]: register schedule /Users/chenzhitao/Desktop/rango/rango-low-code/rango-low-code-server/node_modules/egg-logrotator/app/schedule/clean_log.js
2022-03-18 11:42:13,383 INFO 30858 [egg-schedule]: register schedule /Users/chenzhitao/Desktop/rango/rango-low-code/rango-low-code-server/node_modules/egg-logrotator/app/schedule/rotate_by_file.js
2022-03-18 11:42:13,373 INFO 30857 [egg-schedule]: register schedule /Users/chenzhitao/Desktop/rango/rango-low-code/rango-low-code-server/node_modules/egg-multipart/app/schedule/clean_tmpdir.js
2022-03-18 11:42:13,373 INFO 30857 [egg-schedule]: register schedule /Users/chenzhitao/Desktop/rango/rango-low-code/rango-low-code-server/node_modules/egg-logrotator/app/schedule/clean_log.js
2022-03-18 11:42:13,373 INFO 30857 [egg-schedule]: register schedule /Users/chenzhitao/Desktop/rango/rango-low-code/rango-low-code-server/node_modules/egg-logrotator/app/schedule/rotate_by_file.js
2022-03-18 11:42:13,389 INFO 30861 [egg-schedule]: register schedule /Users/chenzhitao/Desktop/rango/rango-low-code/rango-low-code-server/node_modules/egg-multipart/app/schedule/clean_tmpdir.js
2022-03-18 11:42:13,389 INFO 30861 [egg-schedule]: register schedule /Users/chenzhitao/Desktop/rango/rango-low-code/rango-low-code-server/node_modules/egg-logrotator/app/schedule/clean_log.js
2022-03-18 11:42:13,389 INFO 30861 [egg-schedule]: register schedule /Users/chenzhitao/Desktop/rango/rango-low-code/rango-low-code-server/node_modules/egg-logrotator/app/schedule/rotate_by_file.js
2022-03-18 11:42:13,396 INFO 30859 [egg-schedule]: register schedule /Users/chenzhitao/Desktop/rango/rango-low-code/rango-low-code-server/node_modules/egg-multipart/app/schedule/clean_tmpdir.js
2022-03-18 11:42:13,396 INFO 30859 [egg-schedule]: register schedule /Users/chenzhitao/Desktop/rango/rango-low-code/rango-low-code-server/node_modules/egg-logrotator/app/schedule/clean_log.js
2022-03-18 11:42:13,396 INFO 30859 [egg-schedule]: register schedule /Users/chenzhitao/Desktop/rango/rango-low-code/rango-low-code-server/node_modules/egg-logrotator/app/schedule/rotate_by_file.js
2022-03-18 11:42:13,395 INFO 30860 [egg-schedule]: register schedule /Users/chenzhitao/Desktop/rango/rango-low-code/rango-low-code-server/node_modules/egg-multipart/app/schedule/clean_tmpdir.js
2022-03-18 11:42:13,395 INFO 30860 [egg-schedule]: register schedule /Users/chenzhitao/Desktop/rango/rango-low-code/rango-low-code-server/node_modules/egg-logrotator/app/schedule/clean_log.js
2022-03-18 11:42:13,395 INFO 30860 [egg-schedule]: register schedule /Users/chenzhitao/Desktop/rango/rango-low-code/rango-low-code-server/node_modules/egg-logrotator/app/schedule/rotate_by_file.js
2022-03-18 11:42:13,394 INFO 30862 [egg-schedule]: register schedule /Users/chenzhitao/Desktop/rango/rango-low-code/rango-low-code-server/node_modules/egg-multipart/app/schedule/clean_tmpdir.js
2022-03-18 11:42:13,394 INFO 30862 [egg-schedule]: register schedule /Users/chenzhitao/Desktop/rango/rango-low-code/rango-low-code-server/node_modules/egg-logrotator/app/schedule/clean_log.js
2022-03-18 11:42:13,394 INFO 30862 [egg-schedule]: register schedule /Users/chenzhitao/Desktop/rango/rango-low-code/rango-low-code-server/node_modules/egg-logrotator/app/schedule/rotate_by_file.js
2022-03-18 11:42:13,402 INFO 30863 [egg-schedule]: register schedule /Users/chenzhitao/Desktop/rango/rango-low-code/rango-low-code-server/node_modules/egg-multipart/app/schedule/clean_tmpdir.js
2022-03-18 11:42:13,402 INFO 30863 [egg-schedule]: register schedule /Users/chenzhitao/Desktop/rango/rango-low-code/rango-low-code-server/node_modules/egg-logrotator/app/schedule/clean_log.js
2022-03-18 11:42:13,402 INFO 30863 [egg-schedule]: register schedule /Users/chenzhitao/Desktop/rango/rango-low-code/rango-low-code-server/node_modules/egg-logrotator/app/schedule/rotate_by_file.js
2022-03-18 11:42:13,432 INFO 30866 [egg-schedule]: register schedule /Users/chenzhitao/Desktop/rango/rango-low-code/rango-low-code-server/node_modules/egg-multipart/app/schedule/clean_tmpdir.js
2022-03-18 11:42:13,433 INFO 30866 [egg-schedule]: register schedule /Users/chenzhitao/Desktop/rango/rango-low-code/rango-low-code-server/node_modules/egg-logrotator/app/schedule/clean_log.js
2022-03-18 11:42:13,433 INFO 30866 [egg-schedule]: register schedule /Users/chenzhitao/Desktop/rango/rango-low-code/rango-low-code-server/node_modules/egg-logrotator/app/schedule/rotate_by_file.js
2022-03-18 11:42:13,414 INFO 30864 [egg-schedule]: register schedule /Users/chenzhitao/Desktop/rango/rango-low-code/rango-low-code-server/node_modules/egg-multipart/app/schedule/clean_tmpdir.js
2022-03-18 11:42:13,414 INFO 30864 [egg-schedule]: register schedule /Users/chenzhitao/Desktop/rango/rango-low-code/rango-low-code-server/node_modules/egg-logrotator/app/schedule/clean_log.js
2022-03-18 11:42:13,414 INFO 30864 [egg-schedule]: register schedule /Users/chenzhitao/Desktop/rango/rango-low-code/rango-low-code-server/node_modules/egg-logrotator/app/schedule/rotate_by_file.js
2022-03-18 11:42:13,431 INFO 30865 [egg-schedule]: register schedule /Users/chenzhitao/Desktop/rango/rango-low-code/rango-low-code-server/node_modules/egg-multipart/app/schedule/clean_tmpdir.js
2022-03-18 11:42:13,431 INFO 30865 [egg-schedule]: register schedule /Users/chenzhitao/Desktop/rango/rango-low-code/rango-low-code-server/node_modules/egg-logrotator/app/schedule/clean_log.js
2022-03-18 11:42:13,431 INFO 30865 [egg-schedule]: register schedule /Users/chenzhitao/Desktop/rango/rango-low-code/rango-low-code-server/node_modules/egg-logrotator/app/schedule/rotate_by_file.js
2022-03-18 11:42:13,445 INFO 30867 [egg-schedule]: register schedule /Users/chenzhitao/Desktop/rango/rango-low-code/rango-low-code-server/node_modules/egg-multipart/app/schedule/clean_tmpdir.js
2022-03-18 11:42:13,445 INFO 30867 [egg-schedule]: register schedule /Users/chenzhitao/Desktop/rango/rango-low-code/rango-low-code-server/node_modules/egg-logrotator/app/schedule/clean_log.js
2022-03-18 11:42:13,445 INFO 30867 [egg-schedule]: register schedule /Users/chenzhitao/Desktop/rango/rango-low-code/rango-low-code-server/node_modules/egg-logrotator/app/schedule/rotate_by_file.js
2022-03-18 11:42:13,758 INFO 30848 [Timer] /Users/chenzhitao/Desktop/rango/rango-low-code/rango-low-code-server/node_modules/egg-multipart/app/schedule/clean_tmpdir.js next time will execute after 60466245ms at 2022-03-19 04:30:00.003
2022-03-18 11:42:13,758 INFO 30848 [Timer] /Users/chenzhitao/Desktop/rango/rango-low-code/rango-low-code-server/node_modules/egg-logrotator/app/schedule/clean_log.js next time will execute after 44266242ms at 2022-03-19 00:00:00.000
2022-03-18 11:42:13,758 INFO 30848 [Timer] /Users/chenzhitao/Desktop/rango/rango-low-code/rango-low-code-server/node_modules/egg-logrotator/app/schedule/rotate_by_file.js next time will execute after 44267242ms at 2022-03-19 00:00:01.000
2022-03-18 14:15:01,593 INFO 45481 [egg-schedule]: register schedule /Users/chenzhitao/Desktop/rango/rango-low-code/rango-low-code-server/node_modules/egg-multipart/app/schedule/clean_tmpdir.js
2022-03-18 14:15:01,593 INFO 45481 [egg-schedule]: register schedule /Users/chenzhitao/Desktop/rango/rango-low-code/rango-low-code-server/node_modules/egg-logrotator/app/schedule/clean_log.js
2022-03-18 14:15:01,593 INFO 45481 [egg-schedule]: register schedule /Users/chenzhitao/Desktop/rango/rango-low-code/rango-low-code-server/node_modules/egg-logrotator/app/schedule/rotate_by_file.js
2022-03-18 14:15:01,596 INFO 45479 [egg-schedule]: register schedule /Users/chenzhitao/Desktop/rango/rango-low-code/rango-low-code-server/node_modules/egg-multipart/app/schedule/clean_tmpdir.js
2022-03-18 14:15:01,596 INFO 45479 [egg-schedule]: register schedule /Users/chenzhitao/Desktop/rango/rango-low-code/rango-low-code-server/node_modules/egg-logrotator/app/schedule/clean_log.js
2022-03-18 14:15:01,596 INFO 45479 [egg-schedule]: register schedule /Users/chenzhitao/Desktop/rango/rango-low-code/rango-low-code-server/node_modules/egg-logrotator/app/schedule/rotate_by_file.js
2022-03-18 14:15:01,601 INFO 45480 [egg-schedule]: register schedule /Users/chenzhitao/Desktop/rango/rango-low-code/rango-low-code-server/node_modules/egg-multipart/app/schedule/clean_tmpdir.js
2022-03-18 14:15:01,601 INFO 45480 [egg-schedule]: register schedule /Users/chenzhitao/Desktop/rango/rango-low-code/rango-low-code-server/node_modules/egg-logrotator/app/schedule/clean_log.js
2022-03-18 14:15:01,601 INFO 45480 [egg-schedule]: register schedule /Users/chenzhitao/Desktop/rango/rango-low-code/rango-low-code-server/node_modules/egg-logrotator/app/schedule/rotate_by_file.js
2022-03-18 14:15:01,596 INFO 45483 [egg-schedule]: register schedule /Users/chenzhitao/Desktop/rango/rango-low-code/rango-low-code-server/node_modules/egg-multipart/app/schedule/clean_tmpdir.js
2022-03-18 14:15:01,596 INFO 45483 [egg-schedule]: register schedule /Users/chenzhitao/Desktop/rango/rango-low-code/rango-low-code-server/node_modules/egg-logrotator/app/schedule/clean_log.js
2022-03-18 14:15:01,596 INFO 45483 [egg-schedule]: register schedule /Users/chenzhitao/Desktop/rango/rango-low-code/rango-low-code-server/node_modules/egg-logrotator/app/schedule/rotate_by_file.js
2022-03-18 14:15:01,598 INFO 45484 [egg-schedule]: register schedule /Users/chenzhitao/Desktop/rango/rango-low-code/rango-low-code-server/node_modules/egg-multipart/app/schedule/clean_tmpdir.js
2022-03-18 14:15:01,598 INFO 45484 [egg-schedule]: register schedule /Users/chenzhitao/Desktop/rango/rango-low-code/rango-low-code-server/node_modules/egg-logrotator/app/schedule/clean_log.js
2022-03-18 14:15:01,598 INFO 45484 [egg-schedule]: register schedule /Users/chenzhitao/Desktop/rango/rango-low-code/rango-low-code-server/node_modules/egg-logrotator/app/schedule/rotate_by_file.js
2022-03-18 14:15:01,606 INFO 45482 [egg-schedule]: register schedule /Users/chenzhitao/Desktop/rango/rango-low-code/rango-low-code-server/node_modules/egg-multipart/app/schedule/clean_tmpdir.js
2022-03-18 14:15:01,606 INFO 45482 [egg-schedule]: register schedule /Users/chenzhitao/Desktop/rango/rango-low-code/rango-low-code-server/node_modules/egg-logrotator/app/schedule/clean_log.js
2022-03-18 14:15:01,606 INFO 45482 [egg-schedule]: register schedule /Users/chenzhitao/Desktop/rango/rango-low-code/rango-low-code-server/node_modules/egg-logrotator/app/schedule/rotate_by_file.js
2022-03-18 14:15:01,617 INFO 45489 [egg-schedule]: register schedule /Users/chenzhitao/Desktop/rango/rango-low-code/rango-low-code-server/node_modules/egg-multipart/app/schedule/clean_tmpdir.js
2022-03-18 14:15:01,617 INFO 45489 [egg-schedule]: register schedule /Users/chenzhitao/Desktop/rango/rango-low-code/rango-low-code-server/node_modules/egg-logrotator/app/schedule/clean_log.js
2022-03-18 14:15:01,617 INFO 45489 [egg-schedule]: register schedule /Users/chenzhitao/Desktop/rango/rango-low-code/rango-low-code-server/node_modules/egg-logrotator/app/schedule/rotate_by_file.js
2022-03-18 14:15:01,621 INFO 45485 [egg-schedule]: register schedule /Users/chenzhitao/Desktop/rango/rango-low-code/rango-low-code-server/node_modules/egg-multipart/app/schedule/clean_tmpdir.js
2022-03-18 14:15:01,621 INFO 45485 [egg-schedule]: register schedule /Users/chenzhitao/Desktop/rango/rango-low-code/rango-low-code-server/node_modules/egg-logrotator/app/schedule/clean_log.js
2022-03-18 14:15:01,621 INFO 45485 [egg-schedule]: register schedule /Users/chenzhitao/Desktop/rango/rango-low-code/rango-low-code-server/node_modules/egg-logrotator/app/schedule/rotate_by_file.js
2022-03-18 14:15:01,622 INFO 45492 [egg-schedule]: register schedule /Users/chenzhitao/Desktop/rango/rango-low-code/rango-low-code-server/node_modules/egg-multipart/app/schedule/clean_tmpdir.js
2022-03-18 14:15:01,622 INFO 45492 [egg-schedule]: register schedule /Users/chenzhitao/Desktop/rango/rango-low-code/rango-low-code-server/node_modules/egg-logrotator/app/schedule/clean_log.js
2022-03-18 14:15:01,622 INFO 45492 [egg-schedule]: register schedule /Users/chenzhitao/Desktop/rango/rango-low-code/rango-low-code-server/node_modules/egg-logrotator/app/schedule/rotate_by_file.js
2022-03-18 14:15:01,624 INFO 45486 [egg-schedule]: register schedule /Users/chenzhitao/Desktop/rango/rango-low-code/rango-low-code-server/node_modules/egg-multipart/app/schedule/clean_tmpdir.js
2022-03-18 14:15:01,625 INFO 45486 [egg-schedule]: register schedule /Users/chenzhitao/Desktop/rango/rango-low-code/rango-low-code-server/node_modules/egg-logrotator/app/schedule/clean_log.js
2022-03-18 14:15:01,625 INFO 45486 [egg-schedule]: register schedule /Users/chenzhitao/Desktop/rango/rango-low-code/rango-low-code-server/node_modules/egg-logrotator/app/schedule/rotate_by_file.js
2022-03-18 14:15:01,625 INFO 45487 [egg-schedule]: register schedule /Users/chenzhitao/Desktop/rango/rango-low-code/rango-low-code-server/node_modules/egg-multipart/app/schedule/clean_tmpdir.js
2022-03-18 14:15:01,625 INFO 45487 [egg-schedule]: register schedule /Users/chenzhitao/Desktop/rango/rango-low-code/rango-low-code-server/node_modules/egg-logrotator/app/schedule/clean_log.js
2022-03-18 14:15:01,625 INFO 45487 [egg-schedule]: register schedule /Users/chenzhitao/Desktop/rango/rango-low-code/rango-low-code-server/node_modules/egg-logrotator/app/schedule/rotate_by_file.js
2022-03-18 14:15:01,627 INFO 45488 [egg-schedule]: register schedule /Users/chenzhitao/Desktop/rango/rango-low-code/rango-low-code-server/node_modules/egg-multipart/app/schedule/clean_tmpdir.js
2022-03-18 14:15:01,627 INFO 45488 [egg-schedule]: register schedule /Users/chenzhitao/Desktop/rango/rango-low-code/rango-low-code-server/node_modules/egg-logrotator/app/schedule/clean_log.js
2022-03-18 14:15:01,627 INFO 45488 [egg-schedule]: register schedule /Users/chenzhitao/Desktop/rango/rango-low-code/rango-low-code-server/node_modules/egg-logrotator/app/schedule/rotate_by_file.js
2022-03-18 14:15:01,635 INFO 45491 [egg-schedule]: register schedule /Users/chenzhitao/Desktop/rango/rango-low-code/rango-low-code-server/node_modules/egg-multipart/app/schedule/clean_tmpdir.js
2022-03-18 14:15:01,635 INFO 45491 [egg-schedule]: register schedule /Users/chenzhitao/Desktop/rango/rango-low-code/rango-low-code-server/node_modules/egg-logrotator/app/schedule/clean_log.js
2022-03-18 14:15:01,635 INFO 45491 [egg-schedule]: register schedule /Users/chenzhitao/Desktop/rango/rango-low-code/rango-low-code-server/node_modules/egg-logrotator/app/schedule/rotate_by_file.js
2022-03-18 14:15:01,638 INFO 45490 [egg-schedule]: register schedule /Users/chenzhitao/Desktop/rango/rango-low-code/rango-low-code-server/node_modules/egg-multipart/app/schedule/clean_tmpdir.js
2022-03-18 14:15:01,638 INFO 45490 [egg-schedule]: register schedule /Users/chenzhitao/Desktop/rango/rango-low-code/rango-low-code-server/node_modules/egg-logrotator/app/schedule/clean_log.js
2022-03-18 14:15:01,638 INFO 45490 [egg-schedule]: register schedule /Users/chenzhitao/Desktop/rango/rango-low-code/rango-low-code-server/node_modules/egg-logrotator/app/schedule/rotate_by_file.js
2022-03-18 14:15:01,649 INFO 45493 [egg-schedule]: register schedule /Users/chenzhitao/Desktop/rango/rango-low-code/rango-low-code-server/node_modules/egg-multipart/app/schedule/clean_tmpdir.js
2022-03-18 14:15:01,649 INFO 45493 [egg-schedule]: register schedule /Users/chenzhitao/Desktop/rango/rango-low-code/rango-low-code-server/node_modules/egg-logrotator/app/schedule/clean_log.js
2022-03-18 14:15:01,649 INFO 45493 [egg-schedule]: register schedule /Users/chenzhitao/Desktop/rango/rango-low-code/rango-low-code-server/node_modules/egg-logrotator/app/schedule/rotate_by_file.js
2022-03-18 14:15:01,652 INFO 45494 [egg-schedule]: register schedule /Users/chenzhitao/Desktop/rango/rango-low-code/rango-low-code-server/node_modules/egg-multipart/app/schedule/clean_tmpdir.js
2022-03-18 14:15:01,652 INFO 45494 [egg-schedule]: register schedule /Users/chenzhitao/Desktop/rango/rango-low-code/rango-low-code-server/node_modules/egg-logrotator/app/schedule/clean_log.js
2022-03-18 14:15:01,652 INFO 45494 [egg-schedule]: register schedule /Users/chenzhitao/Desktop/rango/rango-low-code/rango-low-code-server/node_modules/egg-logrotator/app/schedule/rotate_by_file.js
2022-03-18 14:15:01,913 INFO 45476 [Timer] /Users/chenzhitao/Desktop/rango/rango-low-code/rango-low-code-server/node_modules/egg-multipart/app/schedule/clean_tmpdir.js next time will execute after 51298090ms at 2022-03-19 04:30:00.003
2022-03-18 14:15:01,914 INFO 45476 [Timer] /Users/chenzhitao/Desktop/rango/rango-low-code/rango-low-code-server/node_modules/egg-logrotator/app/schedule/clean_log.js next time will execute after 35098086ms at 2022-03-19 00:00:00.000
2022-03-18 14:15:01,914 INFO 45476 [Timer] /Users/chenzhitao/Desktop/rango/rango-low-code/rango-low-code-server/node_modules/egg-logrotator/app/schedule/rotate_by_file.js next time will execute after 35099086ms at 2022-03-19 00:00:01.000
2022-03-18 14:16:57,428 INFO 46548 [egg-schedule]: register schedule /Users/chenzhitao/Desktop/rango/rango-low-code/rango-low-code-server/node_modules/egg-multipart/app/schedule/clean_tmpdir.js
2022-03-18 14:16:57,428 INFO 46548 [egg-schedule]: register schedule /Users/chenzhitao/Desktop/rango/rango-low-code/rango-low-code-server/node_modules/egg-logrotator/app/schedule/clean_log.js
2022-03-18 14:16:57,428 INFO 46548 [egg-schedule]: register schedule /Users/chenzhitao/Desktop/rango/rango-low-code/rango-low-code-server/node_modules/egg-logrotator/app/schedule/rotate_by_file.js
2022-03-18 14:19:26,590 INFO 47869 [egg-schedule]: register schedule /Users/chenzhitao/Desktop/rango/rango-low-code/rango-low-code-server/node_modules/egg-multipart/app/schedule/clean_tmpdir.js
2022-03-18 14:19:26,590 INFO 47869 [egg-schedule]: register schedule /Users/chenzhitao/Desktop/rango/rango-low-code/rango-low-code-server/node_modules/egg-logrotator/app/schedule/clean_log.js
2022-03-18 14:19:26,590 INFO 47869 [egg-schedule]: register schedule /Users/chenzhitao/Desktop/rango/rango-low-code/rango-low-code-server/node_modules/egg-logrotator/app/schedule/rotate_by_file.js
2022-03-18 14:21:25,961 INFO 48900 [egg-schedule]: register schedule /Users/chenzhitao/Desktop/rango/rango-low-code/rango-low-code-server/node_modules/egg-multipart/app/schedule/clean_tmpdir.js
2022-03-18 14:21:25,961 INFO 48900 [egg-schedule]: register schedule /Users/chenzhitao/Desktop/rango/rango-low-code/rango-low-code-server/node_modules/egg-logrotator/app/schedule/clean_log.js
2022-03-18 14:21:25,962 INFO 48900 [egg-schedule]: register schedule /Users/chenzhitao/Desktop/rango/rango-low-code/rango-low-code-server/node_modules/egg-logrotator/app/schedule/rotate_by_file.js
2022-03-18 14:21:54,210 INFO 49182 [egg-schedule]: register schedule /Users/chenzhitao/Desktop/rango/rango-low-code/rango-low-code-server/node_modules/egg-multipart/app/schedule/clean_tmpdir.js
2022-03-18 14:21:54,211 INFO 49182 [egg-schedule]: register schedule /Users/chenzhitao/Desktop/rango/rango-low-code/rango-low-code-server/node_modules/egg-logrotator/app/schedule/clean_log.js
2022-03-18 14:21:54,211 INFO 49182 [egg-schedule]: register schedule /Users/chenzhitao/Desktop/rango/rango-low-code/rango-low-code-server/node_modules/egg-logrotator/app/schedule/rotate_by_file.js
2022-03-18 14:24:51,197 INFO 50723 [egg-schedule]: register schedule /Users/chenzhitao/Desktop/rango/rango-low-code/rango-low-code-server/node_modules/egg-multipart/app/schedule/clean_tmpdir.js
2022-03-18 14:24:51,197 INFO 50723 [egg-schedule]: register schedule /Users/chenzhitao/Desktop/rango/rango-low-code/rango-low-code-server/node_modules/egg-logrotator/app/schedule/clean_log.js
2022-03-18 14:24:51,197 INFO 50723 [egg-schedule]: register schedule /Users/chenzhitao/Desktop/rango/rango-low-code/rango-low-code-server/node_modules/egg-logrotator/app/schedule/rotate_by_file.js
2022-03-18 14:25:14,384 INFO 50931 [egg-schedule]: register schedule /Users/chenzhitao/Desktop/rango/rango-low-code/rango-low-code-server/node_modules/egg-multipart/app/schedule/clean_tmpdir.js
2022-03-18 14:25:14,384 INFO 50931 [egg-schedule]: register schedule /Users/chenzhitao/Desktop/rango/rango-low-code/rango-low-code-server/node_modules/egg-logrotator/app/schedule/clean_log.js
2022-03-18 14:25:14,384 INFO 50931 [egg-schedule]: register schedule /Users/chenzhitao/Desktop/rango/rango-low-code/rango-low-code-server/node_modules/egg-logrotator/app/schedule/rotate_by_file.js
2022-03-18 14:25:43,254 INFO 51249 [egg-schedule]: register schedule /Users/chenzhitao/Desktop/rango/rango-low-code/rango-low-code-server/node_modules/egg-multipart/app/schedule/clean_tmpdir.js
2022-03-18 14:25:43,254 INFO 51249 [egg-schedule]: register schedule /Users/chenzhitao/Desktop/rango/rango-low-code/rango-low-code-server/node_modules/egg-logrotator/app/schedule/clean_log.js
2022-03-18 14:25:43,254 INFO 51249 [egg-schedule]: register schedule /Users/chenzhitao/Desktop/rango/rango-low-code/rango-low-code-server/node_modules/egg-logrotator/app/schedule/rotate_by_file.js
2022-03-18 14:25:43,464 INFO 51245 [Timer] /Users/chenzhitao/Desktop/rango/rango-low-code/rango-low-code-server/node_modules/egg-multipart/app/schedule/clean_tmpdir.js next time will execute after 50656538ms at 2022-03-19 04:30:00.002
2022-03-18 14:25:43,464 INFO 51245 [Timer] /Users/chenzhitao/Desktop/rango/rango-low-code/rango-low-code-server/node_modules/egg-logrotator/app/schedule/clean_log.js next time will execute after 34456536ms at 2022-03-19 00:00:00.000
2022-03-18 14:25:43,465 INFO 51245 [Timer] /Users/chenzhitao/Desktop/rango/rango-low-code/rango-low-code-server/node_modules/egg-logrotator/app/schedule/rotate_by_file.js next time will execute after 34457536ms at 2022-03-19 00:00:01.001
2022-03-18 14:28:15,631 INFO 52447 [egg-schedule]: register schedule /Users/chenzhitao/Desktop/rango/rango-low-code/rango-low-code-server/node_modules/egg-multipart/app/schedule/clean_tmpdir.js
2022-03-18 14:28:15,631 INFO 52447 [egg-schedule]: register schedule /Users/chenzhitao/Desktop/rango/rango-low-code/rango-low-code-server/node_modules/egg-logrotator/app/schedule/clean_log.js
2022-03-18 14:28:15,631 INFO 52447 [egg-schedule]: register schedule /Users/chenzhitao/Desktop/rango/rango-low-code/rango-low-code-server/node_modules/egg-logrotator/app/schedule/rotate_by_file.js
2022-03-18 14:40:51,954 INFO 58696 [egg-schedule]: register schedule /Users/chenzhitao/Desktop/rango/rango-low-code/rango-low-code-server/node_modules/egg-multipart/app/schedule/clean_tmpdir.js
2022-03-18 14:40:51,955 INFO 58696 [egg-schedule]: register schedule /Users/chenzhitao/Desktop/rango/rango-low-code/rango-low-code-server/node_modules/egg-logrotator/app/schedule/clean_log.js
2022-03-18 14:40:51,955 INFO 58696 [egg-schedule]: register schedule /Users/chenzhitao/Desktop/rango/rango-low-code/rango-low-code-server/node_modules/egg-logrotator/app/schedule/rotate_by_file.js
2022-03-18 14:44:05,529 INFO 60316 [egg-schedule]: register schedule /Users/chenzhitao/Desktop/rango/rango-low-code/rango-low-code-server/node_modules/egg-multipart/app/schedule/clean_tmpdir.js
2022-03-18 14:44:05,529 INFO 60316 [egg-schedule]: register schedule /Users/chenzhitao/Desktop/rango/rango-low-code/rango-low-code-server/node_modules/egg-logrotator/app/schedule/clean_log.js
2022-03-18 14:44:05,529 INFO 60316 [egg-schedule]: register schedule /Users/chenzhitao/Desktop/rango/rango-low-code/rango-low-code-server/node_modules/egg-logrotator/app/schedule/rotate_by_file.js
2022-03-18 14:47:29,227 INFO 61917 [egg-schedule]: register schedule /Users/chenzhitao/Desktop/rango/rango-low-code/rango-low-code-server/node_modules/egg-multipart/app/schedule/clean_tmpdir.js
2022-03-18 14:47:29,227 INFO 61917 [egg-schedule]: register schedule /Users/chenzhitao/Desktop/rango/rango-low-code/rango-low-code-server/node_modules/egg-logrotator/app/schedule/clean_log.js
2022-03-18 14:47:29,227 INFO 61917 [egg-schedule]: register schedule /Users/chenzhitao/Desktop/rango/rango-low-code/rango-low-code-server/node_modules/egg-logrotator/app/schedule/rotate_by_file.js
2022-03-18 14:48:14,208 INFO 62406 [Timer] /Users/chenzhitao/Desktop/rango/rango-low-code/rango-low-code-server/node_modules/egg-multipart/app/schedule/clean_tmpdir.js next time will execute after 49305795ms at 2022-03-19 04:30:00.003
2022-03-18 14:48:14,208 INFO 62406 [Timer] /Users/chenzhitao/Desktop/rango/rango-low-code/rango-low-code-server/node_modules/egg-logrotator/app/schedule/clean_log.js next time will execute after 33105792ms at 2022-03-19 00:00:00.000
2022-03-18 14:48:14,208 INFO 62406 [Timer] /Users/chenzhitao/Desktop/rango/rango-low-code/rango-low-code-server/node_modules/egg-logrotator/app/schedule/rotate_by_file.js next time will execute after 33106792ms at 2022-03-19 00:00:01.000
2022-03-18 14:48:13,954 INFO 62418 [egg-schedule]: register schedule /Users/chenzhitao/Desktop/rango/rango-low-code/rango-low-code-server/node_modules/egg-multipart/app/schedule/clean_tmpdir.js
2022-03-18 14:48:13,954 INFO 62418 [egg-schedule]: register schedule /Users/chenzhitao/Desktop/rango/rango-low-code/rango-low-code-server/node_modules/egg-logrotator/app/schedule/clean_log.js
2022-03-18 14:48:13,954 INFO 62418 [egg-schedule]: register schedule /Users/chenzhitao/Desktop/rango/rango-low-code/rango-low-code-server/node_modules/egg-logrotator/app/schedule/rotate_by_file.js
2022-03-18 14:49:14,884 INFO 62942 [egg-schedule]: register schedule /Users/chenzhitao/Desktop/rango/rango-low-code/rango-low-code-server/node_modules/egg-multipart/app/schedule/clean_tmpdir.js
2022-03-18 14:49:14,884 INFO 62942 [egg-schedule]: register schedule /Users/chenzhitao/Desktop/rango/rango-low-code/rango-low-code-server/node_modules/egg-logrotator/app/schedule/clean_log.js
2022-03-18 14:49:14,885 INFO 62942 [egg-schedule]: register schedule /Users/chenzhitao/Desktop/rango/rango-low-code/rango-low-code-server/node_modules/egg-logrotator/app/schedule/rotate_by_file.js
2022-03-18 16:24:58,007 INFO 98628 [egg-schedule]: register schedule /Users/chenzhitao/Desktop/rango/rango-low-code/rango-low-code-server/node_modules/egg-multipart/app/schedule/clean_tmpdir.js
2022-03-18 16:24:58,007 INFO 98628 [egg-schedule]: register schedule /Users/chenzhitao/Desktop/rango/rango-low-code/rango-low-code-server/node_modules/egg-logrotator/app/schedule/clean_log.js
2022-03-18 16:24:58,007 INFO 98628 [egg-schedule]: register schedule /Users/chenzhitao/Desktop/rango/rango-low-code/rango-low-code-server/node_modules/egg-logrotator/app/schedule/rotate_by_file.js
2022-03-18 16:24:58,007 INFO 98631 [egg-schedule]: register schedule /Users/chenzhitao/Desktop/rango/rango-low-code/rango-low-code-server/node_modules/egg-multipart/app/schedule/clean_tmpdir.js
2022-03-18 16:24:58,007 INFO 98631 [egg-schedule]: register schedule /Users/chenzhitao/Desktop/rango/rango-low-code/rango-low-code-server/node_modules/egg-logrotator/app/schedule/clean_log.js
2022-03-18 16:24:58,007 INFO 98631 [egg-schedule]: register schedule /Users/chenzhitao/Desktop/rango/rango-low-code/rango-low-code-server/node_modules/egg-logrotator/app/schedule/rotate_by_file.js
2022-03-18 16:24:58,019 INFO 98632 [egg-schedule]: register schedule /Users/chenzhitao/Desktop/rango/rango-low-code/rango-low-code-server/node_modules/egg-multipart/app/schedule/clean_tmpdir.js
2022-03-18 16:24:58,019 INFO 98632 [egg-schedule]: register schedule /Users/chenzhitao/Desktop/rango/rango-low-code/rango-low-code-server/node_modules/egg-logrotator/app/schedule/clean_log.js
2022-03-18 16:24:58,019 INFO 98632 [egg-schedule]: register schedule /Users/chenzhitao/Desktop/rango/rango-low-code/rango-low-code-server/node_modules/egg-logrotator/app/schedule/rotate_by_file.js
2022-03-18 16:24:58,010 INFO 98630 [egg-schedule]: register schedule /Users/chenzhitao/Desktop/rango/rango-low-code/rango-low-code-server/node_modules/egg-multipart/app/schedule/clean_tmpdir.js
2022-03-18 16:24:58,010 INFO 98630 [egg-schedule]: register schedule /Users/chenzhitao/Desktop/rango/rango-low-code/rango-low-code-server/node_modules/egg-logrotator/app/schedule/clean_log.js
2022-03-18 16:24:58,010 INFO 98630 [egg-schedule]: register schedule /Users/chenzhitao/Desktop/rango/rango-low-code/rango-low-code-server/node_modules/egg-logrotator/app/schedule/rotate_by_file.js
2022-03-18 16:24:58,008 INFO 98629 [egg-schedule]: register schedule /Users/chenzhitao/Desktop/rango/rango-low-code/rango-low-code-server/node_modules/egg-multipart/app/schedule/clean_tmpdir.js
2022-03-18 16:24:58,008 INFO 98629 [egg-schedule]: register schedule /Users/chenzhitao/Desktop/rango/rango-low-code/rango-low-code-server/node_modules/egg-logrotator/app/schedule/clean_log.js
2022-03-18 16:24:58,008 INFO 98629 [egg-schedule]: register schedule /Users/chenzhitao/Desktop/rango/rango-low-code/rango-low-code-server/node_modules/egg-logrotator/app/schedule/rotate_by_file.js
2022-03-18 16:24:58,033 INFO 98635 [egg-schedule]: register schedule /Users/chenzhitao/Desktop/rango/rango-low-code/rango-low-code-server/node_modules/egg-multipart/app/schedule/clean_tmpdir.js
2022-03-18 16:24:58,033 INFO 98635 [egg-schedule]: register schedule /Users/chenzhitao/Desktop/rango/rango-low-code/rango-low-code-server/node_modules/egg-logrotator/app/schedule/clean_log.js
2022-03-18 16:24:58,033 INFO 98635 [egg-schedule]: register schedule /Users/chenzhitao/Desktop/rango/rango-low-code/rango-low-code-server/node_modules/egg-logrotator/app/schedule/rotate_by_file.js
2022-03-18 16:24:58,025 INFO 98634 [egg-schedule]: register schedule /Users/chenzhitao/Desktop/rango/rango-low-code/rango-low-code-server/node_modules/egg-multipart/app/schedule/clean_tmpdir.js
2022-03-18 16:24:58,025 INFO 98634 [egg-schedule]: register schedule /Users/chenzhitao/Desktop/rango/rango-low-code/rango-low-code-server/node_modules/egg-logrotator/app/schedule/clean_log.js
2022-03-18 16:24:58,025 INFO 98634 [egg-schedule]: register schedule /Users/chenzhitao/Desktop/rango/rango-low-code/rango-low-code-server/node_modules/egg-logrotator/app/schedule/rotate_by_file.js
2022-03-18 16:24:58,030 INFO 98633 [egg-schedule]: register schedule /Users/chenzhitao/Desktop/rango/rango-low-code/rango-low-code-server/node_modules/egg-multipart/app/schedule/clean_tmpdir.js
2022-03-18 16:24:58,030 INFO 98633 [egg-schedule]: register schedule /Users/chenzhitao/Desktop/rango/rango-low-code/rango-low-code-server/node_modules/egg-logrotator/app/schedule/clean_log.js
2022-03-18 16:24:58,030 INFO 98633 [egg-schedule]: register schedule /Users/chenzhitao/Desktop/rango/rango-low-code/rango-low-code-server/node_modules/egg-logrotator/app/schedule/rotate_by_file.js
2022-03-18 16:24:58,055 INFO 98636 [egg-schedule]: register schedule /Users/chenzhitao/Desktop/rango/rango-low-code/rango-low-code-server/node_modules/egg-multipart/app/schedule/clean_tmpdir.js
2022-03-18 16:24:58,055 INFO 98636 [egg-schedule]: register schedule /Users/chenzhitao/Desktop/rango/rango-low-code/rango-low-code-server/node_modules/egg-logrotator/app/schedule/clean_log.js
2022-03-18 16:24:58,055 INFO 98636 [egg-schedule]: register schedule /Users/chenzhitao/Desktop/rango/rango-low-code/rango-low-code-server/node_modules/egg-logrotator/app/schedule/rotate_by_file.js
2022-03-18 16:24:58,050 INFO 98637 [egg-schedule]: register schedule /Users/chenzhitao/Desktop/rango/rango-low-code/rango-low-code-server/node_modules/egg-multipart/app/schedule/clean_tmpdir.js
2022-03-18 16:24:58,050 INFO 98637 [egg-schedule]: register schedule /Users/chenzhitao/Desktop/rango/rango-low-code/rango-low-code-server/node_modules/egg-logrotator/app/schedule/clean_log.js
2022-03-18 16:24:58,050 INFO 98637 [egg-schedule]: register schedule /Users/chenzhitao/Desktop/rango/rango-low-code/rango-low-code-server/node_modules/egg-logrotator/app/schedule/rotate_by_file.js
2022-03-18 16:24:58,396 INFO 98625 [Timer] /Users/chenzhitao/Desktop/rango/rango-low-code/rango-low-code-server/node_modules/egg-multipart/app/schedule/clean_tmpdir.js next time will execute after 43501608ms at 2022-03-19 04:30:00.004
2022-03-18 16:24:58,397 INFO 98625 [Timer] /Users/chenzhitao/Desktop/rango/rango-low-code/rango-low-code-server/node_modules/egg-logrotator/app/schedule/clean_log.js next time will execute after 27301603ms at 2022-03-19 00:00:00.000
2022-03-18 16:24:58,397 INFO 98625 [Timer] /Users/chenzhitao/Desktop/rango/rango-low-code/rango-low-code-server/node_modules/egg-logrotator/app/schedule/rotate_by_file.js next time will execute after 27302603ms at 2022-03-19 00:00:01.000
2022-03-18 16:24:58,095 INFO 98638 [egg-schedule]: register schedule /Users/chenzhitao/Desktop/rango/rango-low-code/rango-low-code-server/node_modules/egg-multipart/app/schedule/clean_tmpdir.js
2022-03-18 16:24:58,095 INFO 98638 [egg-schedule]: register schedule /Users/chenzhitao/Desktop/rango/rango-low-code/rango-low-code-server/node_modules/egg-logrotator/app/schedule/clean_log.js
2022-03-18 16:24:58,095 INFO 98638 [egg-schedule]: register schedule /Users/chenzhitao/Desktop/rango/rango-low-code/rango-low-code-server/node_modules/egg-logrotator/app/schedule/rotate_by_file.js
2022-03-18 16:24:58,103 INFO 98640 [egg-schedule]: register schedule /Users/chenzhitao/Desktop/rango/rango-low-code/rango-low-code-server/node_modules/egg-multipart/app/schedule/clean_tmpdir.js
2022-03-18 16:24:58,103 INFO 98640 [egg-schedule]: register schedule /Users/chenzhitao/Desktop/rango/rango-low-code/rango-low-code-server/node_modules/egg-logrotator/app/schedule/clean_log.js
2022-03-18 16:24:58,103 INFO 98640 [egg-schedule]: register schedule /Users/chenzhitao/Desktop/rango/rango-low-code/rango-low-code-server/node_modules/egg-logrotator/app/schedule/rotate_by_file.js
2022-03-18 16:24:58,093 INFO 98639 [egg-schedule]: register schedule /Users/chenzhitao/Desktop/rango/rango-low-code/rango-low-code-server/node_modules/egg-multipart/app/schedule/clean_tmpdir.js
2022-03-18 16:24:58,093 INFO 98639 [egg-schedule]: register schedule /Users/chenzhitao/Desktop/rango/rango-low-code/rango-low-code-server/node_modules/egg-logrotator/app/schedule/clean_log.js
2022-03-18 16:24:58,093 INFO 98639 [egg-schedule]: register schedule /Users/chenzhitao/Desktop/rango/rango-low-code/rango-low-code-server/node_modules/egg-logrotator/app/schedule/rotate_by_file.js
2022-03-18 16:24:58,096 INFO 98641 [egg-schedule]: register schedule /Users/chenzhitao/Desktop/rango/rango-low-code/rango-low-code-server/node_modules/egg-multipart/app/schedule/clean_tmpdir.js
2022-03-18 16:24:58,096 INFO 98641 [egg-schedule]: register schedule /Users/chenzhitao/Desktop/rango/rango-low-code/rango-low-code-server/node_modules/egg-logrotator/app/schedule/clean_log.js
2022-03-18 16:24:58,096 INFO 98641 [egg-schedule]: register schedule /Users/chenzhitao/Desktop/rango/rango-low-code/rango-low-code-server/node_modules/egg-logrotator/app/schedule/rotate_by_file.js
2022-03-18 16:24:58,109 INFO 98642 [egg-schedule]: register schedule /Users/chenzhitao/Desktop/rango/rango-low-code/rango-low-code-server/node_modules/egg-multipart/app/schedule/clean_tmpdir.js
2022-03-18 16:24:58,109 INFO 98642 [egg-schedule]: register schedule /Users/chenzhitao/Desktop/rango/rango-low-code/rango-low-code-server/node_modules/egg-logrotator/app/schedule/clean_log.js
2022-03-18 16:24:58,109 INFO 98642 [egg-schedule]: register schedule /Users/chenzhitao/Desktop/rango/rango-low-code/rango-low-code-server/node_modules/egg-logrotator/app/schedule/rotate_by_file.js
2022-03-18 16:24:58,123 INFO 98643 [egg-schedule]: register schedule /Users/chenzhitao/Desktop/rango/rango-low-code/rango-low-code-server/node_modules/egg-multipart/app/schedule/clean_tmpdir.js
2022-03-18 16:24:58,123 INFO 98643 [egg-schedule]: register schedule /Users/chenzhitao/Desktop/rango/rango-low-code/rango-low-code-server/node_modules/egg-logrotator/app/schedule/clean_log.js
2022-03-18 16:24:58,123 INFO 98643 [egg-schedule]: register schedule /Users/chenzhitao/Desktop/rango/rango-low-code/rango-low-code-server/node_modules/egg-logrotator/app/schedule/rotate_by_file.js
2022-03-18 16:33:19,105 INFO 3369 [egg-schedule]: register schedule /Users/chenzhitao/Desktop/rango/rango-low-code/rango-low-code-server/node_modules/egg-multipart/app/schedule/clean_tmpdir.js
2022-03-18 16:33:19,105 INFO 3369 [egg-schedule]: register schedule /Users/chenzhitao/Desktop/rango/rango-low-code/rango-low-code-server/node_modules/egg-logrotator/app/schedule/clean_log.js
2022-03-18 16:33:19,105 INFO 3369 [egg-schedule]: register schedule /Users/chenzhitao/Desktop/rango/rango-low-code/rango-low-code-server/node_modules/egg-logrotator/app/schedule/rotate_by_file.js
2022-03-18 16:33:19,102 INFO 3366 [egg-schedule]: register schedule /Users/chenzhitao/Desktop/rango/rango-low-code/rango-low-code-server/node_modules/egg-multipart/app/schedule/clean_tmpdir.js
2022-03-18 16:33:19,102 INFO 3366 [egg-schedule]: register schedule /Users/chenzhitao/Desktop/rango/rango-low-code/rango-low-code-server/node_modules/egg-logrotator/app/schedule/clean_log.js
2022-03-18 16:33:19,102 INFO 3366 [egg-schedule]: register schedule /Users/chenzhitao/Desktop/rango/rango-low-code/rango-low-code-server/node_modules/egg-logrotator/app/schedule/rotate_by_file.js
2022-03-18 16:33:19,108 INFO 3372 [egg-schedule]: register schedule /Users/chenzhitao/Desktop/rango/rango-low-code/rango-low-code-server/node_modules/egg-multipart/app/schedule/clean_tmpdir.js
2022-03-18 16:33:19,108 INFO 3372 [egg-schedule]: register schedule /Users/chenzhitao/Desktop/rango/rango-low-code/rango-low-code-server/node_modules/egg-logrotator/app/schedule/clean_log.js
2022-03-18 16:33:19,108 INFO 3372 [egg-schedule]: register schedule /Users/chenzhitao/Desktop/rango/rango-low-code/rango-low-code-server/node_modules/egg-logrotator/app/schedule/rotate_by_file.js
2022-03-18 16:33:19,103 INFO 3370 [egg-schedule]: register schedule /Users/chenzhitao/Desktop/rango/rango-low-code/rango-low-code-server/node_modules/egg-multipart/app/schedule/clean_tmpdir.js
2022-03-18 16:33:19,103 INFO 3370 [egg-schedule]: register schedule /Users/chenzhitao/Desktop/rango/rango-low-code/rango-low-code-server/node_modules/egg-logrotator/app/schedule/clean_log.js
2022-03-18 16:33:19,103 INFO 3370 [egg-schedule]: register schedule /Users/chenzhitao/Desktop/rango/rango-low-code/rango-low-code-server/node_modules/egg-logrotator/app/schedule/rotate_by_file.js
2022-03-18 16:33:19,102 INFO 3368 [egg-schedule]: register schedule /Users/chenzhitao/Desktop/rango/rango-low-code/rango-low-code-server/node_modules/egg-multipart/app/schedule/clean_tmpdir.js
2022-03-18 16:33:19,102 INFO 3368 [egg-schedule]: register schedule /Users/chenzhitao/Desktop/rango/rango-low-code/rango-low-code-server/node_modules/egg-logrotator/app/schedule/clean_log.js
2022-03-18 16:33:19,102 INFO 3368 [egg-schedule]: register schedule /Users/chenzhitao/Desktop/rango/rango-low-code/rango-low-code-server/node_modules/egg-logrotator/app/schedule/rotate_by_file.js
2022-03-18 16:33:19,110 INFO 3374 [egg-schedule]: register schedule /Users/chenzhitao/Desktop/rango/rango-low-code/rango-low-code-server/node_modules/egg-multipart/app/schedule/clean_tmpdir.js
2022-03-18 16:33:19,110 INFO 3374 [egg-schedule]: register schedule /Users/chenzhitao/Desktop/rango/rango-low-code/rango-low-code-server/node_modules/egg-logrotator/app/schedule/clean_log.js
2022-03-18 16:33:19,110 INFO 3374 [egg-schedule]: register schedule /Users/chenzhitao/Desktop/rango/rango-low-code/rango-low-code-server/node_modules/egg-logrotator/app/schedule/rotate_by_file.js
2022-03-18 16:33:19,107 INFO 3371 [egg-schedule]: register schedule /Users/chenzhitao/Desktop/rango/rango-low-code/rango-low-code-server/node_modules/egg-multipart/app/schedule/clean_tmpdir.js
2022-03-18 16:33:19,107 INFO 3371 [egg-schedule]: register schedule /Users/chenzhitao/Desktop/rango/rango-low-code/rango-low-code-server/node_modules/egg-logrotator/app/schedule/clean_log.js
2022-03-18 16:33:19,107 INFO 3371 [egg-schedule]: register schedule /Users/chenzhitao/Desktop/rango/rango-low-code/rango-low-code-server/node_modules/egg-logrotator/app/schedule/rotate_by_file.js
2022-03-18 16:33:19,107 INFO 3373 [egg-schedule]: register schedule /Users/chenzhitao/Desktop/rango/rango-low-code/rango-low-code-server/node_modules/egg-multipart/app/schedule/clean_tmpdir.js
2022-03-18 16:33:19,107 INFO 3373 [egg-schedule]: register schedule /Users/chenzhitao/Desktop/rango/rango-low-code/rango-low-code-server/node_modules/egg-logrotator/app/schedule/clean_log.js
2022-03-18 16:33:19,107 INFO 3373 [egg-schedule]: register schedule /Users/chenzhitao/Desktop/rango/rango-low-code/rango-low-code-server/node_modules/egg-logrotator/app/schedule/rotate_by_file.js
2022-03-18 16:33:19,113 INFO 3367 [egg-schedule]: register schedule /Users/chenzhitao/Desktop/rango/rango-low-code/rango-low-code-server/node_modules/egg-multipart/app/schedule/clean_tmpdir.js
2022-03-18 16:33:19,113 INFO 3367 [egg-schedule]: register schedule /Users/chenzhitao/Desktop/rango/rango-low-code/rango-low-code-server/node_modules/egg-logrotator/app/schedule/clean_log.js
2022-03-18 16:33:19,113 INFO 3367 [egg-schedule]: register schedule /Users/chenzhitao/Desktop/rango/rango-low-code/rango-low-code-server/node_modules/egg-logrotator/app/schedule/rotate_by_file.js
2022-03-18 16:33:19,111 INFO 3375 [egg-schedule]: register schedule /Users/chenzhitao/Desktop/rango/rango-low-code/rango-low-code-server/node_modules/egg-multipart/app/schedule/clean_tmpdir.js
2022-03-18 16:33:19,111 INFO 3375 [egg-schedule]: register schedule /Users/chenzhitao/Desktop/rango/rango-low-code/rango-low-code-server/node_modules/egg-logrotator/app/schedule/clean_log.js
2022-03-18 16:33:19,111 INFO 3375 [egg-schedule]: register schedule /Users/chenzhitao/Desktop/rango/rango-low-code/rango-low-code-server/node_modules/egg-logrotator/app/schedule/rotate_by_file.js
2022-03-18 16:33:19,126 INFO 3379 [egg-schedule]: register schedule /Users/chenzhitao/Desktop/rango/rango-low-code/rango-low-code-server/node_modules/egg-multipart/app/schedule/clean_tmpdir.js
2022-03-18 16:33:19,126 INFO 3379 [egg-schedule]: register schedule /Users/chenzhitao/Desktop/rango/rango-low-code/rango-low-code-server/node_modules/egg-logrotator/app/schedule/clean_log.js
2022-03-18 16:33:19,126 INFO 3379 [egg-schedule]: register schedule /Users/chenzhitao/Desktop/rango/rango-low-code/rango-low-code-server/node_modules/egg-logrotator/app/schedule/rotate_by_file.js
2022-03-18 16:33:19,121 INFO 3376 [egg-schedule]: register schedule /Users/chenzhitao/Desktop/rango/rango-low-code/rango-low-code-server/node_modules/egg-multipart/app/schedule/clean_tmpdir.js
2022-03-18 16:33:19,122 INFO 3376 [egg-schedule]: register schedule /Users/chenzhitao/Desktop/rango/rango-low-code/rango-low-code-server/node_modules/egg-logrotator/app/schedule/clean_log.js
2022-03-18 16:33:19,122 INFO 3376 [egg-schedule]: register schedule /Users/chenzhitao/Desktop/rango/rango-low-code/rango-low-code-server/node_modules/egg-logrotator/app/schedule/rotate_by_file.js
2022-03-18 16:33:19,130 INFO 3378 [egg-schedule]: register schedule /Users/chenzhitao/Desktop/rango/rango-low-code/rango-low-code-server/node_modules/egg-multipart/app/schedule/clean_tmpdir.js
2022-03-18 16:33:19,130 INFO 3378 [egg-schedule]: register schedule /Users/chenzhitao/Desktop/rango/rango-low-code/rango-low-code-server/node_modules/egg-logrotator/app/schedule/clean_log.js
2022-03-18 16:33:19,130 INFO 3378 [egg-schedule]: register schedule /Users/chenzhitao/Desktop/rango/rango-low-code/rango-low-code-server/node_modules/egg-logrotator/app/schedule/rotate_by_file.js
2022-03-18 16:33:19,136 INFO 3377 [egg-schedule]: register schedule /Users/chenzhitao/Desktop/rango/rango-low-code/rango-low-code-server/node_modules/egg-multipart/app/schedule/clean_tmpdir.js
2022-03-18 16:33:19,136 INFO 3377 [egg-schedule]: register schedule /Users/chenzhitao/Desktop/rango/rango-low-code/rango-low-code-server/node_modules/egg-logrotator/app/schedule/clean_log.js
2022-03-18 16:33:19,136 INFO 3377 [egg-schedule]: register schedule /Users/chenzhitao/Desktop/rango/rango-low-code/rango-low-code-server/node_modules/egg-logrotator/app/schedule/rotate_by_file.js
2022-03-18 16:33:19,136 INFO 3380 [egg-schedule]: register schedule /Users/chenzhitao/Desktop/rango/rango-low-code/rango-low-code-server/node_modules/egg-multipart/app/schedule/clean_tmpdir.js
2022-03-18 16:33:19,136 INFO 3380 [egg-schedule]: register schedule /Users/chenzhitao/Desktop/rango/rango-low-code/rango-low-code-server/node_modules/egg-logrotator/app/schedule/clean_log.js
2022-03-18 16:33:19,136 INFO 3380 [egg-schedule]: register schedule /Users/chenzhitao/Desktop/rango/rango-low-code/rango-low-code-server/node_modules/egg-logrotator/app/schedule/rotate_by_file.js
2022-03-18 16:33:19,135 INFO 3381 [egg-schedule]: register schedule /Users/chenzhitao/Desktop/rango/rango-low-code/rango-low-code-server/node_modules/egg-multipart/app/schedule/clean_tmpdir.js
2022-03-18 16:33:19,135 INFO 3381 [egg-schedule]: register schedule /Users/chenzhitao/Desktop/rango/rango-low-code/rango-low-code-server/node_modules/egg-logrotator/app/schedule/clean_log.js
2022-03-18 16:33:19,135 INFO 3381 [egg-schedule]: register schedule /Users/chenzhitao/Desktop/rango/rango-low-code/rango-low-code-server/node_modules/egg-logrotator/app/schedule/rotate_by_file.js
2022-03-18 16:33:19,462 INFO 3365 [Timer] /Users/chenzhitao/Desktop/rango/rango-low-code/rango-low-code-server/node_modules/egg-multipart/app/schedule/clean_tmpdir.js next time will execute after 43000540ms at 2022-03-19 04:30:00.002
2022-03-18 16:33:19,463 INFO 3365 [Timer] /Users/chenzhitao/Desktop/rango/rango-low-code/rango-low-code-server/node_modules/egg-logrotator/app/schedule/clean_log.js next time will execute after 26800538ms at 2022-03-19 00:00:00.001
2022-03-18 16:33:19,463 INFO 3365 [Timer] /Users/chenzhitao/Desktop/rango/rango-low-code/rango-low-code-server/node_modules/egg-logrotator/app/schedule/rotate_by_file.js next time will execute after 26801537ms at 2022-03-19 00:00:01.000
2022-03-18 16:35:52,787 INFO 4736 [Timer] /Users/chenzhitao/Desktop/rango/rango-low-code/rango-low-code-server/node_modules/egg-multipart/app/schedule/clean_tmpdir.js next time will execute after 42847216ms at 2022-03-19 04:30:00.003
2022-03-18 16:35:52,787 INFO 4736 [Timer] /Users/chenzhitao/Desktop/rango/rango-low-code/rango-low-code-server/node_modules/egg-logrotator/app/schedule/clean_log.js next time will execute after 26647213ms at 2022-03-19 00:00:00.000
2022-03-18 16:35:52,787 INFO 4736 [Timer] /Users/chenzhitao/Desktop/rango/rango-low-code/rango-low-code-server/node_modules/egg-logrotator/app/schedule/rotate_by_file.js next time will execute after 26648213ms at 2022-03-19 00:00:01.000
2022-03-18 16:35:52,539 INFO 4754 [egg-schedule]: register schedule /Users/chenzhitao/Desktop/rango/rango-low-code/rango-low-code-server/node_modules/egg-multipart/app/schedule/clean_tmpdir.js
2022-03-18 16:35:52,539 INFO 4754 [egg-schedule]: register schedule /Users/chenzhitao/Desktop/rango/rango-low-code/rango-low-code-server/node_modules/egg-logrotator/app/schedule/clean_log.js
2022-03-18 16:35:52,539 INFO 4754 [egg-schedule]: register schedule /Users/chenzhitao/Desktop/rango/rango-low-code/rango-low-code-server/node_modules/egg-logrotator/app/schedule/rotate_by_file.js
2022-03-18 16:36:46,543 INFO 5250 [Timer] /Users/chenzhitao/Desktop/rango/rango-low-code/rango-low-code-server/node_modules/egg-multipart/app/schedule/clean_tmpdir.js next time will execute after 42793460ms at 2022-03-19 04:30:00.003
2022-03-18 16:36:46,543 INFO 5250 [Timer] /Users/chenzhitao/Desktop/rango/rango-low-code/rango-low-code-server/node_modules/egg-logrotator/app/schedule/clean_log.js next time will execute after 26593457ms at 2022-03-19 00:00:00.000
2022-03-18 16:36:46,544 INFO 5250 [Timer] /Users/chenzhitao/Desktop/rango/rango-low-code/rango-low-code-server/node_modules/egg-logrotator/app/schedule/rotate_by_file.js next time will execute after 26594457ms at 2022-03-19 00:00:01.001
2022-03-18 16:36:46,320 INFO 5264 [egg-schedule]: register schedule /Users/chenzhitao/Desktop/rango/rango-low-code/rango-low-code-server/node_modules/egg-multipart/app/schedule/clean_tmpdir.js
2022-03-18 16:36:46,320 INFO 5264 [egg-schedule]: register schedule /Users/chenzhitao/Desktop/rango/rango-low-code/rango-low-code-server/node_modules/egg-logrotator/app/schedule/clean_log.js
2022-03-18 16:36:46,320 INFO 5264 [egg-schedule]: register schedule /Users/chenzhitao/Desktop/rango/rango-low-code/rango-low-code-server/node_modules/egg-logrotator/app/schedule/rotate_by_file.js
2022-03-18 16:37:34,472 INFO 5707 [egg-schedule]: register schedule /Users/chenzhitao/Desktop/rango/rango-low-code/rango-low-code-server/node_modules/egg-multipart/app/schedule/clean_tmpdir.js
2022-03-18 16:37:34,472 INFO 5707 [egg-schedule]: register schedule /Users/chenzhitao/Desktop/rango/rango-low-code/rango-low-code-server/node_modules/egg-logrotator/app/schedule/clean_log.js
2022-03-18 16:37:34,472 INFO 5707 [egg-schedule]: register schedule /Users/chenzhitao/Desktop/rango/rango-low-code/rango-low-code-server/node_modules/egg-logrotator/app/schedule/rotate_by_file.js
2022-03-18 16:45:36,201 INFO 9821 [egg-schedule]: register schedule /Users/chenzhitao/Desktop/rango/rango-low-code/rango-low-code-server/node_modules/egg-multipart/app/schedule/clean_tmpdir.js
2022-03-18 16:45:36,201 INFO 9821 [egg-schedule]: register schedule /Users/chenzhitao/Desktop/rango/rango-low-code/rango-low-code-server/node_modules/egg-logrotator/app/schedule/clean_log.js
2022-03-18 16:45:36,201 INFO 9821 [egg-schedule]: register schedule /Users/chenzhitao/Desktop/rango/rango-low-code/rango-low-code-server/node_modules/egg-logrotator/app/schedule/rotate_by_file.js
