2022-03-07 08:40:43,478 INFO 60010 [egg-sequelize](1ms) Executed (default): SELECT 1+1 AS result
2022-03-07 08:44:03,023 INFO 60010 [-/::1/-/4ms GET /] ctx:  {
  request: {
    method: 'GET',
    url: '/',
    header: {
      host: 'localhost:7001',
      connection: 'keep-alive',
      'sec-ch-ua': '" Not A;Brand";v="99", "Chromium";v="98", "Google Chrome";v="98"',
      'sec-ch-ua-mobile': '?0',
      'sec-ch-ua-platform': '"macOS"',
      'upgrade-insecure-requests': '1',
      'user-agent': 'Mozilla/5.0 (Macintosh; Intel Mac OS X 10_15_7) AppleWebKit/537.36 (KHTML, like Gecko) Chrome/98.0.4758.109 Safari/537.36',
      accept: 'text/html,application/xhtml+xml,application/xml;q=0.9,image/avif,image/webp,image/apng,*/*;q=0.8,application/signed-exchange;v=b3;q=0.9',
      'sec-fetch-site': 'none',
      'sec-fetch-mode': 'navigate',
      'sec-fetch-user': '?1',
      'sec-fetch-dest': 'document',
      'accept-encoding': 'gzip, deflate, br',
      'accept-language': 'zh-CN,zh;q=0.9',
      cookie: 'csrfToken=FYrD83RwKPBdJGOLhBuFrb4F'
    }
  },
  response: {
    status: 404,
    message: 'Not Found',
    header: [Object: null prototype] {}
  },
  app: {
    env: 'local',
    name: 'rango-low-code-server',
    baseDir: '/Users/chenzhitao/Desktop/rango/rango-low-code/rango-low-code-server',
    subdomainOffset: 2,
    config: '<egg config>',
    controller: '<egg controller>',
    httpclient: '<egg httpclient>',
    loggers: '<egg loggers>',
    middlewares: '<egg middlewares>',
    router: '<egg router>',
    serviceClasses: '<egg serviceClasses>'
  },
  originalUrl: '/',
  req: '<original node req>',
  res: '<original node res>',
  socket: '<original node socket>'
}
2022-03-07 08:44:03,031 INFO 60010 [-/::1/-/1ms GET /passport/github] ctx:  {
  request: {
    method: 'GET',
    url: '/passport/github',
    header: {
      host: 'localhost:7001',
      connection: 'keep-alive',
      'upgrade-insecure-requests': '1',
      'user-agent': 'Mozilla/5.0 (Macintosh; Intel Mac OS X 10_15_7) AppleWebKit/537.36 (KHTML, like Gecko) Chrome/98.0.4758.109 Safari/537.36',
      accept: 'text/html,application/xhtml+xml,application/xml;q=0.9,image/avif,image/webp,image/apng,*/*;q=0.8,application/signed-exchange;v=b3;q=0.9',
      'sec-fetch-site': 'none',
      'sec-fetch-mode': 'navigate',
      'sec-fetch-user': '?1',
      'sec-fetch-dest': 'document',
      'sec-ch-ua': '" Not A;Brand";v="99", "Chromium";v="98", "Google Chrome";v="98"',
      'sec-ch-ua-mobile': '?0',
      'sec-ch-ua-platform': '"macOS"',
      'accept-encoding': 'gzip, deflate, br',
      'accept-language': 'zh-CN,zh;q=0.9',
      cookie: 'csrfToken=FYrD83RwKPBdJGOLhBuFrb4F'
    }
  },
  response: {
    status: 404,
    message: 'Not Found',
    header: [Object: null prototype] {}
  },
  app: {
    env: 'local',
    name: 'rango-low-code-server',
    baseDir: '/Users/chenzhitao/Desktop/rango/rango-low-code/rango-low-code-server',
    subdomainOffset: 2,
    config: '<egg config>',
    controller: '<egg controller>',
    httpclient: '<egg httpclient>',
    loggers: '<egg loggers>',
    middlewares: '<egg middlewares>',
    router: '<egg router>',
    serviceClasses: '<egg serviceClasses>'
  },
  originalUrl: '/passport/github',
  req: '<original node req>',
  res: '<original node res>',
  socket: '<original node socket>'
}
2022-03-07 08:44:03,709 INFO 60010 [-/::1/-/1ms GET /passport/github/callback?code=c6960cd35523115da8d5] ctx:  {
  request: {
    method: 'GET',
    url: '/passport/github/callback?code=c6960cd35523115da8d5',
    header: {
      host: 'localhost:7001',
      connection: 'keep-alive',
      'upgrade-insecure-requests': '1',
      'user-agent': 'Mozilla/5.0 (Macintosh; Intel Mac OS X 10_15_7) AppleWebKit/537.36 (KHTML, like Gecko) Chrome/98.0.4758.109 Safari/537.36',
      accept: 'text/html,application/xhtml+xml,application/xml;q=0.9,image/avif,image/webp,image/apng,*/*;q=0.8,application/signed-exchange;v=b3;q=0.9',
      'sec-fetch-site': 'none',
      'sec-fetch-mode': 'navigate',
      'sec-fetch-user': '?1',
      'sec-fetch-dest': 'document',
      'sec-ch-ua': '" Not A;Brand";v="99", "Chromium";v="98", "Google Chrome";v="98"',
      'sec-ch-ua-mobile': '?0',
      'sec-ch-ua-platform': '"macOS"',
      'accept-encoding': 'gzip, deflate, br',
      'accept-language': 'zh-CN,zh;q=0.9',
      cookie: 'csrfToken=FYrD83RwKPBdJGOLhBuFrb4F'
    }
  },
  response: {
    status: 404,
    message: 'Not Found',
    header: [Object: null prototype] {}
  },
  app: {
    env: 'local',
    name: 'rango-low-code-server',
    baseDir: '/Users/chenzhitao/Desktop/rango/rango-low-code/rango-low-code-server',
    subdomainOffset: 2,
    config: '<egg config>',
    controller: '<egg controller>',
    httpclient: '<egg httpclient>',
    loggers: '<egg loggers>',
    middlewares: '<egg middlewares>',
    router: '<egg router>',
    serviceClasses: '<egg serviceClasses>'
  },
  originalUrl: '/passport/github/callback?code=c6960cd35523115da8d5',
  req: '<original node req>',
  res: '<original node res>',
  socket: '<original node socket>'
}
2022-03-07 08:44:03,713 INFO 60010 [-/::1/-/0ms GET /passport/github] ctx:  {
  request: {
    method: 'GET',
    url: '/passport/github',
    header: {
      host: 'localhost:7001',
      connection: 'keep-alive',
      'upgrade-insecure-requests': '1',
      'user-agent': 'Mozilla/5.0 (Macintosh; Intel Mac OS X 10_15_7) AppleWebKit/537.36 (KHTML, like Gecko) Chrome/98.0.4758.109 Safari/537.36',
      accept: 'text/html,application/xhtml+xml,application/xml;q=0.9,image/avif,image/webp,image/apng,*/*;q=0.8,application/signed-exchange;v=b3;q=0.9',
      'sec-fetch-site': 'none',
      'sec-fetch-mode': 'navigate',
      'sec-fetch-user': '?1',
      'sec-fetch-dest': 'document',
      'sec-ch-ua': '" Not A;Brand";v="99", "Chromium";v="98", "Google Chrome";v="98"',
      'sec-ch-ua-mobile': '?0',
      'sec-ch-ua-platform': '"macOS"',
      'accept-encoding': 'gzip, deflate, br',
      'accept-language': 'zh-CN,zh;q=0.9',
      cookie: 'csrfToken=FYrD83RwKPBdJGOLhBuFrb4F'
    }
  },
  response: {
    status: 404,
    message: 'Not Found',
    header: [Object: null prototype] {}
  },
  app: {
    env: 'local',
    name: 'rango-low-code-server',
    baseDir: '/Users/chenzhitao/Desktop/rango/rango-low-code/rango-low-code-server',
    subdomainOffset: 2,
    config: '<egg config>',
    controller: '<egg controller>',
    httpclient: '<egg httpclient>',
    loggers: '<egg loggers>',
    middlewares: '<egg middlewares>',
    router: '<egg router>',
    serviceClasses: '<egg serviceClasses>'
  },
  originalUrl: '/passport/github',
  req: '<original node req>',
  res: '<original node res>',
  socket: '<original node socket>'
}
2022-03-07 08:44:04,224 INFO 60010 [-/::1/-/1ms GET /passport/github/callback?code=06088b4e77c70bd7bbd1] ctx:  {
  request: {
    method: 'GET',
    url: '/passport/github/callback?code=06088b4e77c70bd7bbd1',
    header: {
      host: 'localhost:7001',
      connection: 'keep-alive',
      'upgrade-insecure-requests': '1',
      'user-agent': 'Mozilla/5.0 (Macintosh; Intel Mac OS X 10_15_7) AppleWebKit/537.36 (KHTML, like Gecko) Chrome/98.0.4758.109 Safari/537.36',
      accept: 'text/html,application/xhtml+xml,application/xml;q=0.9,image/avif,image/webp,image/apng,*/*;q=0.8,application/signed-exchange;v=b3;q=0.9',
      'sec-fetch-site': 'none',
      'sec-fetch-mode': 'navigate',
      'sec-fetch-user': '?1',
      'sec-fetch-dest': 'document',
      'sec-ch-ua': '" Not A;Brand";v="99", "Chromium";v="98", "Google Chrome";v="98"',
      'sec-ch-ua-mobile': '?0',
      'sec-ch-ua-platform': '"macOS"',
      'accept-encoding': 'gzip, deflate, br',
      'accept-language': 'zh-CN,zh;q=0.9',
      cookie: 'csrfToken=FYrD83RwKPBdJGOLhBuFrb4F'
    }
  },
  response: {
    status: 404,
    message: 'Not Found',
    header: [Object: null prototype] {}
  },
  app: {
    env: 'local',
    name: 'rango-low-code-server',
    baseDir: '/Users/chenzhitao/Desktop/rango/rango-low-code/rango-low-code-server',
    subdomainOffset: 2,
    config: '<egg config>',
    controller: '<egg controller>',
    httpclient: '<egg httpclient>',
    loggers: '<egg loggers>',
    middlewares: '<egg middlewares>',
    router: '<egg router>',
    serviceClasses: '<egg serviceClasses>'
  },
  originalUrl: '/passport/github/callback?code=06088b4e77c70bd7bbd1',
  req: '<original node req>',
  res: '<original node res>',
  socket: '<original node socket>'
}
2022-03-07 08:44:04,228 INFO 60010 [-/::1/-/1ms GET /passport/github] ctx:  {
  request: {
    method: 'GET',
    url: '/passport/github',
    header: {
      host: 'localhost:7001',
      connection: 'keep-alive',
      'upgrade-insecure-requests': '1',
      'user-agent': 'Mozilla/5.0 (Macintosh; Intel Mac OS X 10_15_7) AppleWebKit/537.36 (KHTML, like Gecko) Chrome/98.0.4758.109 Safari/537.36',
      accept: 'text/html,application/xhtml+xml,application/xml;q=0.9,image/avif,image/webp,image/apng,*/*;q=0.8,application/signed-exchange;v=b3;q=0.9',
      'sec-fetch-site': 'none',
      'sec-fetch-mode': 'navigate',
      'sec-fetch-user': '?1',
      'sec-fetch-dest': 'document',
      'sec-ch-ua': '" Not A;Brand";v="99", "Chromium";v="98", "Google Chrome";v="98"',
      'sec-ch-ua-mobile': '?0',
      'sec-ch-ua-platform': '"macOS"',
      'accept-encoding': 'gzip, deflate, br',
      'accept-language': 'zh-CN,zh;q=0.9',
      cookie: 'csrfToken=FYrD83RwKPBdJGOLhBuFrb4F'
    }
  },
  response: {
    status: 404,
    message: 'Not Found',
    header: [Object: null prototype] {}
  },
  app: {
    env: 'local',
    name: 'rango-low-code-server',
    baseDir: '/Users/chenzhitao/Desktop/rango/rango-low-code/rango-low-code-server',
    subdomainOffset: 2,
    config: '<egg config>',
    controller: '<egg controller>',
    httpclient: '<egg httpclient>',
    loggers: '<egg loggers>',
    middlewares: '<egg middlewares>',
    router: '<egg router>',
    serviceClasses: '<egg serviceClasses>'
  },
  originalUrl: '/passport/github',
  req: '<original node req>',
  res: '<original node res>',
  socket: '<original node socket>'
}
2022-03-07 08:44:04,692 INFO 60010 [-/::1/-/1ms GET /passport/github/callback?code=b1a7f31d367ac2fe6ec8] ctx:  {
  request: {
    method: 'GET',
    url: '/passport/github/callback?code=b1a7f31d367ac2fe6ec8',
    header: {
      host: 'localhost:7001',
      connection: 'keep-alive',
      'upgrade-insecure-requests': '1',
      'user-agent': 'Mozilla/5.0 (Macintosh; Intel Mac OS X 10_15_7) AppleWebKit/537.36 (KHTML, like Gecko) Chrome/98.0.4758.109 Safari/537.36',
      accept: 'text/html,application/xhtml+xml,application/xml;q=0.9,image/avif,image/webp,image/apng,*/*;q=0.8,application/signed-exchange;v=b3;q=0.9',
      'sec-fetch-site': 'none',
      'sec-fetch-mode': 'navigate',
      'sec-fetch-user': '?1',
      'sec-fetch-dest': 'document',
      'sec-ch-ua': '" Not A;Brand";v="99", "Chromium";v="98", "Google Chrome";v="98"',
      'sec-ch-ua-mobile': '?0',
      'sec-ch-ua-platform': '"macOS"',
      'accept-encoding': 'gzip, deflate, br',
      'accept-language': 'zh-CN,zh;q=0.9',
      cookie: 'csrfToken=FYrD83RwKPBdJGOLhBuFrb4F'
    }
  },
  response: {
    status: 404,
    message: 'Not Found',
    header: [Object: null prototype] {}
  },
  app: {
    env: 'local',
    name: 'rango-low-code-server',
    baseDir: '/Users/chenzhitao/Desktop/rango/rango-low-code/rango-low-code-server',
    subdomainOffset: 2,
    config: '<egg config>',
    controller: '<egg controller>',
    httpclient: '<egg httpclient>',
    loggers: '<egg loggers>',
    middlewares: '<egg middlewares>',
    router: '<egg router>',
    serviceClasses: '<egg serviceClasses>'
  },
  originalUrl: '/passport/github/callback?code=b1a7f31d367ac2fe6ec8',
  req: '<original node req>',
  res: '<original node res>',
  socket: '<original node socket>'
}
2022-03-07 08:44:04,696 INFO 60010 [-/::1/-/1ms GET /passport/github] ctx:  {
  request: {
    method: 'GET',
    url: '/passport/github',
    header: {
      host: 'localhost:7001',
      connection: 'keep-alive',
      'upgrade-insecure-requests': '1',
      'user-agent': 'Mozilla/5.0 (Macintosh; Intel Mac OS X 10_15_7) AppleWebKit/537.36 (KHTML, like Gecko) Chrome/98.0.4758.109 Safari/537.36',
      accept: 'text/html,application/xhtml+xml,application/xml;q=0.9,image/avif,image/webp,image/apng,*/*;q=0.8,application/signed-exchange;v=b3;q=0.9',
      'sec-fetch-site': 'none',
      'sec-fetch-mode': 'navigate',
      'sec-fetch-user': '?1',
      'sec-fetch-dest': 'document',
      'sec-ch-ua': '" Not A;Brand";v="99", "Chromium";v="98", "Google Chrome";v="98"',
      'sec-ch-ua-mobile': '?0',
      'sec-ch-ua-platform': '"macOS"',
      'accept-encoding': 'gzip, deflate, br',
      'accept-language': 'zh-CN,zh;q=0.9',
      cookie: 'csrfToken=FYrD83RwKPBdJGOLhBuFrb4F'
    }
  },
  response: {
    status: 404,
    message: 'Not Found',
    header: [Object: null prototype] {}
  },
  app: {
    env: 'local',
    name: 'rango-low-code-server',
    baseDir: '/Users/chenzhitao/Desktop/rango/rango-low-code/rango-low-code-server',
    subdomainOffset: 2,
    config: '<egg config>',
    controller: '<egg controller>',
    httpclient: '<egg httpclient>',
    loggers: '<egg loggers>',
    middlewares: '<egg middlewares>',
    router: '<egg router>',
    serviceClasses: '<egg serviceClasses>'
  },
  originalUrl: '/passport/github',
  req: '<original node req>',
  res: '<original node res>',
  socket: '<original node socket>'
}
2022-03-07 08:44:05,137 INFO 60010 [-/::1/-/1ms GET /passport/github/callback?code=6387d15dc0c376a72601] ctx:  {
  request: {
    method: 'GET',
    url: '/passport/github/callback?code=6387d15dc0c376a72601',
    header: {
      host: 'localhost:7001',
      connection: 'keep-alive',
      'upgrade-insecure-requests': '1',
      'user-agent': 'Mozilla/5.0 (Macintosh; Intel Mac OS X 10_15_7) AppleWebKit/537.36 (KHTML, like Gecko) Chrome/98.0.4758.109 Safari/537.36',
      accept: 'text/html,application/xhtml+xml,application/xml;q=0.9,image/avif,image/webp,image/apng,*/*;q=0.8,application/signed-exchange;v=b3;q=0.9',
      'sec-fetch-site': 'none',
      'sec-fetch-mode': 'navigate',
      'sec-fetch-user': '?1',
      'sec-fetch-dest': 'document',
      'sec-ch-ua': '" Not A;Brand";v="99", "Chromium";v="98", "Google Chrome";v="98"',
      'sec-ch-ua-mobile': '?0',
      'sec-ch-ua-platform': '"macOS"',
      'accept-encoding': 'gzip, deflate, br',
      'accept-language': 'zh-CN,zh;q=0.9',
      cookie: 'csrfToken=FYrD83RwKPBdJGOLhBuFrb4F'
    }
  },
  response: {
    status: 404,
    message: 'Not Found',
    header: [Object: null prototype] {}
  },
  app: {
    env: 'local',
    name: 'rango-low-code-server',
    baseDir: '/Users/chenzhitao/Desktop/rango/rango-low-code/rango-low-code-server',
    subdomainOffset: 2,
    config: '<egg config>',
    controller: '<egg controller>',
    httpclient: '<egg httpclient>',
    loggers: '<egg loggers>',
    middlewares: '<egg middlewares>',
    router: '<egg router>',
    serviceClasses: '<egg serviceClasses>'
  },
  originalUrl: '/passport/github/callback?code=6387d15dc0c376a72601',
  req: '<original node req>',
  res: '<original node res>',
  socket: '<original node socket>'
}
2022-03-07 08:44:05,141 INFO 60010 [-/::1/-/1ms GET /passport/github] ctx:  {
  request: {
    method: 'GET',
    url: '/passport/github',
    header: {
      host: 'localhost:7001',
      connection: 'keep-alive',
      'upgrade-insecure-requests': '1',
      'user-agent': 'Mozilla/5.0 (Macintosh; Intel Mac OS X 10_15_7) AppleWebKit/537.36 (KHTML, like Gecko) Chrome/98.0.4758.109 Safari/537.36',
      accept: 'text/html,application/xhtml+xml,application/xml;q=0.9,image/avif,image/webp,image/apng,*/*;q=0.8,application/signed-exchange;v=b3;q=0.9',
      'sec-fetch-site': 'none',
      'sec-fetch-mode': 'navigate',
      'sec-fetch-user': '?1',
      'sec-fetch-dest': 'document',
      'sec-ch-ua': '" Not A;Brand";v="99", "Chromium";v="98", "Google Chrome";v="98"',
      'sec-ch-ua-mobile': '?0',
      'sec-ch-ua-platform': '"macOS"',
      'accept-encoding': 'gzip, deflate, br',
      'accept-language': 'zh-CN,zh;q=0.9',
      cookie: 'csrfToken=FYrD83RwKPBdJGOLhBuFrb4F'
    }
  },
  response: {
    status: 404,
    message: 'Not Found',
    header: [Object: null prototype] {}
  },
  app: {
    env: 'local',
    name: 'rango-low-code-server',
    baseDir: '/Users/chenzhitao/Desktop/rango/rango-low-code/rango-low-code-server',
    subdomainOffset: 2,
    config: '<egg config>',
    controller: '<egg controller>',
    httpclient: '<egg httpclient>',
    loggers: '<egg loggers>',
    middlewares: '<egg middlewares>',
    router: '<egg router>',
    serviceClasses: '<egg serviceClasses>'
  },
  originalUrl: '/passport/github',
  req: '<original node req>',
  res: '<original node res>',
  socket: '<original node socket>'
}
2022-03-07 08:44:05,665 INFO 60010 [-/::1/-/1ms GET /passport/github/callback?code=69e362bd37fec714bf6b] ctx:  {
  request: {
    method: 'GET',
    url: '/passport/github/callback?code=69e362bd37fec714bf6b',
    header: {
      host: 'localhost:7001',
      connection: 'keep-alive',
      'upgrade-insecure-requests': '1',
      'user-agent': 'Mozilla/5.0 (Macintosh; Intel Mac OS X 10_15_7) AppleWebKit/537.36 (KHTML, like Gecko) Chrome/98.0.4758.109 Safari/537.36',
      accept: 'text/html,application/xhtml+xml,application/xml;q=0.9,image/avif,image/webp,image/apng,*/*;q=0.8,application/signed-exchange;v=b3;q=0.9',
      'sec-fetch-site': 'none',
      'sec-fetch-mode': 'navigate',
      'sec-fetch-user': '?1',
      'sec-fetch-dest': 'document',
      'sec-ch-ua': '" Not A;Brand";v="99", "Chromium";v="98", "Google Chrome";v="98"',
      'sec-ch-ua-mobile': '?0',
      'sec-ch-ua-platform': '"macOS"',
      'accept-encoding': 'gzip, deflate, br',
      'accept-language': 'zh-CN,zh;q=0.9',
      cookie: 'csrfToken=FYrD83RwKPBdJGOLhBuFrb4F'
    }
  },
  response: {
    status: 404,
    message: 'Not Found',
    header: [Object: null prototype] {}
  },
  app: {
    env: 'local',
    name: 'rango-low-code-server',
    baseDir: '/Users/chenzhitao/Desktop/rango/rango-low-code/rango-low-code-server',
    subdomainOffset: 2,
    config: '<egg config>',
    controller: '<egg controller>',
    httpclient: '<egg httpclient>',
    loggers: '<egg loggers>',
    middlewares: '<egg middlewares>',
    router: '<egg router>',
    serviceClasses: '<egg serviceClasses>'
  },
  originalUrl: '/passport/github/callback?code=69e362bd37fec714bf6b',
  req: '<original node req>',
  res: '<original node res>',
  socket: '<original node socket>'
}
2022-03-07 08:44:05,672 INFO 60010 [-/::1/-/1ms GET /passport/github] ctx:  {
  request: {
    method: 'GET',
    url: '/passport/github',
    header: {
      host: 'localhost:7001',
      connection: 'keep-alive',
      'upgrade-insecure-requests': '1',
      'user-agent': 'Mozilla/5.0 (Macintosh; Intel Mac OS X 10_15_7) AppleWebKit/537.36 (KHTML, like Gecko) Chrome/98.0.4758.109 Safari/537.36',
      accept: 'text/html,application/xhtml+xml,application/xml;q=0.9,image/avif,image/webp,image/apng,*/*;q=0.8,application/signed-exchange;v=b3;q=0.9',
      'sec-fetch-site': 'none',
      'sec-fetch-mode': 'navigate',
      'sec-fetch-user': '?1',
      'sec-fetch-dest': 'document',
      'sec-ch-ua': '" Not A;Brand";v="99", "Chromium";v="98", "Google Chrome";v="98"',
      'sec-ch-ua-mobile': '?0',
      'sec-ch-ua-platform': '"macOS"',
      'accept-encoding': 'gzip, deflate, br',
      'accept-language': 'zh-CN,zh;q=0.9',
      cookie: 'csrfToken=FYrD83RwKPBdJGOLhBuFrb4F'
    }
  },
  response: {
    status: 404,
    message: 'Not Found',
    header: [Object: null prototype] {}
  },
  app: {
    env: 'local',
    name: 'rango-low-code-server',
    baseDir: '/Users/chenzhitao/Desktop/rango/rango-low-code/rango-low-code-server',
    subdomainOffset: 2,
    config: '<egg config>',
    controller: '<egg controller>',
    httpclient: '<egg httpclient>',
    loggers: '<egg loggers>',
    middlewares: '<egg middlewares>',
    router: '<egg router>',
    serviceClasses: '<egg serviceClasses>'
  },
  originalUrl: '/passport/github',
  req: '<original node req>',
  res: '<original node res>',
  socket: '<original node socket>'
}
2022-03-07 08:44:06,167 INFO 60010 [-/::1/-/0ms GET /passport/github/callback?code=b1f6544e29367d6c25cf] ctx:  {
  request: {
    method: 'GET',
    url: '/passport/github/callback?code=b1f6544e29367d6c25cf',
    header: {
      host: 'localhost:7001',
      connection: 'keep-alive',
      'upgrade-insecure-requests': '1',
      'user-agent': 'Mozilla/5.0 (Macintosh; Intel Mac OS X 10_15_7) AppleWebKit/537.36 (KHTML, like Gecko) Chrome/98.0.4758.109 Safari/537.36',
      accept: 'text/html,application/xhtml+xml,application/xml;q=0.9,image/avif,image/webp,image/apng,*/*;q=0.8,application/signed-exchange;v=b3;q=0.9',
      'sec-fetch-site': 'none',
      'sec-fetch-mode': 'navigate',
      'sec-fetch-user': '?1',
      'sec-fetch-dest': 'document',
      'sec-ch-ua': '" Not A;Brand";v="99", "Chromium";v="98", "Google Chrome";v="98"',
      'sec-ch-ua-mobile': '?0',
      'sec-ch-ua-platform': '"macOS"',
      'accept-encoding': 'gzip, deflate, br',
      'accept-language': 'zh-CN,zh;q=0.9',
      cookie: 'csrfToken=FYrD83RwKPBdJGOLhBuFrb4F'
    }
  },
  response: {
    status: 404,
    message: 'Not Found',
    header: [Object: null prototype] {}
  },
  app: {
    env: 'local',
    name: 'rango-low-code-server',
    baseDir: '/Users/chenzhitao/Desktop/rango/rango-low-code/rango-low-code-server',
    subdomainOffset: 2,
    config: '<egg config>',
    controller: '<egg controller>',
    httpclient: '<egg httpclient>',
    loggers: '<egg loggers>',
    middlewares: '<egg middlewares>',
    router: '<egg router>',
    serviceClasses: '<egg serviceClasses>'
  },
  originalUrl: '/passport/github/callback?code=b1f6544e29367d6c25cf',
  req: '<original node req>',
  res: '<original node res>',
  socket: '<original node socket>'
}
2022-03-07 08:44:06,171 INFO 60010 [-/::1/-/0ms GET /passport/github] ctx:  {
  request: {
    method: 'GET',
    url: '/passport/github',
    header: {
      host: 'localhost:7001',
      connection: 'keep-alive',
      'upgrade-insecure-requests': '1',
      'user-agent': 'Mozilla/5.0 (Macintosh; Intel Mac OS X 10_15_7) AppleWebKit/537.36 (KHTML, like Gecko) Chrome/98.0.4758.109 Safari/537.36',
      accept: 'text/html,application/xhtml+xml,application/xml;q=0.9,image/avif,image/webp,image/apng,*/*;q=0.8,application/signed-exchange;v=b3;q=0.9',
      'sec-fetch-site': 'none',
      'sec-fetch-mode': 'navigate',
      'sec-fetch-user': '?1',
      'sec-fetch-dest': 'document',
      'sec-ch-ua': '" Not A;Brand";v="99", "Chromium";v="98", "Google Chrome";v="98"',
      'sec-ch-ua-mobile': '?0',
      'sec-ch-ua-platform': '"macOS"',
      'accept-encoding': 'gzip, deflate, br',
      'accept-language': 'zh-CN,zh;q=0.9',
      cookie: 'csrfToken=FYrD83RwKPBdJGOLhBuFrb4F'
    }
  },
  response: {
    status: 404,
    message: 'Not Found',
    header: [Object: null prototype] {}
  },
  app: {
    env: 'local',
    name: 'rango-low-code-server',
    baseDir: '/Users/chenzhitao/Desktop/rango/rango-low-code/rango-low-code-server',
    subdomainOffset: 2,
    config: '<egg config>',
    controller: '<egg controller>',
    httpclient: '<egg httpclient>',
    loggers: '<egg loggers>',
    middlewares: '<egg middlewares>',
    router: '<egg router>',
    serviceClasses: '<egg serviceClasses>'
  },
  originalUrl: '/passport/github',
  req: '<original node req>',
  res: '<original node res>',
  socket: '<original node socket>'
}
2022-03-07 08:44:07,267 INFO 60010 [-/::1/-/1ms GET /passport/github] ctx:  {
  request: {
    method: 'GET',
    url: '/passport/github',
    header: {
      host: 'localhost:7001',
      connection: 'keep-alive',
      'cache-control': 'max-age=0',
      'sec-ch-ua': '" Not A;Brand";v="99", "Chromium";v="98", "Google Chrome";v="98"',
      'sec-ch-ua-mobile': '?0',
      'sec-ch-ua-platform': '"macOS"',
      'upgrade-insecure-requests': '1',
      'user-agent': 'Mozilla/5.0 (Macintosh; Intel Mac OS X 10_15_7) AppleWebKit/537.36 (KHTML, like Gecko) Chrome/98.0.4758.109 Safari/537.36',
      accept: 'text/html,application/xhtml+xml,application/xml;q=0.9,image/avif,image/webp,image/apng,*/*;q=0.8,application/signed-exchange;v=b3;q=0.9',
      'sec-fetch-site': 'none',
      'sec-fetch-mode': 'navigate',
      'sec-fetch-user': '?1',
      'sec-fetch-dest': 'document',
      'accept-encoding': 'gzip, deflate, br',
      'accept-language': 'zh-CN,zh;q=0.9',
      cookie: 'csrfToken=FYrD83RwKPBdJGOLhBuFrb4F'
    }
  },
  response: {
    status: 404,
    message: 'Not Found',
    header: [Object: null prototype] {}
  },
  app: {
    env: 'local',
    name: 'rango-low-code-server',
    baseDir: '/Users/chenzhitao/Desktop/rango/rango-low-code/rango-low-code-server',
    subdomainOffset: 2,
    config: '<egg config>',
    controller: '<egg controller>',
    httpclient: '<egg httpclient>',
    loggers: '<egg loggers>',
    middlewares: '<egg middlewares>',
    router: '<egg router>',
    serviceClasses: '<egg serviceClasses>'
  },
  originalUrl: '/passport/github',
  req: '<original node req>',
  res: '<original node res>',
  socket: '<original node socket>'
}
2022-03-07 08:44:07,690 INFO 60010 [-/::1/-/0ms GET /passport/github/callback?code=e4d7642704f8d60000f8] ctx:  {
  request: {
    method: 'GET',
    url: '/passport/github/callback?code=e4d7642704f8d60000f8',
    header: {
      host: 'localhost:7001',
      connection: 'keep-alive',
      'cache-control': 'max-age=0',
      'upgrade-insecure-requests': '1',
      'user-agent': 'Mozilla/5.0 (Macintosh; Intel Mac OS X 10_15_7) AppleWebKit/537.36 (KHTML, like Gecko) Chrome/98.0.4758.109 Safari/537.36',
      accept: 'text/html,application/xhtml+xml,application/xml;q=0.9,image/avif,image/webp,image/apng,*/*;q=0.8,application/signed-exchange;v=b3;q=0.9',
      'sec-fetch-site': 'none',
      'sec-fetch-mode': 'navigate',
      'sec-fetch-user': '?1',
      'sec-fetch-dest': 'document',
      'sec-ch-ua': '" Not A;Brand";v="99", "Chromium";v="98", "Google Chrome";v="98"',
      'sec-ch-ua-mobile': '?0',
      'sec-ch-ua-platform': '"macOS"',
      'accept-encoding': 'gzip, deflate, br',
      'accept-language': 'zh-CN,zh;q=0.9',
      cookie: 'csrfToken=FYrD83RwKPBdJGOLhBuFrb4F'
    }
  },
  response: {
    status: 404,
    message: 'Not Found',
    header: [Object: null prototype] {}
  },
  app: {
    env: 'local',
    name: 'rango-low-code-server',
    baseDir: '/Users/chenzhitao/Desktop/rango/rango-low-code/rango-low-code-server',
    subdomainOffset: 2,
    config: '<egg config>',
    controller: '<egg controller>',
    httpclient: '<egg httpclient>',
    loggers: '<egg loggers>',
    middlewares: '<egg middlewares>',
    router: '<egg router>',
    serviceClasses: '<egg serviceClasses>'
  },
  originalUrl: '/passport/github/callback?code=e4d7642704f8d60000f8',
  req: '<original node req>',
  res: '<original node res>',
  socket: '<original node socket>'
}
2022-03-07 08:44:07,694 INFO 60010 [-/::1/-/1ms GET /passport/github] ctx:  {
  request: {
    method: 'GET',
    url: '/passport/github',
    header: {
      host: 'localhost:7001',
      connection: 'keep-alive',
      'cache-control': 'max-age=0',
      'upgrade-insecure-requests': '1',
      'user-agent': 'Mozilla/5.0 (Macintosh; Intel Mac OS X 10_15_7) AppleWebKit/537.36 (KHTML, like Gecko) Chrome/98.0.4758.109 Safari/537.36',
      accept: 'text/html,application/xhtml+xml,application/xml;q=0.9,image/avif,image/webp,image/apng,*/*;q=0.8,application/signed-exchange;v=b3;q=0.9',
      'sec-fetch-site': 'none',
      'sec-fetch-mode': 'navigate',
      'sec-fetch-user': '?1',
      'sec-fetch-dest': 'document',
      'sec-ch-ua': '" Not A;Brand";v="99", "Chromium";v="98", "Google Chrome";v="98"',
      'sec-ch-ua-mobile': '?0',
      'sec-ch-ua-platform': '"macOS"',
      'accept-encoding': 'gzip, deflate, br',
      'accept-language': 'zh-CN,zh;q=0.9',
      cookie: 'csrfToken=FYrD83RwKPBdJGOLhBuFrb4F'
    }
  },
  response: {
    status: 404,
    message: 'Not Found',
    header: [Object: null prototype] {}
  },
  app: {
    env: 'local',
    name: 'rango-low-code-server',
    baseDir: '/Users/chenzhitao/Desktop/rango/rango-low-code/rango-low-code-server',
    subdomainOffset: 2,
    config: '<egg config>',
    controller: '<egg controller>',
    httpclient: '<egg httpclient>',
    loggers: '<egg loggers>',
    middlewares: '<egg middlewares>',
    router: '<egg router>',
    serviceClasses: '<egg serviceClasses>'
  },
  originalUrl: '/passport/github',
  req: '<original node req>',
  res: '<original node res>',
  socket: '<original node socket>'
}
2022-03-07 08:44:08,142 INFO 60010 [-/::1/-/1ms GET /passport/github/callback?code=fd053fecc0e4fdaa09a9] ctx:  {
  request: {
    method: 'GET',
    url: '/passport/github/callback?code=fd053fecc0e4fdaa09a9',
    header: {
      host: 'localhost:7001',
      connection: 'keep-alive',
      'cache-control': 'max-age=0',
      'upgrade-insecure-requests': '1',
      'user-agent': 'Mozilla/5.0 (Macintosh; Intel Mac OS X 10_15_7) AppleWebKit/537.36 (KHTML, like Gecko) Chrome/98.0.4758.109 Safari/537.36',
      accept: 'text/html,application/xhtml+xml,application/xml;q=0.9,image/avif,image/webp,image/apng,*/*;q=0.8,application/signed-exchange;v=b3;q=0.9',
      'sec-fetch-site': 'none',
      'sec-fetch-mode': 'navigate',
      'sec-fetch-user': '?1',
      'sec-fetch-dest': 'document',
      'sec-ch-ua': '" Not A;Brand";v="99", "Chromium";v="98", "Google Chrome";v="98"',
      'sec-ch-ua-mobile': '?0',
      'sec-ch-ua-platform': '"macOS"',
      'accept-encoding': 'gzip, deflate, br',
      'accept-language': 'zh-CN,zh;q=0.9',
      cookie: 'csrfToken=FYrD83RwKPBdJGOLhBuFrb4F'
    }
  },
  response: {
    status: 404,
    message: 'Not Found',
    header: [Object: null prototype] {}
  },
  app: {
    env: 'local',
    name: 'rango-low-code-server',
    baseDir: '/Users/chenzhitao/Desktop/rango/rango-low-code/rango-low-code-server',
    subdomainOffset: 2,
    config: '<egg config>',
    controller: '<egg controller>',
    httpclient: '<egg httpclient>',
    loggers: '<egg loggers>',
    middlewares: '<egg middlewares>',
    router: '<egg router>',
    serviceClasses: '<egg serviceClasses>'
  },
  originalUrl: '/passport/github/callback?code=fd053fecc0e4fdaa09a9',
  req: '<original node req>',
  res: '<original node res>',
  socket: '<original node socket>'
}
2022-03-07 08:44:08,146 INFO 60010 [-/::1/-/0ms GET /passport/github] ctx:  {
  request: {
    method: 'GET',
    url: '/passport/github',
    header: {
      host: 'localhost:7001',
      connection: 'keep-alive',
      'cache-control': 'max-age=0',
      'upgrade-insecure-requests': '1',
      'user-agent': 'Mozilla/5.0 (Macintosh; Intel Mac OS X 10_15_7) AppleWebKit/537.36 (KHTML, like Gecko) Chrome/98.0.4758.109 Safari/537.36',
      accept: 'text/html,application/xhtml+xml,application/xml;q=0.9,image/avif,image/webp,image/apng,*/*;q=0.8,application/signed-exchange;v=b3;q=0.9',
      'sec-fetch-site': 'none',
      'sec-fetch-mode': 'navigate',
      'sec-fetch-user': '?1',
      'sec-fetch-dest': 'document',
      'sec-ch-ua': '" Not A;Brand";v="99", "Chromium";v="98", "Google Chrome";v="98"',
      'sec-ch-ua-mobile': '?0',
      'sec-ch-ua-platform': '"macOS"',
      'accept-encoding': 'gzip, deflate, br',
      'accept-language': 'zh-CN,zh;q=0.9',
      cookie: 'csrfToken=FYrD83RwKPBdJGOLhBuFrb4F'
    }
  },
  response: {
    status: 404,
    message: 'Not Found',
    header: [Object: null prototype] {}
  },
  app: {
    env: 'local',
    name: 'rango-low-code-server',
    baseDir: '/Users/chenzhitao/Desktop/rango/rango-low-code/rango-low-code-server',
    subdomainOffset: 2,
    config: '<egg config>',
    controller: '<egg controller>',
    httpclient: '<egg httpclient>',
    loggers: '<egg loggers>',
    middlewares: '<egg middlewares>',
    router: '<egg router>',
    serviceClasses: '<egg serviceClasses>'
  },
  originalUrl: '/passport/github',
  req: '<original node req>',
  res: '<original node res>',
  socket: '<original node socket>'
}
2022-03-07 08:44:08,728 INFO 60010 [-/::1/-/0ms GET /passport/github/callback?code=4825028d043dbf9998f2] ctx:  {
  request: {
    method: 'GET',
    url: '/passport/github/callback?code=4825028d043dbf9998f2',
    header: {
      host: 'localhost:7001',
      connection: 'keep-alive',
      'cache-control': 'max-age=0',
      'upgrade-insecure-requests': '1',
      'user-agent': 'Mozilla/5.0 (Macintosh; Intel Mac OS X 10_15_7) AppleWebKit/537.36 (KHTML, like Gecko) Chrome/98.0.4758.109 Safari/537.36',
      accept: 'text/html,application/xhtml+xml,application/xml;q=0.9,image/avif,image/webp,image/apng,*/*;q=0.8,application/signed-exchange;v=b3;q=0.9',
      'sec-fetch-site': 'none',
      'sec-fetch-mode': 'navigate',
      'sec-fetch-user': '?1',
      'sec-fetch-dest': 'document',
      'sec-ch-ua': '" Not A;Brand";v="99", "Chromium";v="98", "Google Chrome";v="98"',
      'sec-ch-ua-mobile': '?0',
      'sec-ch-ua-platform': '"macOS"',
      'accept-encoding': 'gzip, deflate, br',
      'accept-language': 'zh-CN,zh;q=0.9',
      cookie: 'csrfToken=FYrD83RwKPBdJGOLhBuFrb4F'
    }
  },
  response: {
    status: 404,
    message: 'Not Found',
    header: [Object: null prototype] {}
  },
  app: {
    env: 'local',
    name: 'rango-low-code-server',
    baseDir: '/Users/chenzhitao/Desktop/rango/rango-low-code/rango-low-code-server',
    subdomainOffset: 2,
    config: '<egg config>',
    controller: '<egg controller>',
    httpclient: '<egg httpclient>',
    loggers: '<egg loggers>',
    middlewares: '<egg middlewares>',
    router: '<egg router>',
    serviceClasses: '<egg serviceClasses>'
  },
  originalUrl: '/passport/github/callback?code=4825028d043dbf9998f2',
  req: '<original node req>',
  res: '<original node res>',
  socket: '<original node socket>'
}
2022-03-07 08:44:08,733 INFO 60010 [-/::1/-/1ms GET /passport/github] ctx:  {
  request: {
    method: 'GET',
    url: '/passport/github',
    header: {
      host: 'localhost:7001',
      connection: 'keep-alive',
      'cache-control': 'max-age=0',
      'upgrade-insecure-requests': '1',
      'user-agent': 'Mozilla/5.0 (Macintosh; Intel Mac OS X 10_15_7) AppleWebKit/537.36 (KHTML, like Gecko) Chrome/98.0.4758.109 Safari/537.36',
      accept: 'text/html,application/xhtml+xml,application/xml;q=0.9,image/avif,image/webp,image/apng,*/*;q=0.8,application/signed-exchange;v=b3;q=0.9',
      'sec-fetch-site': 'none',
      'sec-fetch-mode': 'navigate',
      'sec-fetch-user': '?1',
      'sec-fetch-dest': 'document',
      'sec-ch-ua': '" Not A;Brand";v="99", "Chromium";v="98", "Google Chrome";v="98"',
      'sec-ch-ua-mobile': '?0',
      'sec-ch-ua-platform': '"macOS"',
      'accept-encoding': 'gzip, deflate, br',
      'accept-language': 'zh-CN,zh;q=0.9',
      cookie: 'csrfToken=FYrD83RwKPBdJGOLhBuFrb4F'
    }
  },
  response: {
    status: 404,
    message: 'Not Found',
    header: [Object: null prototype] {}
  },
  app: {
    env: 'local',
    name: 'rango-low-code-server',
    baseDir: '/Users/chenzhitao/Desktop/rango/rango-low-code/rango-low-code-server',
    subdomainOffset: 2,
    config: '<egg config>',
    controller: '<egg controller>',
    httpclient: '<egg httpclient>',
    loggers: '<egg loggers>',
    middlewares: '<egg middlewares>',
    router: '<egg router>',
    serviceClasses: '<egg serviceClasses>'
  },
  originalUrl: '/passport/github',
  req: '<original node req>',
  res: '<original node res>',
  socket: '<original node socket>'
}
2022-03-07 08:44:12,270 INFO 60010 [-/::1/-/0ms GET /passport/github/callback?code=de99181c80b8635c0fcb] ctx:  {
  request: {
    method: 'GET',
    url: '/passport/github/callback?code=de99181c80b8635c0fcb',
    header: {
      host: 'localhost:7001',
      connection: 'keep-alive',
      'sec-ch-ua': '" Not A;Brand";v="99", "Chromium";v="98", "Google Chrome";v="98"',
      'sec-ch-ua-mobile': '?0',
      'sec-ch-ua-platform': '"macOS"',
      'upgrade-insecure-requests': '1',
      'user-agent': 'Mozilla/5.0 (Macintosh; Intel Mac OS X 10_15_7) AppleWebKit/537.36 (KHTML, like Gecko) Chrome/98.0.4758.109 Safari/537.36',
      accept: 'text/html,application/xhtml+xml,application/xml;q=0.9,image/avif,image/webp,image/apng,*/*;q=0.8,application/signed-exchange;v=b3;q=0.9',
      'sec-fetch-site': 'cross-site',
      'sec-fetch-mode': 'navigate',
      'sec-fetch-dest': 'document',
      'accept-encoding': 'gzip, deflate, br',
      'accept-language': 'zh-CN,zh;q=0.9',
      cookie: 'csrfToken=FYrD83RwKPBdJGOLhBuFrb4F'
    }
  },
  response: {
    status: 404,
    message: 'Not Found',
    header: [Object: null prototype] {}
  },
  app: {
    env: 'local',
    name: 'rango-low-code-server',
    baseDir: '/Users/chenzhitao/Desktop/rango/rango-low-code/rango-low-code-server',
    subdomainOffset: 2,
    config: '<egg config>',
    controller: '<egg controller>',
    httpclient: '<egg httpclient>',
    loggers: '<egg loggers>',
    middlewares: '<egg middlewares>',
    router: '<egg router>',
    serviceClasses: '<egg serviceClasses>'
  },
  originalUrl: '/passport/github/callback?code=de99181c80b8635c0fcb',
  req: '<original node req>',
  res: '<original node res>',
  socket: '<original node socket>'
}
2022-03-07 08:44:12,278 INFO 60010 [-/::1/-/0ms GET /passport/github] ctx:  {
  request: {
    method: 'GET',
    url: '/passport/github',
    header: {
      host: 'localhost:7001',
      connection: 'keep-alive',
      'upgrade-insecure-requests': '1',
      'user-agent': 'Mozilla/5.0 (Macintosh; Intel Mac OS X 10_15_7) AppleWebKit/537.36 (KHTML, like Gecko) Chrome/98.0.4758.109 Safari/537.36',
      accept: 'text/html,application/xhtml+xml,application/xml;q=0.9,image/avif,image/webp,image/apng,*/*;q=0.8,application/signed-exchange;v=b3;q=0.9',
      'sec-fetch-site': 'cross-site',
      'sec-fetch-mode': 'navigate',
      'sec-fetch-dest': 'document',
      'sec-ch-ua': '" Not A;Brand";v="99", "Chromium";v="98", "Google Chrome";v="98"',
      'sec-ch-ua-mobile': '?0',
      'sec-ch-ua-platform': '"macOS"',
      'accept-encoding': 'gzip, deflate, br',
      'accept-language': 'zh-CN,zh;q=0.9',
      cookie: 'csrfToken=FYrD83RwKPBdJGOLhBuFrb4F'
    }
  },
  response: {
    status: 404,
    message: 'Not Found',
    header: [Object: null prototype] {}
  },
  app: {
    env: 'local',
    name: 'rango-low-code-server',
    baseDir: '/Users/chenzhitao/Desktop/rango/rango-low-code/rango-low-code-server',
    subdomainOffset: 2,
    config: '<egg config>',
    controller: '<egg controller>',
    httpclient: '<egg httpclient>',
    loggers: '<egg loggers>',
    middlewares: '<egg middlewares>',
    router: '<egg router>',
    serviceClasses: '<egg serviceClasses>'
  },
  originalUrl: '/passport/github',
  req: '<original node req>',
  res: '<original node res>',
  socket: '<original node socket>'
}
2022-03-07 08:44:12,703 INFO 60010 [-/::1/-/0ms GET /passport/github/callback?code=c8edd14addcd0b8afe2d] ctx:  {
  request: {
    method: 'GET',
    url: '/passport/github/callback?code=c8edd14addcd0b8afe2d',
    header: {
      host: 'localhost:7001',
      connection: 'keep-alive',
      'upgrade-insecure-requests': '1',
      'user-agent': 'Mozilla/5.0 (Macintosh; Intel Mac OS X 10_15_7) AppleWebKit/537.36 (KHTML, like Gecko) Chrome/98.0.4758.109 Safari/537.36',
      accept: 'text/html,application/xhtml+xml,application/xml;q=0.9,image/avif,image/webp,image/apng,*/*;q=0.8,application/signed-exchange;v=b3;q=0.9',
      'sec-fetch-site': 'cross-site',
      'sec-fetch-mode': 'navigate',
      'sec-fetch-dest': 'document',
      'sec-ch-ua': '" Not A;Brand";v="99", "Chromium";v="98", "Google Chrome";v="98"',
      'sec-ch-ua-mobile': '?0',
      'sec-ch-ua-platform': '"macOS"',
      'accept-encoding': 'gzip, deflate, br',
      'accept-language': 'zh-CN,zh;q=0.9',
      cookie: 'csrfToken=FYrD83RwKPBdJGOLhBuFrb4F'
    }
  },
  response: {
    status: 404,
    message: 'Not Found',
    header: [Object: null prototype] {}
  },
  app: {
    env: 'local',
    name: 'rango-low-code-server',
    baseDir: '/Users/chenzhitao/Desktop/rango/rango-low-code/rango-low-code-server',
    subdomainOffset: 2,
    config: '<egg config>',
    controller: '<egg controller>',
    httpclient: '<egg httpclient>',
    loggers: '<egg loggers>',
    middlewares: '<egg middlewares>',
    router: '<egg router>',
    serviceClasses: '<egg serviceClasses>'
  },
  originalUrl: '/passport/github/callback?code=c8edd14addcd0b8afe2d',
  req: '<original node req>',
  res: '<original node res>',
  socket: '<original node socket>'
}
2022-03-07 08:44:12,706 INFO 60010 [-/::1/-/0ms GET /passport/github] ctx:  {
  request: {
    method: 'GET',
    url: '/passport/github',
    header: {
      host: 'localhost:7001',
      connection: 'keep-alive',
      'upgrade-insecure-requests': '1',
      'user-agent': 'Mozilla/5.0 (Macintosh; Intel Mac OS X 10_15_7) AppleWebKit/537.36 (KHTML, like Gecko) Chrome/98.0.4758.109 Safari/537.36',
      accept: 'text/html,application/xhtml+xml,application/xml;q=0.9,image/avif,image/webp,image/apng,*/*;q=0.8,application/signed-exchange;v=b3;q=0.9',
      'sec-fetch-site': 'cross-site',
      'sec-fetch-mode': 'navigate',
      'sec-fetch-dest': 'document',
      'sec-ch-ua': '" Not A;Brand";v="99", "Chromium";v="98", "Google Chrome";v="98"',
      'sec-ch-ua-mobile': '?0',
      'sec-ch-ua-platform': '"macOS"',
      'accept-encoding': 'gzip, deflate, br',
      'accept-language': 'zh-CN,zh;q=0.9',
      cookie: 'csrfToken=FYrD83RwKPBdJGOLhBuFrb4F'
    }
  },
  response: {
    status: 404,
    message: 'Not Found',
    header: [Object: null prototype] {}
  },
  app: {
    env: 'local',
    name: 'rango-low-code-server',
    baseDir: '/Users/chenzhitao/Desktop/rango/rango-low-code/rango-low-code-server',
    subdomainOffset: 2,
    config: '<egg config>',
    controller: '<egg controller>',
    httpclient: '<egg httpclient>',
    loggers: '<egg loggers>',
    middlewares: '<egg middlewares>',
    router: '<egg router>',
    serviceClasses: '<egg serviceClasses>'
  },
  originalUrl: '/passport/github',
  req: '<original node req>',
  res: '<original node res>',
  socket: '<original node socket>'
}
2022-03-07 08:44:13,139 INFO 60010 [-/::1/-/1ms GET /passport/github/callback?code=c4444ae8cb49373daee8] ctx:  {
  request: {
    method: 'GET',
    url: '/passport/github/callback?code=c4444ae8cb49373daee8',
    header: {
      host: 'localhost:7001',
      connection: 'keep-alive',
      'upgrade-insecure-requests': '1',
      'user-agent': 'Mozilla/5.0 (Macintosh; Intel Mac OS X 10_15_7) AppleWebKit/537.36 (KHTML, like Gecko) Chrome/98.0.4758.109 Safari/537.36',
      accept: 'text/html,application/xhtml+xml,application/xml;q=0.9,image/avif,image/webp,image/apng,*/*;q=0.8,application/signed-exchange;v=b3;q=0.9',
      'sec-fetch-site': 'cross-site',
      'sec-fetch-mode': 'navigate',
      'sec-fetch-dest': 'document',
      'sec-ch-ua': '" Not A;Brand";v="99", "Chromium";v="98", "Google Chrome";v="98"',
      'sec-ch-ua-mobile': '?0',
      'sec-ch-ua-platform': '"macOS"',
      'accept-encoding': 'gzip, deflate, br',
      'accept-language': 'zh-CN,zh;q=0.9',
      cookie: 'csrfToken=FYrD83RwKPBdJGOLhBuFrb4F'
    }
  },
  response: {
    status: 404,
    message: 'Not Found',
    header: [Object: null prototype] {}
  },
  app: {
    env: 'local',
    name: 'rango-low-code-server',
    baseDir: '/Users/chenzhitao/Desktop/rango/rango-low-code/rango-low-code-server',
    subdomainOffset: 2,
    config: '<egg config>',
    controller: '<egg controller>',
    httpclient: '<egg httpclient>',
    loggers: '<egg loggers>',
    middlewares: '<egg middlewares>',
    router: '<egg router>',
    serviceClasses: '<egg serviceClasses>'
  },
  originalUrl: '/passport/github/callback?code=c4444ae8cb49373daee8',
  req: '<original node req>',
  res: '<original node res>',
  socket: '<original node socket>'
}
2022-03-07 08:44:13,143 INFO 60010 [-/::1/-/1ms GET /passport/github] ctx:  {
  request: {
    method: 'GET',
    url: '/passport/github',
    header: {
      host: 'localhost:7001',
      connection: 'keep-alive',
      'upgrade-insecure-requests': '1',
      'user-agent': 'Mozilla/5.0 (Macintosh; Intel Mac OS X 10_15_7) AppleWebKit/537.36 (KHTML, like Gecko) Chrome/98.0.4758.109 Safari/537.36',
      accept: 'text/html,application/xhtml+xml,application/xml;q=0.9,image/avif,image/webp,image/apng,*/*;q=0.8,application/signed-exchange;v=b3;q=0.9',
      'sec-fetch-site': 'cross-site',
      'sec-fetch-mode': 'navigate',
      'sec-fetch-dest': 'document',
      'sec-ch-ua': '" Not A;Brand";v="99", "Chromium";v="98", "Google Chrome";v="98"',
      'sec-ch-ua-mobile': '?0',
      'sec-ch-ua-platform': '"macOS"',
      'accept-encoding': 'gzip, deflate, br',
      'accept-language': 'zh-CN,zh;q=0.9',
      cookie: 'csrfToken=FYrD83RwKPBdJGOLhBuFrb4F'
    }
  },
  response: {
    status: 404,
    message: 'Not Found',
    header: [Object: null prototype] {}
  },
  app: {
    env: 'local',
    name: 'rango-low-code-server',
    baseDir: '/Users/chenzhitao/Desktop/rango/rango-low-code/rango-low-code-server',
    subdomainOffset: 2,
    config: '<egg config>',
    controller: '<egg controller>',
    httpclient: '<egg httpclient>',
    loggers: '<egg loggers>',
    middlewares: '<egg middlewares>',
    router: '<egg router>',
    serviceClasses: '<egg serviceClasses>'
  },
  originalUrl: '/passport/github',
  req: '<original node req>',
  res: '<original node res>',
  socket: '<original node socket>'
}
2022-03-07 08:44:13,585 INFO 60010 [-/::1/-/0ms GET /passport/github/callback?code=b1978f06510660b18b58] ctx:  {
  request: {
    method: 'GET',
    url: '/passport/github/callback?code=b1978f06510660b18b58',
    header: {
      host: 'localhost:7001',
      connection: 'keep-alive',
      'upgrade-insecure-requests': '1',
      'user-agent': 'Mozilla/5.0 (Macintosh; Intel Mac OS X 10_15_7) AppleWebKit/537.36 (KHTML, like Gecko) Chrome/98.0.4758.109 Safari/537.36',
      accept: 'text/html,application/xhtml+xml,application/xml;q=0.9,image/avif,image/webp,image/apng,*/*;q=0.8,application/signed-exchange;v=b3;q=0.9',
      'sec-fetch-site': 'cross-site',
      'sec-fetch-mode': 'navigate',
      'sec-fetch-dest': 'document',
      'sec-ch-ua': '" Not A;Brand";v="99", "Chromium";v="98", "Google Chrome";v="98"',
      'sec-ch-ua-mobile': '?0',
      'sec-ch-ua-platform': '"macOS"',
      'accept-encoding': 'gzip, deflate, br',
      'accept-language': 'zh-CN,zh;q=0.9',
      cookie: 'csrfToken=FYrD83RwKPBdJGOLhBuFrb4F'
    }
  },
  response: {
    status: 404,
    message: 'Not Found',
    header: [Object: null prototype] {}
  },
  app: {
    env: 'local',
    name: 'rango-low-code-server',
    baseDir: '/Users/chenzhitao/Desktop/rango/rango-low-code/rango-low-code-server',
    subdomainOffset: 2,
    config: '<egg config>',
    controller: '<egg controller>',
    httpclient: '<egg httpclient>',
    loggers: '<egg loggers>',
    middlewares: '<egg middlewares>',
    router: '<egg router>',
    serviceClasses: '<egg serviceClasses>'
  },
  originalUrl: '/passport/github/callback?code=b1978f06510660b18b58',
  req: '<original node req>',
  res: '<original node res>',
  socket: '<original node socket>'
}
2022-03-07 08:44:13,589 INFO 60010 [-/::1/-/0ms GET /passport/github] ctx:  {
  request: {
    method: 'GET',
    url: '/passport/github',
    header: {
      host: 'localhost:7001',
      connection: 'keep-alive',
      'upgrade-insecure-requests': '1',
      'user-agent': 'Mozilla/5.0 (Macintosh; Intel Mac OS X 10_15_7) AppleWebKit/537.36 (KHTML, like Gecko) Chrome/98.0.4758.109 Safari/537.36',
      accept: 'text/html,application/xhtml+xml,application/xml;q=0.9,image/avif,image/webp,image/apng,*/*;q=0.8,application/signed-exchange;v=b3;q=0.9',
      'sec-fetch-site': 'cross-site',
      'sec-fetch-mode': 'navigate',
      'sec-fetch-dest': 'document',
      'sec-ch-ua': '" Not A;Brand";v="99", "Chromium";v="98", "Google Chrome";v="98"',
      'sec-ch-ua-mobile': '?0',
      'sec-ch-ua-platform': '"macOS"',
      'accept-encoding': 'gzip, deflate, br',
      'accept-language': 'zh-CN,zh;q=0.9',
      cookie: 'csrfToken=FYrD83RwKPBdJGOLhBuFrb4F'
    }
  },
  response: {
    status: 404,
    message: 'Not Found',
    header: [Object: null prototype] {}
  },
  app: {
    env: 'local',
    name: 'rango-low-code-server',
    baseDir: '/Users/chenzhitao/Desktop/rango/rango-low-code/rango-low-code-server',
    subdomainOffset: 2,
    config: '<egg config>',
    controller: '<egg controller>',
    httpclient: '<egg httpclient>',
    loggers: '<egg loggers>',
    middlewares: '<egg middlewares>',
    router: '<egg router>',
    serviceClasses: '<egg serviceClasses>'
  },
  originalUrl: '/passport/github',
  req: '<original node req>',
  res: '<original node res>',
  socket: '<original node socket>'
}
2022-03-07 08:44:14,043 INFO 60010 [-/::1/-/0ms GET /passport/github/callback?code=02b2449036b0d8322880] ctx:  {
  request: {
    method: 'GET',
    url: '/passport/github/callback?code=02b2449036b0d8322880',
    header: {
      host: 'localhost:7001',
      connection: 'keep-alive',
      'upgrade-insecure-requests': '1',
      'user-agent': 'Mozilla/5.0 (Macintosh; Intel Mac OS X 10_15_7) AppleWebKit/537.36 (KHTML, like Gecko) Chrome/98.0.4758.109 Safari/537.36',
      accept: 'text/html,application/xhtml+xml,application/xml;q=0.9,image/avif,image/webp,image/apng,*/*;q=0.8,application/signed-exchange;v=b3;q=0.9',
      'sec-fetch-site': 'cross-site',
      'sec-fetch-mode': 'navigate',
      'sec-fetch-dest': 'document',
      'sec-ch-ua': '" Not A;Brand";v="99", "Chromium";v="98", "Google Chrome";v="98"',
      'sec-ch-ua-mobile': '?0',
      'sec-ch-ua-platform': '"macOS"',
      'accept-encoding': 'gzip, deflate, br',
      'accept-language': 'zh-CN,zh;q=0.9',
      cookie: 'csrfToken=FYrD83RwKPBdJGOLhBuFrb4F'
    }
  },
  response: {
    status: 404,
    message: 'Not Found',
    header: [Object: null prototype] {}
  },
  app: {
    env: 'local',
    name: 'rango-low-code-server',
    baseDir: '/Users/chenzhitao/Desktop/rango/rango-low-code/rango-low-code-server',
    subdomainOffset: 2,
    config: '<egg config>',
    controller: '<egg controller>',
    httpclient: '<egg httpclient>',
    loggers: '<egg loggers>',
    middlewares: '<egg middlewares>',
    router: '<egg router>',
    serviceClasses: '<egg serviceClasses>'
  },
  originalUrl: '/passport/github/callback?code=02b2449036b0d8322880',
  req: '<original node req>',
  res: '<original node res>',
  socket: '<original node socket>'
}
2022-03-07 08:44:14,046 INFO 60010 [-/::1/-/0ms GET /passport/github] ctx:  {
  request: {
    method: 'GET',
    url: '/passport/github',
    header: {
      host: 'localhost:7001',
      connection: 'keep-alive',
      'upgrade-insecure-requests': '1',
      'user-agent': 'Mozilla/5.0 (Macintosh; Intel Mac OS X 10_15_7) AppleWebKit/537.36 (KHTML, like Gecko) Chrome/98.0.4758.109 Safari/537.36',
      accept: 'text/html,application/xhtml+xml,application/xml;q=0.9,image/avif,image/webp,image/apng,*/*;q=0.8,application/signed-exchange;v=b3;q=0.9',
      'sec-fetch-site': 'cross-site',
      'sec-fetch-mode': 'navigate',
      'sec-fetch-dest': 'document',
      'sec-ch-ua': '" Not A;Brand";v="99", "Chromium";v="98", "Google Chrome";v="98"',
      'sec-ch-ua-mobile': '?0',
      'sec-ch-ua-platform': '"macOS"',
      'accept-encoding': 'gzip, deflate, br',
      'accept-language': 'zh-CN,zh;q=0.9',
      cookie: 'csrfToken=FYrD83RwKPBdJGOLhBuFrb4F'
    }
  },
  response: {
    status: 404,
    message: 'Not Found',
    header: [Object: null prototype] {}
  },
  app: {
    env: 'local',
    name: 'rango-low-code-server',
    baseDir: '/Users/chenzhitao/Desktop/rango/rango-low-code/rango-low-code-server',
    subdomainOffset: 2,
    config: '<egg config>',
    controller: '<egg controller>',
    httpclient: '<egg httpclient>',
    loggers: '<egg loggers>',
    middlewares: '<egg middlewares>',
    router: '<egg router>',
    serviceClasses: '<egg serviceClasses>'
  },
  originalUrl: '/passport/github',
  req: '<original node req>',
  res: '<original node res>',
  socket: '<original node socket>'
}
2022-03-07 08:44:14,488 INFO 60010 [-/::1/-/0ms GET /passport/github/callback?code=59f2746e2e2d8cb0a3d3] ctx:  {
  request: {
    method: 'GET',
    url: '/passport/github/callback?code=59f2746e2e2d8cb0a3d3',
    header: {
      host: 'localhost:7001',
      connection: 'keep-alive',
      'upgrade-insecure-requests': '1',
      'user-agent': 'Mozilla/5.0 (Macintosh; Intel Mac OS X 10_15_7) AppleWebKit/537.36 (KHTML, like Gecko) Chrome/98.0.4758.109 Safari/537.36',
      accept: 'text/html,application/xhtml+xml,application/xml;q=0.9,image/avif,image/webp,image/apng,*/*;q=0.8,application/signed-exchange;v=b3;q=0.9',
      'sec-fetch-site': 'cross-site',
      'sec-fetch-mode': 'navigate',
      'sec-fetch-dest': 'document',
      'sec-ch-ua': '" Not A;Brand";v="99", "Chromium";v="98", "Google Chrome";v="98"',
      'sec-ch-ua-mobile': '?0',
      'sec-ch-ua-platform': '"macOS"',
      'accept-encoding': 'gzip, deflate, br',
      'accept-language': 'zh-CN,zh;q=0.9',
      cookie: 'csrfToken=FYrD83RwKPBdJGOLhBuFrb4F'
    }
  },
  response: {
    status: 404,
    message: 'Not Found',
    header: [Object: null prototype] {}
  },
  app: {
    env: 'local',
    name: 'rango-low-code-server',
    baseDir: '/Users/chenzhitao/Desktop/rango/rango-low-code/rango-low-code-server',
    subdomainOffset: 2,
    config: '<egg config>',
    controller: '<egg controller>',
    httpclient: '<egg httpclient>',
    loggers: '<egg loggers>',
    middlewares: '<egg middlewares>',
    router: '<egg router>',
    serviceClasses: '<egg serviceClasses>'
  },
  originalUrl: '/passport/github/callback?code=59f2746e2e2d8cb0a3d3',
  req: '<original node req>',
  res: '<original node res>',
  socket: '<original node socket>'
}
2022-03-07 08:44:14,492 INFO 60010 [-/::1/-/0ms GET /passport/github] ctx:  {
  request: {
    method: 'GET',
    url: '/passport/github',
    header: {
      host: 'localhost:7001',
      connection: 'keep-alive',
      'upgrade-insecure-requests': '1',
      'user-agent': 'Mozilla/5.0 (Macintosh; Intel Mac OS X 10_15_7) AppleWebKit/537.36 (KHTML, like Gecko) Chrome/98.0.4758.109 Safari/537.36',
      accept: 'text/html,application/xhtml+xml,application/xml;q=0.9,image/avif,image/webp,image/apng,*/*;q=0.8,application/signed-exchange;v=b3;q=0.9',
      'sec-fetch-site': 'cross-site',
      'sec-fetch-mode': 'navigate',
      'sec-fetch-dest': 'document',
      'sec-ch-ua': '" Not A;Brand";v="99", "Chromium";v="98", "Google Chrome";v="98"',
      'sec-ch-ua-mobile': '?0',
      'sec-ch-ua-platform': '"macOS"',
      'accept-encoding': 'gzip, deflate, br',
      'accept-language': 'zh-CN,zh;q=0.9',
      cookie: 'csrfToken=FYrD83RwKPBdJGOLhBuFrb4F'
    }
  },
  response: {
    status: 404,
    message: 'Not Found',
    header: [Object: null prototype] {}
  },
  app: {
    env: 'local',
    name: 'rango-low-code-server',
    baseDir: '/Users/chenzhitao/Desktop/rango/rango-low-code/rango-low-code-server',
    subdomainOffset: 2,
    config: '<egg config>',
    controller: '<egg controller>',
    httpclient: '<egg httpclient>',
    loggers: '<egg loggers>',
    middlewares: '<egg middlewares>',
    router: '<egg router>',
    serviceClasses: '<egg serviceClasses>'
  },
  originalUrl: '/passport/github',
  req: '<original node req>',
  res: '<original node res>',
  socket: '<original node socket>'
}
2022-03-07 08:44:14,947 INFO 60010 [-/::1/-/0ms GET /passport/github/callback?code=9790c29ee016fbd6586d] ctx:  {
  request: {
    method: 'GET',
    url: '/passport/github/callback?code=9790c29ee016fbd6586d',
    header: {
      host: 'localhost:7001',
      connection: 'keep-alive',
      'upgrade-insecure-requests': '1',
      'user-agent': 'Mozilla/5.0 (Macintosh; Intel Mac OS X 10_15_7) AppleWebKit/537.36 (KHTML, like Gecko) Chrome/98.0.4758.109 Safari/537.36',
      accept: 'text/html,application/xhtml+xml,application/xml;q=0.9,image/avif,image/webp,image/apng,*/*;q=0.8,application/signed-exchange;v=b3;q=0.9',
      'sec-fetch-site': 'cross-site',
      'sec-fetch-mode': 'navigate',
      'sec-fetch-dest': 'document',
      'sec-ch-ua': '" Not A;Brand";v="99", "Chromium";v="98", "Google Chrome";v="98"',
      'sec-ch-ua-mobile': '?0',
      'sec-ch-ua-platform': '"macOS"',
      'accept-encoding': 'gzip, deflate, br',
      'accept-language': 'zh-CN,zh;q=0.9',
      cookie: 'csrfToken=FYrD83RwKPBdJGOLhBuFrb4F'
    }
  },
  response: {
    status: 404,
    message: 'Not Found',
    header: [Object: null prototype] {}
  },
  app: {
    env: 'local',
    name: 'rango-low-code-server',
    baseDir: '/Users/chenzhitao/Desktop/rango/rango-low-code/rango-low-code-server',
    subdomainOffset: 2,
    config: '<egg config>',
    controller: '<egg controller>',
    httpclient: '<egg httpclient>',
    loggers: '<egg loggers>',
    middlewares: '<egg middlewares>',
    router: '<egg router>',
    serviceClasses: '<egg serviceClasses>'
  },
  originalUrl: '/passport/github/callback?code=9790c29ee016fbd6586d',
  req: '<original node req>',
  res: '<original node res>',
  socket: '<original node socket>'
}
2022-03-07 08:44:14,958 INFO 60010 [-/::1/-/0ms GET /passport/github] ctx:  {
  request: {
    method: 'GET',
    url: '/passport/github',
    header: {
      host: 'localhost:7001',
      connection: 'keep-alive',
      'upgrade-insecure-requests': '1',
      'user-agent': 'Mozilla/5.0 (Macintosh; Intel Mac OS X 10_15_7) AppleWebKit/537.36 (KHTML, like Gecko) Chrome/98.0.4758.109 Safari/537.36',
      accept: 'text/html,application/xhtml+xml,application/xml;q=0.9,image/avif,image/webp,image/apng,*/*;q=0.8,application/signed-exchange;v=b3;q=0.9',
      'sec-fetch-site': 'cross-site',
      'sec-fetch-mode': 'navigate',
      'sec-fetch-dest': 'document',
      'sec-ch-ua': '" Not A;Brand";v="99", "Chromium";v="98", "Google Chrome";v="98"',
      'sec-ch-ua-mobile': '?0',
      'sec-ch-ua-platform': '"macOS"',
      'accept-encoding': 'gzip, deflate, br',
      'accept-language': 'zh-CN,zh;q=0.9',
      cookie: 'csrfToken=FYrD83RwKPBdJGOLhBuFrb4F'
    }
  },
  response: {
    status: 404,
    message: 'Not Found',
    header: [Object: null prototype] {}
  },
  app: {
    env: 'local',
    name: 'rango-low-code-server',
    baseDir: '/Users/chenzhitao/Desktop/rango/rango-low-code/rango-low-code-server',
    subdomainOffset: 2,
    config: '<egg config>',
    controller: '<egg controller>',
    httpclient: '<egg httpclient>',
    loggers: '<egg loggers>',
    middlewares: '<egg middlewares>',
    router: '<egg router>',
    serviceClasses: '<egg serviceClasses>'
  },
  originalUrl: '/passport/github',
  req: '<original node req>',
  res: '<original node res>',
  socket: '<original node socket>'
}
2022-03-07 08:44:16,036 INFO 60010 [-/::1/-/0ms GET /passport/github] ctx:  {
  request: {
    method: 'GET',
    url: '/passport/github',
    header: {
      host: 'localhost:7001',
      connection: 'keep-alive',
      'cache-control': 'max-age=0',
      'sec-ch-ua': '" Not A;Brand";v="99", "Chromium";v="98", "Google Chrome";v="98"',
      'sec-ch-ua-mobile': '?0',
      'sec-ch-ua-platform': '"macOS"',
      'upgrade-insecure-requests': '1',
      'user-agent': 'Mozilla/5.0 (Macintosh; Intel Mac OS X 10_15_7) AppleWebKit/537.36 (KHTML, like Gecko) Chrome/98.0.4758.109 Safari/537.36',
      accept: 'text/html,application/xhtml+xml,application/xml;q=0.9,image/avif,image/webp,image/apng,*/*;q=0.8,application/signed-exchange;v=b3;q=0.9',
      'sec-fetch-site': 'cross-site',
      'sec-fetch-mode': 'navigate',
      'sec-fetch-dest': 'document',
      'accept-encoding': 'gzip, deflate, br',
      'accept-language': 'zh-CN,zh;q=0.9',
      cookie: 'csrfToken=FYrD83RwKPBdJGOLhBuFrb4F'
    }
  },
  response: {
    status: 404,
    message: 'Not Found',
    header: [Object: null prototype] {}
  },
  app: {
    env: 'local',
    name: 'rango-low-code-server',
    baseDir: '/Users/chenzhitao/Desktop/rango/rango-low-code/rango-low-code-server',
    subdomainOffset: 2,
    config: '<egg config>',
    controller: '<egg controller>',
    httpclient: '<egg httpclient>',
    loggers: '<egg loggers>',
    middlewares: '<egg middlewares>',
    router: '<egg router>',
    serviceClasses: '<egg serviceClasses>'
  },
  originalUrl: '/passport/github',
  req: '<original node req>',
  res: '<original node res>',
  socket: '<original node socket>'
}
2022-03-07 08:44:16,454 INFO 60010 [-/::1/-/0ms GET /passport/github/callback?code=88db3423cb0ae89b4a0b] ctx:  {
  request: {
    method: 'GET',
    url: '/passport/github/callback?code=88db3423cb0ae89b4a0b',
    header: {
      host: 'localhost:7001',
      connection: 'keep-alive',
      'cache-control': 'max-age=0',
      'upgrade-insecure-requests': '1',
      'user-agent': 'Mozilla/5.0 (Macintosh; Intel Mac OS X 10_15_7) AppleWebKit/537.36 (KHTML, like Gecko) Chrome/98.0.4758.109 Safari/537.36',
      accept: 'text/html,application/xhtml+xml,application/xml;q=0.9,image/avif,image/webp,image/apng,*/*;q=0.8,application/signed-exchange;v=b3;q=0.9',
      'sec-fetch-site': 'cross-site',
      'sec-fetch-mode': 'navigate',
      'sec-fetch-dest': 'document',
      'sec-ch-ua': '" Not A;Brand";v="99", "Chromium";v="98", "Google Chrome";v="98"',
      'sec-ch-ua-mobile': '?0',
      'sec-ch-ua-platform': '"macOS"',
      'accept-encoding': 'gzip, deflate, br',
      'accept-language': 'zh-CN,zh;q=0.9',
      cookie: 'csrfToken=FYrD83RwKPBdJGOLhBuFrb4F'
    }
  },
  response: {
    status: 404,
    message: 'Not Found',
    header: [Object: null prototype] {}
  },
  app: {
    env: 'local',
    name: 'rango-low-code-server',
    baseDir: '/Users/chenzhitao/Desktop/rango/rango-low-code/rango-low-code-server',
    subdomainOffset: 2,
    config: '<egg config>',
    controller: '<egg controller>',
    httpclient: '<egg httpclient>',
    loggers: '<egg loggers>',
    middlewares: '<egg middlewares>',
    router: '<egg router>',
    serviceClasses: '<egg serviceClasses>'
  },
  originalUrl: '/passport/github/callback?code=88db3423cb0ae89b4a0b',
  req: '<original node req>',
  res: '<original node res>',
  socket: '<original node socket>'
}
2022-03-07 08:44:16,457 INFO 60010 [-/::1/-/0ms GET /passport/github] ctx:  {
  request: {
    method: 'GET',
    url: '/passport/github',
    header: {
      host: 'localhost:7001',
      connection: 'keep-alive',
      'cache-control': 'max-age=0',
      'upgrade-insecure-requests': '1',
      'user-agent': 'Mozilla/5.0 (Macintosh; Intel Mac OS X 10_15_7) AppleWebKit/537.36 (KHTML, like Gecko) Chrome/98.0.4758.109 Safari/537.36',
      accept: 'text/html,application/xhtml+xml,application/xml;q=0.9,image/avif,image/webp,image/apng,*/*;q=0.8,application/signed-exchange;v=b3;q=0.9',
      'sec-fetch-site': 'cross-site',
      'sec-fetch-mode': 'navigate',
      'sec-fetch-dest': 'document',
      'sec-ch-ua': '" Not A;Brand";v="99", "Chromium";v="98", "Google Chrome";v="98"',
      'sec-ch-ua-mobile': '?0',
      'sec-ch-ua-platform': '"macOS"',
      'accept-encoding': 'gzip, deflate, br',
      'accept-language': 'zh-CN,zh;q=0.9',
      cookie: 'csrfToken=FYrD83RwKPBdJGOLhBuFrb4F'
    }
  },
  response: {
    status: 404,
    message: 'Not Found',
    header: [Object: null prototype] {}
  },
  app: {
    env: 'local',
    name: 'rango-low-code-server',
    baseDir: '/Users/chenzhitao/Desktop/rango/rango-low-code/rango-low-code-server',
    subdomainOffset: 2,
    config: '<egg config>',
    controller: '<egg controller>',
    httpclient: '<egg httpclient>',
    loggers: '<egg loggers>',
    middlewares: '<egg middlewares>',
    router: '<egg router>',
    serviceClasses: '<egg serviceClasses>'
  },
  originalUrl: '/passport/github',
  req: '<original node req>',
  res: '<original node res>',
  socket: '<original node socket>'
}
2022-03-07 08:44:16,927 INFO 60010 [-/::1/-/0ms GET /passport/github/callback?code=180dd7857339120d55d9] ctx:  {
  request: {
    method: 'GET',
    url: '/passport/github/callback?code=180dd7857339120d55d9',
    header: {
      host: 'localhost:7001',
      connection: 'keep-alive',
      'cache-control': 'max-age=0',
      'upgrade-insecure-requests': '1',
      'user-agent': 'Mozilla/5.0 (Macintosh; Intel Mac OS X 10_15_7) AppleWebKit/537.36 (KHTML, like Gecko) Chrome/98.0.4758.109 Safari/537.36',
      accept: 'text/html,application/xhtml+xml,application/xml;q=0.9,image/avif,image/webp,image/apng,*/*;q=0.8,application/signed-exchange;v=b3;q=0.9',
      'sec-fetch-site': 'cross-site',
      'sec-fetch-mode': 'navigate',
      'sec-fetch-dest': 'document',
      'sec-ch-ua': '" Not A;Brand";v="99", "Chromium";v="98", "Google Chrome";v="98"',
      'sec-ch-ua-mobile': '?0',
      'sec-ch-ua-platform': '"macOS"',
      'accept-encoding': 'gzip, deflate, br',
      'accept-language': 'zh-CN,zh;q=0.9',
      cookie: 'csrfToken=FYrD83RwKPBdJGOLhBuFrb4F'
    }
  },
  response: {
    status: 404,
    message: 'Not Found',
    header: [Object: null prototype] {}
  },
  app: {
    env: 'local',
    name: 'rango-low-code-server',
    baseDir: '/Users/chenzhitao/Desktop/rango/rango-low-code/rango-low-code-server',
    subdomainOffset: 2,
    config: '<egg config>',
    controller: '<egg controller>',
    httpclient: '<egg httpclient>',
    loggers: '<egg loggers>',
    middlewares: '<egg middlewares>',
    router: '<egg router>',
    serviceClasses: '<egg serviceClasses>'
  },
  originalUrl: '/passport/github/callback?code=180dd7857339120d55d9',
  req: '<original node req>',
  res: '<original node res>',
  socket: '<original node socket>'
}
2022-03-07 08:44:16,931 INFO 60010 [-/::1/-/0ms GET /passport/github] ctx:  {
  request: {
    method: 'GET',
    url: '/passport/github',
    header: {
      host: 'localhost:7001',
      connection: 'keep-alive',
      'cache-control': 'max-age=0',
      'upgrade-insecure-requests': '1',
      'user-agent': 'Mozilla/5.0 (Macintosh; Intel Mac OS X 10_15_7) AppleWebKit/537.36 (KHTML, like Gecko) Chrome/98.0.4758.109 Safari/537.36',
      accept: 'text/html,application/xhtml+xml,application/xml;q=0.9,image/avif,image/webp,image/apng,*/*;q=0.8,application/signed-exchange;v=b3;q=0.9',
      'sec-fetch-site': 'cross-site',
      'sec-fetch-mode': 'navigate',
      'sec-fetch-dest': 'document',
      'sec-ch-ua': '" Not A;Brand";v="99", "Chromium";v="98", "Google Chrome";v="98"',
      'sec-ch-ua-mobile': '?0',
      'sec-ch-ua-platform': '"macOS"',
      'accept-encoding': 'gzip, deflate, br',
      'accept-language': 'zh-CN,zh;q=0.9',
      cookie: 'csrfToken=FYrD83RwKPBdJGOLhBuFrb4F'
    }
  },
  response: {
    status: 404,
    message: 'Not Found',
    header: [Object: null prototype] {}
  },
  app: {
    env: 'local',
    name: 'rango-low-code-server',
    baseDir: '/Users/chenzhitao/Desktop/rango/rango-low-code/rango-low-code-server',
    subdomainOffset: 2,
    config: '<egg config>',
    controller: '<egg controller>',
    httpclient: '<egg httpclient>',
    loggers: '<egg loggers>',
    middlewares: '<egg middlewares>',
    router: '<egg router>',
    serviceClasses: '<egg serviceClasses>'
  },
  originalUrl: '/passport/github',
  req: '<original node req>',
  res: '<original node res>',
  socket: '<original node socket>'
}
2022-03-07 08:44:17,431 INFO 60010 [-/::1/-/1ms GET /passport/github/callback?code=fc81cf1fbfa7307df9da] ctx:  {
  request: {
    method: 'GET',
    url: '/passport/github/callback?code=fc81cf1fbfa7307df9da',
    header: {
      host: 'localhost:7001',
      connection: 'keep-alive',
      'cache-control': 'max-age=0',
      'upgrade-insecure-requests': '1',
      'user-agent': 'Mozilla/5.0 (Macintosh; Intel Mac OS X 10_15_7) AppleWebKit/537.36 (KHTML, like Gecko) Chrome/98.0.4758.109 Safari/537.36',
      accept: 'text/html,application/xhtml+xml,application/xml;q=0.9,image/avif,image/webp,image/apng,*/*;q=0.8,application/signed-exchange;v=b3;q=0.9',
      'sec-fetch-site': 'cross-site',
      'sec-fetch-mode': 'navigate',
      'sec-fetch-dest': 'document',
      'sec-ch-ua': '" Not A;Brand";v="99", "Chromium";v="98", "Google Chrome";v="98"',
      'sec-ch-ua-mobile': '?0',
      'sec-ch-ua-platform': '"macOS"',
      'accept-encoding': 'gzip, deflate, br',
      'accept-language': 'zh-CN,zh;q=0.9',
      cookie: 'csrfToken=FYrD83RwKPBdJGOLhBuFrb4F'
    }
  },
  response: {
    status: 404,
    message: 'Not Found',
    header: [Object: null prototype] {}
  },
  app: {
    env: 'local',
    name: 'rango-low-code-server',
    baseDir: '/Users/chenzhitao/Desktop/rango/rango-low-code/rango-low-code-server',
    subdomainOffset: 2,
    config: '<egg config>',
    controller: '<egg controller>',
    httpclient: '<egg httpclient>',
    loggers: '<egg loggers>',
    middlewares: '<egg middlewares>',
    router: '<egg router>',
    serviceClasses: '<egg serviceClasses>'
  },
  originalUrl: '/passport/github/callback?code=fc81cf1fbfa7307df9da',
  req: '<original node req>',
  res: '<original node res>',
  socket: '<original node socket>'
}
2022-03-07 08:44:17,434 INFO 60010 [-/::1/-/1ms GET /passport/github] ctx:  {
  request: {
    method: 'GET',
    url: '/passport/github',
    header: {
      host: 'localhost:7001',
      connection: 'keep-alive',
      'cache-control': 'max-age=0',
      'upgrade-insecure-requests': '1',
      'user-agent': 'Mozilla/5.0 (Macintosh; Intel Mac OS X 10_15_7) AppleWebKit/537.36 (KHTML, like Gecko) Chrome/98.0.4758.109 Safari/537.36',
      accept: 'text/html,application/xhtml+xml,application/xml;q=0.9,image/avif,image/webp,image/apng,*/*;q=0.8,application/signed-exchange;v=b3;q=0.9',
      'sec-fetch-site': 'cross-site',
      'sec-fetch-mode': 'navigate',
      'sec-fetch-dest': 'document',
      'sec-ch-ua': '" Not A;Brand";v="99", "Chromium";v="98", "Google Chrome";v="98"',
      'sec-ch-ua-mobile': '?0',
      'sec-ch-ua-platform': '"macOS"',
      'accept-encoding': 'gzip, deflate, br',
      'accept-language': 'zh-CN,zh;q=0.9',
      cookie: 'csrfToken=FYrD83RwKPBdJGOLhBuFrb4F'
    }
  },
  response: {
    status: 404,
    message: 'Not Found',
    header: [Object: null prototype] {}
  },
  app: {
    env: 'local',
    name: 'rango-low-code-server',
    baseDir: '/Users/chenzhitao/Desktop/rango/rango-low-code/rango-low-code-server',
    subdomainOffset: 2,
    config: '<egg config>',
    controller: '<egg controller>',
    httpclient: '<egg httpclient>',
    loggers: '<egg loggers>',
    middlewares: '<egg middlewares>',
    router: '<egg router>',
    serviceClasses: '<egg serviceClasses>'
  },
  originalUrl: '/passport/github',
  req: '<original node req>',
  res: '<original node res>',
  socket: '<original node socket>'
}
2022-03-07 08:45:35,983 INFO 60101 [egg-sequelize](1ms) Executed (default): SELECT 1+1 AS result
2022-03-07 08:47:45,584 INFO 60207 [egg-sequelize](1ms) Executed (default): SELECT 1+1 AS result
2022-03-07 08:52:00,119 INFO 60424 [egg-sequelize](1ms) Executed (default): SELECT 1+1 AS result
2022-03-07 08:52:39,008 ERROR 60424 [-/::1/-/2ms GET /passport/github] nodejs.TypeError: Cannot read properties of undefined (reading 'ContextCookies')
    at Object.get cookies [as cookies] (/Users/chenzhitao/Desktop/rango/rango-low-code/rango-low-code-server/node_modules/egg/app/extend/context.js:23:36)
    at ContextSession.initFromCookie (/Users/chenzhitao/Desktop/rango/rango-low-code/rango-low-code-server/node_modules/koa-session/lib/context.js:112:24)
    at ContextSession.get (/Users/chenzhitao/Desktop/rango/rango-low-code/rango-low-code-server/node_modules/koa-session/lib/context.js:38:39)
    at Object.get (/Users/chenzhitao/Desktop/rango/rango-low-code/rango-low-code-server/node_modules/koa-session/index.js:138:38)
    at passportInitialize (/Users/chenzhitao/Desktop/rango/rango-low-code/rango-low-code-server/node_modules/egg-passport/lib/framework.js:27:23)
    at dispatch (/Users/chenzhitao/Desktop/rango/rango-low-code/rango-low-code-server/node_modules/koa/node_modules/koa-compose/index.js:47:32)
    at /Users/chenzhitao/Desktop/rango/rango-low-code/rango-low-code-server/node_modules/egg-development/app/middleware/egg_loader_trace.js:9:56
    at dispatch (/Users/chenzhitao/Desktop/rango/rango-low-code/rango-low-code-server/node_modules/koa/node_modules/koa-compose/index.js:47:32)
    at i18n (/Users/chenzhitao/Desktop/rango/rango-low-code/rango-low-code-server/node_modules/egg-i18n/app/middleware/i18n.js:13:12)
    at dispatch (/Users/chenzhitao/Desktop/rango/rango-low-code/rango-low-code-server/node_modules/koa/node_modules/koa-compose/index.js:47:32)

pid: 60424
hostname: C02D45U7MD6T

2022-03-07 08:53:52,757 INFO 60534 [egg-sequelize](1ms) Executed (default): SELECT 1+1 AS result
2022-03-07 08:54:41,487 ERROR 60534 [-/::1/-/2ms GET /passport/github] nodejs.TypeError: Cannot read properties of undefined (reading 'ContextCookies')
    at Object.get cookies [as cookies] (/Users/chenzhitao/Desktop/rango/rango-low-code/rango-low-code-server/node_modules/egg/app/extend/context.js:23:36)
    at ContextSession.initFromCookie (/Users/chenzhitao/Desktop/rango/rango-low-code/rango-low-code-server/node_modules/koa-session/lib/context.js:112:24)
    at ContextSession.get (/Users/chenzhitao/Desktop/rango/rango-low-code/rango-low-code-server/node_modules/koa-session/lib/context.js:38:39)
    at Object.get (/Users/chenzhitao/Desktop/rango/rango-low-code/rango-low-code-server/node_modules/koa-session/index.js:138:38)
    at passportInitialize (/Users/chenzhitao/Desktop/rango/rango-low-code/rango-low-code-server/node_modules/egg-passport/lib/framework.js:27:23)
    at dispatch (/Users/chenzhitao/Desktop/rango/rango-low-code/rango-low-code-server/node_modules/koa/node_modules/koa-compose/index.js:47:32)
    at /Users/chenzhitao/Desktop/rango/rango-low-code/rango-low-code-server/node_modules/egg-development/app/middleware/egg_loader_trace.js:9:56
    at dispatch (/Users/chenzhitao/Desktop/rango/rango-low-code/rango-low-code-server/node_modules/koa/node_modules/koa-compose/index.js:47:32)
    at i18n (/Users/chenzhitao/Desktop/rango/rango-low-code/rango-low-code-server/node_modules/egg-i18n/app/middleware/i18n.js:13:12)
    at dispatch (/Users/chenzhitao/Desktop/rango/rango-low-code/rango-low-code-server/node_modules/koa/node_modules/koa-compose/index.js:47:32)

pid: 60534
hostname: C02D45U7MD6T

2022-03-07 08:55:07,074 ERROR 60534 [-/::1/-/25589ms GET /passport/github] nodejs.TypeError: Cannot read properties of undefined (reading 'ContextCookies')
    at Object.get cookies [as cookies] (/Users/chenzhitao/Desktop/rango/rango-low-code/rango-low-code-server/node_modules/egg/app/extend/context.js:23:36)
    at ContextSession.initFromCookie (/Users/chenzhitao/Desktop/rango/rango-low-code/rango-low-code-server/node_modules/koa-session/lib/context.js:112:24)
    at ContextSession.get (/Users/chenzhitao/Desktop/rango/rango-low-code/rango-low-code-server/node_modules/koa-session/lib/context.js:38:39)
    at Object.get (/Users/chenzhitao/Desktop/rango/rango-low-code/rango-low-code-server/node_modules/koa-session/index.js:138:38)
    at passportInitialize (/Users/chenzhitao/Desktop/rango/rango-low-code/rango-low-code-server/node_modules/egg-passport/lib/framework.js:27:23)
    at dispatch (/Users/chenzhitao/Desktop/rango/rango-low-code/rango-low-code-server/node_modules/koa/node_modules/koa-compose/index.js:47:32)
    at /Users/chenzhitao/Desktop/rango/rango-low-code/rango-low-code-server/node_modules/egg-development/app/middleware/egg_loader_trace.js:9:56
    at dispatch (/Users/chenzhitao/Desktop/rango/rango-low-code/rango-low-code-server/node_modules/koa/node_modules/koa-compose/index.js:47:32)
    at i18n (/Users/chenzhitao/Desktop/rango/rango-low-code/rango-low-code-server/node_modules/egg-i18n/app/middleware/i18n.js:13:12)
    at dispatch (/Users/chenzhitao/Desktop/rango/rango-low-code/rango-low-code-server/node_modules/koa/node_modules/koa-compose/index.js:47:32)

pid: 60534
hostname: C02D45U7MD6T

2022-03-07 09:04:52,195 INFO 60794 [egg-sequelize](1ms) Executed (default): SELECT 1+1 AS result
2022-03-07 09:05:22,321 ERROR 60794 [-/::1/-/2ms GET /passport/github/callback?code=497e1e01fc6c4fe4837a] nodejs.TypeError: Cannot read properties of undefined (reading 'ContextCookies')
    at Object.get cookies [as cookies] (/Users/chenzhitao/Desktop/rango/rango-low-code/rango-low-code-server/node_modules/egg/app/extend/context.js:23:36)
    at ContextSession.initFromCookie (/Users/chenzhitao/Desktop/rango/rango-low-code/rango-low-code-server/node_modules/koa-session/lib/context.js:112:24)
    at ContextSession.get (/Users/chenzhitao/Desktop/rango/rango-low-code/rango-low-code-server/node_modules/koa-session/lib/context.js:38:39)
    at Object.get (/Users/chenzhitao/Desktop/rango/rango-low-code/rango-low-code-server/node_modules/koa-session/index.js:138:38)
    at passportInitialize (/Users/chenzhitao/Desktop/rango/rango-low-code/rango-low-code-server/node_modules/egg-passport/lib/framework.js:27:23)
    at dispatch (/Users/chenzhitao/Desktop/rango/rango-low-code/rango-low-code-server/node_modules/koa/node_modules/koa-compose/index.js:47:32)
    at /Users/chenzhitao/Desktop/rango/rango-low-code/rango-low-code-server/node_modules/egg-development/app/middleware/egg_loader_trace.js:9:56
    at dispatch (/Users/chenzhitao/Desktop/rango/rango-low-code/rango-low-code-server/node_modules/koa/node_modules/koa-compose/index.js:47:32)
    at i18n (/Users/chenzhitao/Desktop/rango/rango-low-code/rango-low-code-server/node_modules/egg-i18n/app/middleware/i18n.js:13:12)
    at dispatch (/Users/chenzhitao/Desktop/rango/rango-low-code/rango-low-code-server/node_modules/koa/node_modules/koa-compose/index.js:47:32)

pid: 60794
hostname: C02D45U7MD6T

2022-03-07 09:09:53,638 INFO 60964 [egg-sequelize](1ms) Executed (default): SELECT 1+1 AS result
2022-03-07 09:09:53,639 INFO 60963 [egg-sequelize](2ms) Executed (default): SELECT 1+1 AS result
2022-03-07 09:09:53,621 INFO 60970 [egg-sequelize](1ms) Executed (default): SELECT 1+1 AS result
2022-03-07 09:09:53,621 INFO 60962 [egg-sequelize](1ms) Executed (default): SELECT 1+1 AS result
2022-03-07 09:09:53,638 INFO 60967 [egg-sequelize](1ms) Executed (default): SELECT 1+1 AS result
2022-03-07 09:09:53,631 INFO 60965 [egg-sequelize](1ms) Executed (default): SELECT 1+1 AS result
2022-03-07 09:09:53,632 INFO 60966 [egg-sequelize](2ms) Executed (default): SELECT 1+1 AS result
2022-03-07 09:09:53,637 INFO 60968 [egg-sequelize](1ms) Executed (default): SELECT 1+1 AS result
2022-03-07 09:09:53,634 INFO 60974 [egg-sequelize](1ms) Executed (default): SELECT 1+1 AS result
2022-03-07 09:09:53,596 INFO 60969 [egg-sequelize](2ms) Executed (default): SELECT 1+1 AS result
2022-03-07 09:09:53,659 INFO 60971 [egg-sequelize](1ms) Executed (default): SELECT 1+1 AS result
2022-03-07 09:09:53,638 INFO 60975 [egg-sequelize](1ms) Executed (default): SELECT 1+1 AS result
2022-03-07 09:09:53,648 INFO 60977 [egg-sequelize](5ms) Executed (default): SELECT 1+1 AS result
2022-03-07 09:09:53,657 INFO 60972 [egg-sequelize](1ms) Executed (default): SELECT 1+1 AS result
2022-03-07 09:09:53,654 INFO 60973 [egg-sequelize](1ms) Executed (default): SELECT 1+1 AS result
2022-03-07 09:09:53,654 INFO 60976 [egg-sequelize](1ms) Executed (default): SELECT 1+1 AS result
2022-03-07 09:10:51,136 INFO 61106 [egg-sequelize](1ms) Executed (default): SELECT 1+1 AS result
2022-03-07 09:11:29,793 ERROR 61106 [-/::1/-/2ms GET /passport/github/callback?code=ea464ae9b0be8885c0bf] nodejs.TypeError: Cannot read properties of undefined (reading 'ContextCookies')
    at Object.get cookies [as cookies] (/Users/chenzhitao/Desktop/rango/rango-low-code/rango-low-code-server/node_modules/egg/app/extend/context.js:23:36)
    at ContextSession.initFromCookie (/Users/chenzhitao/Desktop/rango/rango-low-code/rango-low-code-server/node_modules/koa-session/lib/context.js:112:24)
    at ContextSession.get (/Users/chenzhitao/Desktop/rango/rango-low-code/rango-low-code-server/node_modules/koa-session/lib/context.js:38:39)
    at Object.get (/Users/chenzhitao/Desktop/rango/rango-low-code/rango-low-code-server/node_modules/koa-session/index.js:138:38)
    at passportInitialize (/Users/chenzhitao/Desktop/rango/rango-low-code/rango-low-code-server/node_modules/egg-passport/lib/framework.js:27:23)
    at dispatch (/Users/chenzhitao/Desktop/rango/rango-low-code/rango-low-code-server/node_modules/koa/node_modules/koa-compose/index.js:47:32)
    at /Users/chenzhitao/Desktop/rango/rango-low-code/rango-low-code-server/node_modules/egg-development/app/middleware/egg_loader_trace.js:9:56
    at dispatch (/Users/chenzhitao/Desktop/rango/rango-low-code/rango-low-code-server/node_modules/koa/node_modules/koa-compose/index.js:47:32)
    at i18n (/Users/chenzhitao/Desktop/rango/rango-low-code/rango-low-code-server/node_modules/egg-i18n/app/middleware/i18n.js:13:12)
    at dispatch (/Users/chenzhitao/Desktop/rango/rango-low-code/rango-low-code-server/node_modules/koa/node_modules/koa-compose/index.js:47:32)

pid: 61106
hostname: C02D45U7MD6T

2022-03-07 09:12:13,679 INFO 61254 [egg-sequelize](1ms) Executed (default): SELECT 1+1 AS result
2022-03-07 09:13:26,219 INFO 61335 [egg-sequelize](1ms) Executed (default): SELECT 1+1 AS result
2022-03-07 09:13:30,392 INFO 61355 [egg-sequelize](1ms) Executed (default): SELECT 1+1 AS result
2022-03-07 09:14:28,889 INFO 61392 [egg-sequelize](1ms) Executed (default): SELECT 1+1 AS result
2022-03-07 09:23:39,792 INFO 61550 [egg-sequelize](1ms) Executed (default): SELECT 1+1 AS result
2022-03-07 09:24:00,141 INFO 61627 [egg-sequelize](1ms) Executed (default): SELECT 1+1 AS result
2022-03-07 14:25:20,976 INFO 65963 [egg-sequelize](1ms) Executed (default): SELECT 1+1 AS result
2022-03-07 14:26:20,824 INFO 65987 [egg-sequelize](1ms) Executed (default): SELECT 1+1 AS result
2022-03-07 14:30:35,772 INFO 66150 [egg-sequelize](1ms) Executed (default): SELECT 1+1 AS result
2022-03-07 14:31:58,201 INFO 66286 [egg-sequelize](1ms) Executed (default): SELECT 1+1 AS result
2022-03-07 14:34:43,092 INFO 66473 [egg-sequelize](1ms) Executed (default): SELECT 1+1 AS result
2022-03-07 14:35:09,152 INFO 66500 [egg-sequelize](1ms) Executed (default): SELECT 1+1 AS result
2022-03-07 14:36:50,139 INFO 66597 [egg-sequelize](2ms) Executed (default): SELECT 1+1 AS result
2022-03-07 14:36:50,130 INFO 66595 [egg-sequelize](2ms) Executed (default): SELECT 1+1 AS result
2022-03-07 14:36:50,132 INFO 66602 [egg-sequelize](2ms) Executed (default): SELECT 1+1 AS result
2022-03-07 14:36:50,146 INFO 66603 [egg-sequelize](2ms) Executed (default): SELECT 1+1 AS result
2022-03-07 14:36:50,145 INFO 66600 [egg-sequelize](2ms) Executed (default): SELECT 1+1 AS result
2022-03-07 14:36:50,129 INFO 66596 [egg-sequelize](1ms) Executed (default): SELECT 1+1 AS result
2022-03-07 14:36:50,134 INFO 66598 [egg-sequelize](1ms) Executed (default): SELECT 1+1 AS result
2022-03-07 14:36:50,132 INFO 66601 [egg-sequelize](1ms) Executed (default): SELECT 1+1 AS result
2022-03-07 14:36:50,150 INFO 66599 [egg-sequelize](1ms) Executed (default): SELECT 1+1 AS result
2022-03-07 14:36:50,177 INFO 66604 [egg-sequelize](0ms) Executed (default): SELECT 1+1 AS result
2022-03-07 14:36:50,167 INFO 66605 [egg-sequelize](0ms) Executed (default): SELECT 1+1 AS result
2022-03-07 14:36:50,173 INFO 66606 [egg-sequelize](1ms) Executed (default): SELECT 1+1 AS result
2022-03-07 14:36:50,182 INFO 66607 [egg-sequelize](1ms) Executed (default): SELECT 1+1 AS result
2022-03-07 14:36:50,179 INFO 66608 [egg-sequelize](1ms) Executed (default): SELECT 1+1 AS result
2022-03-07 14:36:50,192 INFO 66609 [egg-sequelize](1ms) Executed (default): SELECT 1+1 AS result
2022-03-07 14:36:50,211 INFO 66610 [egg-sequelize](1ms) Executed (default): SELECT 1+1 AS result
